2023-08-03 06:36:27,565 [INFO] Activator:176 - 


2023-08-03 06:36:27,568 [INFO] Activator:177 - !SESSION log4j initialized
2023-08-03 06:36:30,066 [INFO] LogOutputStream:77 - [STDOUT_REDIRECT] 
2023-08-03 06:36:32,103 [INFO] ApplicationProperties:184 - Using Application install path: C:\ST\STM32CubeIDE_1.11.2\STM32CubeIDE\plugins\com.st.stm32cube.common.mx_6.9.0.202307051724
2023-08-03 06:36:32,125 [INFO] DbMcusXml:78 - Set database path to: C:\ST\STM32CubeIDE_1.11.2\STM32CubeIDE\plugins\com.st.stm32cube.common.mx_6.9.0.202307051724\\db\/mcu/
2023-08-03 06:36:32,126 [INFO] ApiDb:274 - Set plugin database path to: C:\ST\STM32CubeIDE_1.11.2\STM32CubeIDE\plugins\com.st.stm32cube.common.mx_6.9.0.202307051724\\db\/plugins/boardmanager/
2023-08-03 06:36:32,126 [WARN] ApiDb:259 - Overriding images path with different value:  => C:\ST\STM32CubeIDE_1.11.2\STM32CubeIDE\plugins\com.st.stm32cube.common.mx_6.9.0.202307051724\\db\/plugins/mcufinder/images/
2023-08-03 06:36:32,137 [INFO] ApiDb:250 - Set database path to: C:\Users\BurakKAYAALP\.stmcufinder\plugins\mcufinder//mcu/
2023-08-03 06:36:32,140 [INFO] DbMcusAds:125 - Set database path to: C:\Users\BurakKAYAALP\.stmcufinder\plugins\mcufinder//mcu/
2023-08-03 06:36:32,142 [INFO] CrossReferenceDbSqlite:203 - Set database path to: C:\Users\BurakKAYAALP\.stmcufinder\plugins\mcufinder//mcu/cs/
2023-08-03 06:36:32,268 [INFO] RulesReader:64 - Compatibility file has been processed (293 Rules)
2023-08-03 06:36:32,348 [INFO] DbMcusXml:78 - Set database path to: C:\ST\STM32CubeIDE_1.11.2\STM32CubeIDE\plugins\com.st.stm32cube.common.mx_6.9.0.202307051724\\db\/mcu/
2023-08-03 06:36:32,349 [INFO] ApiDb:274 - Set plugin database path to: C:\ST\STM32CubeIDE_1.11.2\STM32CubeIDE\plugins\com.st.stm32cube.common.mx_6.9.0.202307051724\\db\/plugins/boardmanager/
2023-08-03 06:36:32,349 [INFO] ApiDb:261 - Set plugin images path to: C:\ST\STM32CubeIDE_1.11.2\STM32CubeIDE\plugins\com.st.stm32cube.common.mx_6.9.0.202307051724\\db\/plugins/mcufinder/images/
2023-08-03 06:36:32,349 [WARN] DbFile:41 - Overriding database path with different value: C:\Users\BurakKAYAALP\.stmcufinder\plugins\mcufinder/ => C:\Users\BurakKAYAALP\.stmcufinder\plugins\mcufinder
2023-08-03 06:36:32,349 [INFO] ApiDb:250 - Set database path to: C:\Users\BurakKAYAALP\.stmcufinder\plugins\mcufinder//mcu/
2023-08-03 06:36:32,349 [WARN] DbFile:41 - Overriding database path with different value: C:\Users\BurakKAYAALP\.stmcufinder\plugins\mcufinder/ => C:\Users\BurakKAYAALP\.stmcufinder\plugins\mcufinder
2023-08-03 06:36:32,349 [INFO] DbMcusAds:125 - Set database path to: C:\Users\BurakKAYAALP\.stmcufinder\plugins\mcufinder//mcu/
2023-08-03 06:36:32,349 [WARN] DbFile:41 - Overriding database path with different value: C:\Users\BurakKAYAALP\.stmcufinder\plugins\mcufinder/ => C:\Users\BurakKAYAALP\.stmcufinder\plugins\mcufinder
2023-08-03 06:36:32,349 [WARN] DbFile:41 - Overriding database path with different value: C:\Users\BurakKAYAALP\.stmcufinder\plugins\mcufinder/ => C:\Users\BurakKAYAALP\.stmcufinder\plugins\mcufinder
2023-08-03 06:36:32,349 [INFO] CrossReferenceDbSqlite:203 - Set database path to: C:\Users\BurakKAYAALP\.stmcufinder\plugins\mcufinder//mcu/cs/
2023-08-03 06:36:32,422 [INFO] MainPanel:262 - HeapMemory: 268435456
2023-08-03 06:36:32,491 [INFO] DbMcusXml:78 - Set database path to: C:\ST\STM32CubeIDE_1.11.2\STM32CubeIDE\plugins\com.st.stm32cube.common.mx_6.9.0.202307051724\\db\/mcu/
2023-08-03 06:36:32,491 [INFO] ApiDb:274 - Set plugin database path to: C:\ST\STM32CubeIDE_1.11.2\STM32CubeIDE\plugins\com.st.stm32cube.common.mx_6.9.0.202307051724\\db\/plugins/boardmanager/
2023-08-03 06:36:32,491 [INFO] ApiDb:261 - Set plugin images path to: C:\ST\STM32CubeIDE_1.11.2\STM32CubeIDE\plugins\com.st.stm32cube.common.mx_6.9.0.202307051724\\db\/plugins/mcufinder/images/
2023-08-03 06:36:32,492 [WARN] DbFile:41 - Overriding database path with different value: C:\Users\BurakKAYAALP\.stmcufinder\plugins\mcufinder/ => C:\Users\BurakKAYAALP\.stmcufinder\plugins\mcufinder
2023-08-03 06:36:32,492 [INFO] ApiDb:250 - Set database path to: C:\Users\BurakKAYAALP\.stmcufinder\plugins\mcufinder//mcu/
2023-08-03 06:36:32,492 [WARN] DbFile:41 - Overriding database path with different value: C:\Users\BurakKAYAALP\.stmcufinder\plugins\mcufinder/ => C:\Users\BurakKAYAALP\.stmcufinder\plugins\mcufinder
2023-08-03 06:36:32,492 [INFO] DbMcusAds:125 - Set database path to: C:\Users\BurakKAYAALP\.stmcufinder\plugins\mcufinder//mcu/
2023-08-03 06:36:32,492 [WARN] DbFile:41 - Overriding database path with different value: C:\Users\BurakKAYAALP\.stmcufinder\plugins\mcufinder/ => C:\Users\BurakKAYAALP\.stmcufinder\plugins\mcufinder
2023-08-03 06:36:32,492 [WARN] DbFile:41 - Overriding database path with different value: C:\Users\BurakKAYAALP\.stmcufinder\plugins\mcufinder/ => C:\Users\BurakKAYAALP\.stmcufinder\plugins\mcufinder
2023-08-03 06:36:32,492 [INFO] CrossReferenceDbSqlite:203 - Set database path to: C:\Users\BurakKAYAALP\.stmcufinder\plugins\mcufinder//mcu/cs/
2023-08-03 06:36:32,511 [INFO] ApplicationProperties:184 - Using Application install path: C:\ST\STM32CubeIDE_1.11.2\STM32CubeIDE\plugins\com.st.stm32cube.common.mx_6.9.0.202307051724
2023-08-03 06:36:32,512 [INFO] PluginManage:196 - Search for loadable plugins [exclusion list=, ]
2023-08-03 06:36:32,514 [INFO] PluginManage:310 - Check plugin analytics
2023-08-03 06:36:32,715 [INFO] AnalyticsPlugin:253 - Accepted Software Licenses: 
2023-08-03 06:36:32,716 [INFO] AnalyticsPlugin:255 - Accepted CMSIS Pack Licenses: STMicroelectronics.X-CUBE-MEMS1.9.6.0
2023-08-03 06:36:32,716 [INFO] AnalyticsPlugin:257 - Accepted Firmware Licenses: FW.F4.1.27.0,FW.G4.1.5.0,FW.F7.1.17.0,FW.WL.1.3.0
2023-08-03 06:36:32,719 [INFO] PluginManage:359 - Loaded plugin analytics (category:tool,tabindex:-1)
2023-08-03 06:36:32,719 [INFO] PluginManage:310 - Check plugin cadmodel
2023-08-03 06:36:32,726 [INFO] CADModel:105 - Init CAD model plugin
2023-08-03 06:36:32,726 [INFO] PluginManage:359 - Loaded plugin cadmodel (category:power,tabindex:5)
2023-08-03 06:36:32,726 [INFO] PluginManage:310 - Check plugin clock
2023-08-03 06:36:32,737 [INFO] PluginManage:359 - Loaded plugin clock (category:base,tabindex:2)
2023-08-03 06:36:32,737 [INFO] PluginManage:310 - Check plugin ddr
2023-08-03 06:36:32,739 [INFO] PluginManage:359 - Loaded plugin ddr (category:tool,tabindex:6)
2023-08-03 06:36:32,739 [INFO] PluginManage:310 - Check plugin filemanager
2023-08-03 06:36:32,897 [INFO] PluginManage:359 - Loaded plugin filemanager (category:base,tabindex:10)
2023-08-03 06:36:32,897 [INFO] PluginManage:310 - Check plugin ipmanager
2023-08-03 06:36:32,905 [INFO] PluginManage:359 - Loaded plugin ipmanager (category:base,tabindex:5)
2023-08-03 06:36:32,905 [INFO] PluginManage:310 - Check plugin lpbam
2023-08-03 06:36:32,915 [INFO] PluginManage:359 - Loaded plugin lpbam (category:base,tabindex:0)
2023-08-03 06:36:32,915 [INFO] PluginManage:310 - Check plugin memorymap
2023-08-03 06:36:32,929 [INFO] PluginManage:359 - Loaded plugin memorymap (category:base,tabindex:4)
2023-08-03 06:36:32,929 [INFO] PluginManage:310 - Check plugin pinoutandconfiguration
2023-08-03 06:36:32,939 [INFO] PluginManage:359 - Loaded plugin pinoutandconfiguration (category:base,tabindex:1)
2023-08-03 06:36:32,939 [INFO] PluginManage:310 - Check plugin pinoutconfig
2023-08-03 06:36:33,093 [WARN] SupportedApi:132 - Cannot load RTOS API schema: s4s-elt-must-match.1: The content of 'definitions' must match (annotation?, (simpleType | complexType)?, (unique | key | keyref)*)). A problem was found starting at: attribute.
2023-08-03 06:36:33,260 [INFO] PluginManage:359 - Loaded plugin pinoutconfig (category:base,tabindex:0)
2023-08-03 06:36:33,261 [INFO] PluginManage:310 - Check plugin power
2023-08-03 06:36:33,272 [INFO] PluginManage:359 - Loaded plugin power (category:power,tabindex:4)
2023-08-03 06:36:33,273 [INFO] PluginManage:310 - Check plugin projectmanager
2023-08-03 06:36:33,291 [INFO] PluginManage:359 - Loaded plugin projectmanager (category:projectmanager,tabindex:3)
2023-08-03 06:36:33,292 [INFO] PluginManage:310 - Check plugin thirdparty
2023-08-03 06:36:33,438 [INFO] PluginManage:359 - Loaded plugin thirdparty (category:base,tabindex:-1)
2023-08-03 06:36:33,438 [INFO] PluginManage:310 - Check plugin tools
2023-08-03 06:36:33,438 [WARN] IntegrityCheckThread:84 - waiting for thirdparty lock release [integrity check]
2023-08-03 06:36:33,438 [INFO] IntegrityCheckThread:86 - entering critical section [integrity check]
2023-08-03 06:36:33,439 [INFO] ThirdPartyUpdaterWithRetryManager:70 - Updater plugin not ready yet. [1/15]
2023-08-03 06:36:33,441 [INFO] PluginManage:359 - Loaded plugin tools (category:base,tabindex:7)
2023-08-03 06:36:33,441 [INFO] PluginManage:310 - Check plugin tutovideos
2023-08-03 06:36:33,621 [INFO] PluginManage:359 - Loaded plugin tutovideos (category:base,tabindex:-1)
2023-08-03 06:36:33,621 [INFO] PluginManage:310 - Check plugin updater
2023-08-03 06:36:33,632 [INFO] PluginManage:359 - Loaded plugin updater (category:base,tabindex:12)
2023-08-03 06:36:33,632 [INFO] PluginManage:310 - Check plugin userauth
2023-08-03 06:36:33,638 [INFO] UserAuth:113 - Init User Auth plugin
2023-08-03 06:36:33,638 [INFO] PluginManage:359 - Loaded plugin userauth (category:base,tabindex:14)
2023-08-03 06:36:33,639 [INFO] PluginManage:283 - PluginManage : Loaded plugins [17]
2023-08-03 06:36:33,859 [INFO] PinOutPanel:1499 - setPackage(No Configuration,No Configuration)
2023-08-03 06:36:33,988 [INFO] CADModel:165 - CPN selected for project level
2023-08-03 06:36:33,989 [INFO] CADModel:114 - Register for checkConnection events
2023-08-03 06:36:34,012 [INFO] IPUIPlugin:80 - create IPUIPlugin
2023-08-03 06:36:34,012 [INFO] PluginManager:220 - loadIPPluginJar : add adc
2023-08-03 06:36:34,016 [INFO] IPUIPlugin:80 - create IPUIPlugin
2023-08-03 06:36:34,016 [INFO] PluginManager:220 - loadIPPluginJar : add aes
2023-08-03 06:36:34,020 [INFO] IPUIPlugin:80 - create IPUIPlugin
2023-08-03 06:36:34,020 [INFO] PluginManager:220 - loadIPPluginJar : add can
2023-08-03 06:36:34,022 [INFO] IPUIPlugin:80 - create IPUIPlugin
2023-08-03 06:36:34,022 [INFO] PluginManager:220 - loadIPPluginJar : add comp
2023-08-03 06:36:34,025 [INFO] IPUIPlugin:80 - create IPUIPlugin
2023-08-03 06:36:34,025 [INFO] PluginManager:220 - loadIPPluginJar : add cryp
2023-08-03 06:36:34,028 [INFO] IPUIPlugin:80 - create IPUIPlugin
2023-08-03 06:36:34,028 [INFO] PluginManager:220 - loadIPPluginJar : add dfsdm
2023-08-03 06:36:34,035 [INFO] IPUIPlugin:80 - create IPUIPlugin
2023-08-03 06:36:34,036 [INFO] PluginManager:220 - loadIPPluginJar : add dma
2023-08-03 06:36:34,041 [INFO] IPUIPlugin:80 - create IPUIPlugin
2023-08-03 06:36:34,042 [INFO] PluginManager:220 - loadIPPluginJar : add dma3
2023-08-03 06:36:34,044 [INFO] IPUIPlugin:80 - create IPUIPlugin
2023-08-03 06:36:34,044 [INFO] PluginManager:220 - loadIPPluginJar : add fatfs
2023-08-03 06:36:34,050 [INFO] IPUIPlugin:80 - create IPUIPlugin
2023-08-03 06:36:34,050 [INFO] PluginManager:220 - loadIPPluginJar : add fmc
2023-08-03 06:36:34,057 [INFO] IPUIPlugin:80 - create IPUIPlugin
2023-08-03 06:36:34,058 [INFO] PluginManager:220 - loadIPPluginJar : add freertos
2023-08-03 06:36:34,059 [INFO] IPUIPlugin:80 - create IPUIPlugin
2023-08-03 06:36:34,059 [INFO] PluginManager:220 - loadIPPluginJar : add genericplugin
2023-08-03 06:36:34,062 [INFO] IPUIPlugin:80 - create IPUIPlugin
2023-08-03 06:36:34,062 [INFO] PluginManager:220 - loadIPPluginJar : add gfxmmu
2023-08-03 06:36:34,068 [INFO] IPUIPlugin:80 - create IPUIPlugin
2023-08-03 06:36:34,068 [INFO] PluginManager:220 - loadIPPluginJar : add gic
2023-08-03 06:36:34,075 [INFO] IPUIPlugin:80 - create IPUIPlugin
2023-08-03 06:36:34,075 [INFO] PluginManager:220 - loadIPPluginJar : add gpio
2023-08-03 06:36:34,078 [INFO] IPUIPlugin:80 - create IPUIPlugin
2023-08-03 06:36:34,079 [INFO] PluginManager:220 - loadIPPluginJar : add gtzc
2023-08-03 06:36:34,081 [INFO] IPUIPlugin:80 - create IPUIPlugin
2023-08-03 06:36:34,081 [INFO] PluginManager:220 - loadIPPluginJar : add hash
2023-08-03 06:36:34,084 [INFO] IPUIPlugin:80 - create IPUIPlugin
2023-08-03 06:36:34,085 [INFO] PluginManager:220 - loadIPPluginJar : add i2c
2023-08-03 06:36:34,088 [INFO] IPUIPlugin:80 - create IPUIPlugin
2023-08-03 06:36:34,088 [INFO] PluginManager:220 - loadIPPluginJar : add i2s
2023-08-03 06:36:34,092 [INFO] IPUIPlugin:80 - create IPUIPlugin
2023-08-03 06:36:34,092 [INFO] PluginManager:220 - loadIPPluginJar : add i3c
2023-08-03 06:36:34,096 [INFO] IPUIPlugin:80 - create IPUIPlugin
2023-08-03 06:36:34,096 [INFO] PluginManager:220 - loadIPPluginJar : add ipddr
2023-08-03 06:36:34,107 [INFO] IPUIPlugin:80 - create IPUIPlugin
2023-08-03 06:36:34,108 [INFO] PluginManager:220 - loadIPPluginJar : add linkedlist
2023-08-03 06:36:34,111 [INFO] IPUIPlugin:80 - create IPUIPlugin
2023-08-03 06:36:34,111 [INFO] PluginManager:220 - loadIPPluginJar : add lorawan
2023-08-03 06:36:34,113 [INFO] IPUIPlugin:80 - create IPUIPlugin
2023-08-03 06:36:34,113 [INFO] PluginManager:220 - loadIPPluginJar : add ltdc
2023-08-03 06:36:34,121 [INFO] IPUIPlugin:80 - create IPUIPlugin
2023-08-03 06:36:34,122 [INFO] PluginManager:220 - loadIPPluginJar : add mdma
2023-08-03 06:36:34,127 [INFO] IPUIPlugin:80 - create IPUIPlugin
2023-08-03 06:36:34,127 [INFO] PluginManager:220 - loadIPPluginJar : add nvic
2023-08-03 06:36:34,131 [INFO] IPUIPlugin:80 - create IPUIPlugin
2023-08-03 06:36:34,131 [INFO] PluginManager:220 - loadIPPluginJar : add opamp
2023-08-03 06:36:34,134 [INFO] IPUIPlugin:80 - create IPUIPlugin
2023-08-03 06:36:34,135 [INFO] PluginManager:220 - loadIPPluginJar : add openamp
2023-08-03 06:36:34,137 [INFO] IPUIPlugin:80 - create IPUIPlugin
2023-08-03 06:36:34,138 [INFO] PluginManager:220 - loadIPPluginJar : add pdm2pcm
2023-08-03 06:36:34,144 [INFO] IPUIPlugin:80 - create IPUIPlugin
2023-08-03 06:36:34,146 [INFO] PluginManager:220 - loadIPPluginJar : add plateformsettings
2023-08-03 06:36:34,148 [INFO] IPUIPlugin:80 - create IPUIPlugin
2023-08-03 06:36:34,148 [INFO] PluginManager:220 - loadIPPluginJar : add quadspi
2023-08-03 06:36:34,150 [INFO] IPUIPlugin:80 - create IPUIPlugin
2023-08-03 06:36:34,152 [INFO] PluginManager:220 - loadIPPluginJar : add resmgrutility
2023-08-03 06:36:34,154 [INFO] IPUIPlugin:80 - create IPUIPlugin
2023-08-03 06:36:34,154 [INFO] PluginManager:220 - loadIPPluginJar : add sai
2023-08-03 06:36:34,156 [INFO] IPUIPlugin:80 - create IPUIPlugin
2023-08-03 06:36:34,157 [INFO] PluginManager:220 - loadIPPluginJar : add spi
2023-08-03 06:36:34,161 [INFO] IPUIPlugin:80 - create IPUIPlugin
2023-08-03 06:36:34,161 [INFO] PluginManager:220 - loadIPPluginJar : add stm32_wpan
2023-08-03 06:36:34,162 [INFO] IPUIPlugin:80 - create IPUIPlugin
2023-08-03 06:36:34,162 [INFO] PluginManager:220 - loadIPPluginJar : add tim
2023-08-03 06:36:34,165 [INFO] IPUIPlugin:80 - create IPUIPlugin
2023-08-03 06:36:34,166 [INFO] PluginManager:220 - loadIPPluginJar : add touchsensing
2023-08-03 06:36:34,169 [INFO] IPUIPlugin:80 - create IPUIPlugin
2023-08-03 06:36:34,169 [INFO] PluginManager:220 - loadIPPluginJar : add tracer_emb
2023-08-03 06:36:34,171 [INFO] IPUIPlugin:80 - create IPUIPlugin
2023-08-03 06:36:34,171 [INFO] PluginManager:220 - loadIPPluginJar : add ts
2023-08-03 06:36:34,172 [INFO] IPUIPlugin:80 - create IPUIPlugin
2023-08-03 06:36:34,172 [INFO] PluginManager:220 - loadIPPluginJar : add tsc
2023-08-03 06:36:34,175 [INFO] IPUIPlugin:80 - create IPUIPlugin
2023-08-03 06:36:34,175 [INFO] PluginManager:220 - loadIPPluginJar : add ucpd
2023-08-03 06:36:34,178 [INFO] IPUIPlugin:80 - create IPUIPlugin
2023-08-03 06:36:34,178 [INFO] PluginManager:220 - loadIPPluginJar : add usart
2023-08-03 06:36:34,181 [INFO] IPUIPlugin:80 - create IPUIPlugin
2023-08-03 06:36:34,181 [INFO] PluginManager:220 - loadIPPluginJar : add usbx
2023-08-03 06:36:34,316 [INFO] CADModel:165 - CPN selected for project level
2023-08-03 06:36:34,316 [INFO] CADModel:114 - Register for checkConnection events
2023-08-03 06:36:34,318 [FATAL] Updater:308 - Updater called before beeing initialized
2023-08-03 06:36:34,318 [ERROR] CADModel:125 - Updater not yet initialized, retry later 
2023-08-03 06:36:34,467 [INFO] CADModel:165 - CPN selected for project level
2023-08-03 06:36:34,467 [INFO] CADModel:114 - Register for checkConnection events
2023-08-03 06:36:34,467 [FATAL] Updater:308 - Updater called before beeing initialized
2023-08-03 06:36:34,468 [ERROR] CADModel:125 - Updater not yet initialized, retry later 
2023-08-03 06:36:34,471 [FATAL] Updater:308 - Updater called before beeing initialized
2023-08-03 06:36:34,588 [FATAL] Updater:308 - Updater called before beeing initialized
2023-08-03 06:36:34,596 [INFO] DbMcusAds:53 - JSON generation date=Tue Mar 07 11:50:55 TRT 2023 (1678179055114)
2023-08-03 06:36:34,596 [FATAL] Updater:308 - Updater called before beeing initialized
2023-08-03 06:36:34,652 [WARN] DetailPanel:346 - Failed to get advertising image, set to default
2023-08-03 06:36:34,752 [FATAL] Updater:308 - Updater called before beeing initialized
2023-08-03 06:36:34,754 [FATAL] Updater:308 - Updater called before beeing initialized
2023-08-03 06:36:34,754 [FATAL] Updater:308 - Updater called before beeing initialized
2023-08-03 06:36:34,754 [WARN] DetailPanel:346 - Failed to get advertising image, set to default
2023-08-03 06:36:34,755 [FATAL] Updater:308 - Updater called before beeing initialized
2023-08-03 06:36:34,812 [ERROR] Updater:1120 - MainUpdater not yet initialized. External WinMGr cannot be set.
2023-08-03 06:36:34,815 [INFO] Updater:1056 - Updater Version found : 6.9.0
2023-08-03 06:36:34,836 [INFO] ApplicationProperties:184 - Using Application install path: C:\ST\STM32CubeIDE_1.11.2\STM32CubeIDE\plugins\com.st.stm32cube.common.mx_6.9.0.202307051724
2023-08-03 06:36:35,077 [INFO] MainUpdater:2868 - connection check result : 10
2023-08-03 06:36:35,078 [INFO] MainUpdater:285 - Updater Check For Update Now.
2023-08-03 06:36:35,079 [INFO] MicroXplorer:498 - Change Database Version : DB.6.0.90
2023-08-03 06:36:35,084 [INFO] McuFinderGlobals:63 - Set McuFinder mode to 2 (CubeIDE integrated)
2023-08-03 06:36:35,084 [INFO] UserAuth:179 - activating auth plugin
2023-08-03 06:36:35,088 [INFO] UserAuth:393 - Internet connection configuration mode: 1
2023-08-03 06:36:35,113 [INFO] JxBrowserEngine:151 - Initiate JxBrowser Engine with user profile folder
2023-08-03 06:36:35,278 [INFO] CheckServerUpdateThread:120 - End of CheckServer Thread
2023-08-03 06:36:36,102 [INFO] WebApp:157 - Instantiating new browser for Auth
2023-08-03 06:36:36,626 [WARN] PackLoader:240 - Cannot read IP mode file for STMicroelectronics.X-CUBE-SMBUS.2.1.0
2023-08-03 06:36:36,683 [WARN] PackLoader:240 - Cannot read IP mode file for STMicroelectronics.X-CUBE-AZRTOS-F7.1.1.0
2023-08-03 06:36:36,702 [WARN] PackLoader:240 - Cannot read IP mode file for STMicroelectronics.FP-SNS-MOTENV1.4.3.2
2023-08-03 06:36:36,713 [WARN] PackLoader:240 - Cannot read IP mode file for STMicroelectronics.FP-SNS-FLIGHT1.5.0.1
2023-08-03 06:36:36,725 [WARN] PackLoader:240 - Cannot read IP mode file for STMicroelectronics.X-CUBE-BLE1.6.2.4
2023-08-03 06:36:36,737 [WARN] PackLoader:240 - Cannot read IP mode file for STMicroelectronics.X-CUBE-DISPLAY.3.0.0
2023-08-03 06:36:36,751 [WARN] PackLoader:240 - Cannot read IP mode file for STMicroelectronics.X-CUBE-TOUCHGFX.4.22.0
2023-08-03 06:36:36,770 [INFO] LogOutputStream:77 - [STDOUT_REDIRECT] 1 : Invalid condition id : UX_CORESTACK_Condition cause : null
2023-08-03 06:36:36,771 [INFO] LogOutputStream:77 - [STDOUT_REDIRECT] 1 : Invalid condition id : UX_CORESTACK_Condition cause : null
2023-08-03 06:36:36,772 [INFO] LogOutputStream:77 - [STDOUT_REDIRECT] 1 : Invalid condition id : UX_CORESTACK_Condition cause : null
2023-08-03 06:36:36,774 [INFO] LogOutputStream:77 - [STDOUT_REDIRECT] 1 : Invalid condition id : UX_CORESTACK_Condition cause : null
2023-08-03 06:36:36,775 [INFO] LogOutputStream:77 - [STDOUT_REDIRECT] 1 : Invalid condition id : UX_CORESTACK_Condition cause : null
2023-08-03 06:36:36,780 [WARN] PackLoader:240 - Cannot read IP mode file for STMicroelectronics.X-CUBE-AZRTOS-WL.2.0.0
2023-08-03 06:36:36,794 [WARN] PackLoader:240 - Cannot read IP mode file for WES.I-CUBE-Cesium.1.3.0
2023-08-03 06:36:36,802 [WARN] PackLoader:240 - Cannot read IP mode file for STMicroelectronics.X-CUBE-BLE2.3.3.0
2023-08-03 06:36:36,822 [WARN] PackLoader:240 - Cannot read IP mode file for STMicroelectronics.X-CUBE-TOF1.3.2.0
2023-08-03 06:36:36,838 [WARN] PackLoader:240 - Cannot read IP mode file for STMicroelectronics.X-CUBE-TOUCHGFX.4.21.1
2023-08-03 06:36:36,843 [WARN] PackLoader:240 - Cannot read IP mode file for STMicroelectronics.X-CUBE-TOUCHGFX.4.21.3
2023-08-03 06:36:36,851 [WARN] PackLoader:240 - Cannot read IP mode file for STMicroelectronics.X-CUBE-ALGOBUILD.1.3.0
2023-08-03 06:36:36,888 [WARN] PackLoader:240 - Cannot read IP mode file for STMicroelectronics.X-CUBE-AZRTOS-G0.1.1.0
2023-08-03 06:36:36,902 [WARN] PackLoader:240 - Cannot read IP mode file for STMicroelectronics.X-CUBE-NFC4.3.0.0
2023-08-03 06:36:36,906 [INFO] WebApp:753 - Register for checkConnection events
2023-08-03 06:36:36,907 [INFO] WebApp:390 - Apply proxy settings
2023-08-03 06:36:36,907 [INFO] WebApp:475 - Chromium requires no authentication
2023-08-03 06:36:36,916 [WARN] PackLoader:240 - Cannot read IP mode file for STMicroelectronics.X-CUBE-BLEMGR.1.3.0
2023-08-03 06:36:36,920 [INFO] WebApp:418 - Direct internet connection detected
2023-08-03 06:36:36,925 [WARN] PackLoader:240 - Cannot read IP mode file for STMicroelectronics.FP-ATR-SIGFOX1.3.2.0
2023-08-03 06:36:37,014 [WARN] PackLoader:240 - Cannot read IP mode file for STMicroelectronics.X-CUBE-MEMS1.9.5.0
2023-08-03 06:36:37,199 [INFO] WebApp:188 - Starting web application
2023-08-03 06:36:37,199 [INFO] WebApp:520 - Web application path used C:\ST\STM32CubeIDE_1.11.2\STM32CubeIDE\plugins\com.st.stm32cube.common.mx_6.9.0.202307051724\db\plugins\mcufinder\reactClient1\index.html
2023-08-03 06:36:37,226 [WARN] PackLoader:240 - Cannot read IP mode file for SEGGER.I-CUBE-embOS.1.3.1
2023-08-03 06:36:37,263 [WARN] PackLoader:240 - Cannot read IP mode file for STMicroelectronics.X-CUBE-GNSS1.6.0.0
2023-08-03 06:36:37,277 [WARN] PackLoader:240 - Cannot read IP mode file for STMicroelectronics.X-CUBE-AZRTOS-F4.1.1.0
2023-08-03 06:36:37,341 [WARN] PackLoader:240 - Cannot read IP mode file for STMicroelectronics.X-CUBE-MEMS1.9.6.0
2023-08-03 06:36:37,764 [WARN] PackLoader:240 - Cannot read IP mode file for emotas.I-CUBE-CANOPEN.1.1.3
2023-08-03 06:36:37,771 [WARN] PackLoader:240 - Cannot read IP mode file for STMicroelectronics.X-CUBE-BLEMGR.2.0.0
2023-08-03 06:36:37,790 [WARN] ConditionMgr:438 - getConditionDescription Invalid condition id : UX DEVICE CLASS RTOS Condition cause : null
2023-08-03 06:36:37,790 [WARN] ConditionMgr:438 - getConditionDescription Invalid condition id : UX DEVICE CLASS RTOS Condition cause : null
2023-08-03 06:36:37,794 [WARN] PackLoader:240 - Cannot read IP mode file for STMicroelectronics.X-CUBE-AZRTOS-H7.3.1.0
2023-08-03 06:36:37,796 [WARN] ConditionMgr:1039 - genDependencies : Invalid condition id : UX DEVICE CLASS RTOS Condition cause : null
2023-08-03 06:36:37,796 [WARN] ConditionMgr:1039 - genDependencies : Invalid condition id : UX DEVICE CLASS RTOS Condition cause : null
2023-08-03 06:36:37,797 [WARN] ConditionMgr:1039 - genDependencies : Invalid condition id : UX DEVICE CLASS RTOS Condition cause : null
2023-08-03 06:36:37,797 [WARN] ConditionMgr:1039 - genDependencies : Invalid condition id : UX DEVICE CLASS RTOS Condition cause : null
2023-08-03 06:36:37,797 [WARN] ConditionMgr:1039 - genDependencies : Invalid condition id : UX DEVICE CLASS RTOS Condition cause : null
2023-08-03 06:36:37,804 [WARN] PackLoader:240 - Cannot read IP mode file for wolfSSL.I-CUBE-wolfSSL.5.5.4
2023-08-03 06:36:37,810 [WARN] PackLoader:240 - Cannot read IP mode file for STMicroelectronics.X-CUBE-NFC7.1.0.1
2023-08-03 06:36:37,817 [WARN] PackLoader:240 - Cannot read IP mode file for STMicroelectronics.X-CUBE-NFC7.1.0.0
2023-08-03 06:36:37,824 [WARN] PackLoader:240 - Cannot read IP mode file for STMicroelectronics.X-CUBE-EEPRMA1.4.1.0
2023-08-03 06:36:37,848 [WARN] ConditionMgr:438 - getConditionDescription Invalid condition id : LAN8742 Phy interface Condition cause : null
2023-08-03 06:36:37,849 [WARN] PackLoader:240 - Cannot read IP mode file for STMicroelectronics.X-CUBE-AZRTOS-L4.2.0.0
2023-08-03 06:36:37,851 [WARN] ConditionMgr:1039 - genDependencies : Invalid condition id : LAN8742 Phy interface Condition cause : null
2023-08-03 06:36:37,851 [WARN] ConditionMgr:1039 - genDependencies : Invalid condition id : LAN8742 Phy interface Condition cause : null
2023-08-03 06:36:37,852 [WARN] ConditionMgr:1039 - genDependencies : Invalid condition id : LAN8742 Phy interface Condition cause : null
2023-08-03 06:36:37,861 [WARN] PackLoader:240 - Cannot read IP mode file for STMicroelectronics.X-CUBE-SFXS2LP1.4.0.0
2023-08-03 06:36:37,878 [WARN] PackLoader:240 - Cannot read IP mode file for STMicroelectronics.X-CUBE-AZRTOS-H7.3.0.0
2023-08-03 06:36:37,885 [WARN] PackLoader:240 - Cannot read IP mode file for STMicroelectronics.X-CUBE-ISPU.1.1.0
2023-08-03 06:36:37,895 [WARN] PackLoader:240 - Cannot read IP mode file for RoweBots.I-CUBE-UNISONRTOS.5.5.0-4
2023-08-03 06:36:37,901 [WARN] PackLoader:240 - Cannot read IP mode file for STMicroelectronics.X-CUBE-AI.8.0.0
2023-08-03 06:36:37,907 [WARN] PackLoader:240 - Cannot read IP mode file for STMicroelectronics.X-CUBE-FREERTOS.1.0.0
2023-08-03 06:36:37,911 [WARN] PackLoader:240 - Cannot read IP mode file for STMicroelectronics.X-CUBE-FREERTOS.1.0.1
2023-08-03 06:36:37,929 [WARN] PackLoader:240 - Cannot read IP mode file for STMicroelectronics.X-CUBE-AZRTOS-L5.1.1.0
2023-08-03 06:36:37,936 [WARN] PackLoader:240 - Cannot read IP mode file for STMicroelectronics.X-CUBE-AI.8.0.1
2023-08-03 06:36:37,948 [WARN] PackLoader:240 - Cannot read IP mode file for STMicroelectronics.X-CUBE-SUBG2.5.0.0
2023-08-03 06:36:37,965 [WARN] PackLoader:240 - Cannot read IP mode file for STMicroelectronics.X-CUBE-TOF1.3.3.1
2023-08-03 06:36:37,992 [WARN] PackLoader:240 - Cannot read IP mode file for STMicroelectronics.X-CUBE-AZRTOS-G4.2.0.0
2023-08-03 06:36:38,006 [WARN] PackLoader:240 - Cannot read IP mode file for STMicroelectronics.X-CUBE-TOF1.3.3.0
2023-08-03 06:36:38,017 [WARN] PackLoader:240 - Cannot read IP mode file for STMicroelectronics.FP-ATR-ASTRA1.1.1.1
2023-08-03 06:36:38,028 [WARN] PackLoader:240 - Cannot read IP mode file for STMicroelectronics.X-CUBE-AZRTOS-G4.1.0.0
2023-08-03 06:36:38,054 [WARN] PackLoader:240 - Cannot read IP mode file for STMicroelectronics.X-CUBE-AZRTOS-L4.1.0.0
2023-08-03 06:36:38,069 [WARN] PackLoader:240 - Cannot read IP mode file for STMicroelectronics.X-CUBE-AZRTOS-WL.1.0.0
2023-08-03 06:36:38,076 [WARN] PackLoader:240 - Cannot read IP mode file for portGmbH.I-Cube-SoM-uGOAL.1.1.0
2023-08-03 06:36:38,080 [WARN] PackLoader:240 - Cannot read IP mode file for STMicroelectronics.X-CUBE-ALS.1.0.1
2023-08-03 06:36:38,092 [WARN] PackLoader:240 - Cannot read IP mode file for STMicroelectronics.X-CUBE-AZRTOS-WB.1.1.0
2023-08-03 06:36:38,097 [WARN] PackLoader:240 - Cannot read IP mode file for STMicroelectronics.FP-ATR-ASTRA1.2.0.0
2023-08-03 06:36:38,099 [INFO] ThirdParty:978 - Integrity check success = true
2023-08-03 06:36:38,099 [INFO] IntegrityCheckThread:100 - exiting critical section [integrity check]
2023-08-03 06:36:38,099 [INFO] IntegrityCheckThread:103 - End integrity checks thread
2023-08-03 06:36:58,018 [ERROR] LogOutputStream:75 - [STDERR_REDIRECT] SLF4J: Failed to load class "org.slf4j.impl.StaticLoggerBinder".
2023-08-03 06:36:58,018 [ERROR] LogOutputStream:75 - [STDERR_REDIRECT] SLF4J: Defaulting to no-operation (NOP) logger implementation
2023-08-03 06:36:58,020 [ERROR] LogOutputStream:75 - [STDERR_REDIRECT] SLF4J: See http://www.slf4j.org/codes.html#StaticLoggerBinder for further details.
