2023-08-05 18:37:34,018 [ERROR] LogOutputStream:75 - [STDERR_REDIRECT] 
2023-08-05 18:40:26,630 [INFO] Activator:176 - 


2023-08-05 18:40:26,634 [INFO] Activator:177 - !SESSION log4j initialized
2023-08-05 18:40:28,667 [INFO] LogOutputStream:77 - [STDOUT_REDIRECT] 
2023-08-05 18:40:30,389 [INFO] ApplicationProperties:184 - Using Application install path: C:\ST\STM32CubeIDE_1.11.2\STM32CubeIDE\plugins\com.st.stm32cube.common.mx_6.9.0.202307051724
2023-08-05 18:40:30,410 [INFO] DbMcusXml:78 - Set database path to: C:\ST\STM32CubeIDE_1.11.2\STM32CubeIDE\plugins\com.st.stm32cube.common.mx_6.9.0.202307051724\\db\/mcu/
2023-08-05 18:40:30,416 [INFO] ApiDb:274 - Set plugin database path to: C:\ST\STM32CubeIDE_1.11.2\STM32CubeIDE\plugins\com.st.stm32cube.common.mx_6.9.0.202307051724\\db\/plugins/boardmanager/
2023-08-05 18:40:30,417 [WARN] ApiDb:259 - Overriding images path with different value:  => C:\ST\STM32CubeIDE_1.11.2\STM32CubeIDE\plugins\com.st.stm32cube.common.mx_6.9.0.202307051724\\db\/plugins/mcufinder/images/
2023-08-05 18:40:30,428 [INFO] ApiDb:250 - Set database path to: C:\Users\BurakKAYAALP\.stmcufinder\plugins\mcufinder//mcu/
2023-08-05 18:40:30,429 [INFO] DbMcusAds:125 - Set database path to: C:\Users\BurakKAYAALP\.stmcufinder\plugins\mcufinder//mcu/
2023-08-05 18:40:30,431 [INFO] CrossReferenceDbSqlite:203 - Set database path to: C:\Users\BurakKAYAALP\.stmcufinder\plugins\mcufinder//mcu/cs/
2023-08-05 18:40:30,575 [INFO] RulesReader:64 - Compatibility file has been processed (293 Rules)
2023-08-05 18:40:30,659 [INFO] DbMcusXml:78 - Set database path to: C:\ST\STM32CubeIDE_1.11.2\STM32CubeIDE\plugins\com.st.stm32cube.common.mx_6.9.0.202307051724\\db\/mcu/
2023-08-05 18:40:30,659 [INFO] ApiDb:274 - Set plugin database path to: C:\ST\STM32CubeIDE_1.11.2\STM32CubeIDE\plugins\com.st.stm32cube.common.mx_6.9.0.202307051724\\db\/plugins/boardmanager/
2023-08-05 18:40:30,659 [INFO] ApiDb:261 - Set plugin images path to: C:\ST\STM32CubeIDE_1.11.2\STM32CubeIDE\plugins\com.st.stm32cube.common.mx_6.9.0.202307051724\\db\/plugins/mcufinder/images/
2023-08-05 18:40:30,659 [WARN] DbFile:41 - Overriding database path with different value: C:\Users\BurakKAYAALP\.stmcufinder\plugins\mcufinder/ => C:\Users\BurakKAYAALP\.stmcufinder\plugins\mcufinder
2023-08-05 18:40:30,659 [INFO] ApiDb:250 - Set database path to: C:\Users\BurakKAYAALP\.stmcufinder\plugins\mcufinder//mcu/
2023-08-05 18:40:30,659 [WARN] DbFile:41 - Overriding database path with different value: C:\Users\BurakKAYAALP\.stmcufinder\plugins\mcufinder/ => C:\Users\BurakKAYAALP\.stmcufinder\plugins\mcufinder
2023-08-05 18:40:30,659 [INFO] DbMcusAds:125 - Set database path to: C:\Users\BurakKAYAALP\.stmcufinder\plugins\mcufinder//mcu/
2023-08-05 18:40:30,659 [WARN] DbFile:41 - Overriding database path with different value: C:\Users\BurakKAYAALP\.stmcufinder\plugins\mcufinder/ => C:\Users\BurakKAYAALP\.stmcufinder\plugins\mcufinder
2023-08-05 18:40:30,660 [WARN] DbFile:41 - Overriding database path with different value: C:\Users\BurakKAYAALP\.stmcufinder\plugins\mcufinder/ => C:\Users\BurakKAYAALP\.stmcufinder\plugins\mcufinder
2023-08-05 18:40:30,660 [INFO] CrossReferenceDbSqlite:203 - Set database path to: C:\Users\BurakKAYAALP\.stmcufinder\plugins\mcufinder//mcu/cs/
2023-08-05 18:40:30,743 [INFO] MainPanel:262 - HeapMemory: 268435456
2023-08-05 18:40:30,827 [INFO] DbMcusXml:78 - Set database path to: C:\ST\STM32CubeIDE_1.11.2\STM32CubeIDE\plugins\com.st.stm32cube.common.mx_6.9.0.202307051724\\db\/mcu/
2023-08-05 18:40:30,828 [INFO] ApiDb:274 - Set plugin database path to: C:\ST\STM32CubeIDE_1.11.2\STM32CubeIDE\plugins\com.st.stm32cube.common.mx_6.9.0.202307051724\\db\/plugins/boardmanager/
2023-08-05 18:40:30,828 [INFO] ApiDb:261 - Set plugin images path to: C:\ST\STM32CubeIDE_1.11.2\STM32CubeIDE\plugins\com.st.stm32cube.common.mx_6.9.0.202307051724\\db\/plugins/mcufinder/images/
2023-08-05 18:40:30,828 [WARN] DbFile:41 - Overriding database path with different value: C:\Users\BurakKAYAALP\.stmcufinder\plugins\mcufinder/ => C:\Users\BurakKAYAALP\.stmcufinder\plugins\mcufinder
2023-08-05 18:40:30,828 [INFO] ApiDb:250 - Set database path to: C:\Users\BurakKAYAALP\.stmcufinder\plugins\mcufinder//mcu/
2023-08-05 18:40:30,829 [WARN] DbFile:41 - Overriding database path with different value: C:\Users\BurakKAYAALP\.stmcufinder\plugins\mcufinder/ => C:\Users\BurakKAYAALP\.stmcufinder\plugins\mcufinder
2023-08-05 18:40:30,829 [INFO] DbMcusAds:125 - Set database path to: C:\Users\BurakKAYAALP\.stmcufinder\plugins\mcufinder//mcu/
2023-08-05 18:40:30,829 [WARN] DbFile:41 - Overriding database path with different value: C:\Users\BurakKAYAALP\.stmcufinder\plugins\mcufinder/ => C:\Users\BurakKAYAALP\.stmcufinder\plugins\mcufinder
2023-08-05 18:40:30,829 [WARN] DbFile:41 - Overriding database path with different value: C:\Users\BurakKAYAALP\.stmcufinder\plugins\mcufinder/ => C:\Users\BurakKAYAALP\.stmcufinder\plugins\mcufinder
2023-08-05 18:40:30,829 [INFO] CrossReferenceDbSqlite:203 - Set database path to: C:\Users\BurakKAYAALP\.stmcufinder\plugins\mcufinder//mcu/cs/
2023-08-05 18:40:30,852 [INFO] ApplicationProperties:184 - Using Application install path: C:\ST\STM32CubeIDE_1.11.2\STM32CubeIDE\plugins\com.st.stm32cube.common.mx_6.9.0.202307051724
2023-08-05 18:40:30,855 [INFO] PluginManage:196 - Search for loadable plugins [exclusion list=, ]
2023-08-05 18:40:30,857 [INFO] PluginManage:310 - Check plugin analytics
2023-08-05 18:40:31,045 [INFO] AnalyticsPlugin:253 - Accepted Software Licenses: 
2023-08-05 18:40:31,046 [INFO] AnalyticsPlugin:255 - Accepted CMSIS Pack Licenses: STMicroelectronics.X-CUBE-MEMS1.9.6.0
2023-08-05 18:40:31,046 [INFO] AnalyticsPlugin:257 - Accepted Firmware Licenses: FW.F4.1.27.0,FW.G4.1.5.0,FW.F7.1.17.0,FW.WL.1.3.0
2023-08-05 18:40:31,050 [INFO] PluginManage:359 - Loaded plugin analytics (category:tool,tabindex:-1)
2023-08-05 18:40:31,051 [INFO] PluginManage:310 - Check plugin cadmodel
2023-08-05 18:40:31,055 [INFO] CADModel:105 - Init CAD model plugin
2023-08-05 18:40:31,055 [INFO] PluginManage:359 - Loaded plugin cadmodel (category:power,tabindex:5)
2023-08-05 18:40:31,056 [INFO] PluginManage:310 - Check plugin clock
2023-08-05 18:40:31,066 [INFO] PluginManage:359 - Loaded plugin clock (category:base,tabindex:2)
2023-08-05 18:40:31,067 [INFO] PluginManage:310 - Check plugin ddr
2023-08-05 18:40:31,069 [INFO] PluginManage:359 - Loaded plugin ddr (category:tool,tabindex:6)
2023-08-05 18:40:31,069 [INFO] PluginManage:310 - Check plugin filemanager
2023-08-05 18:40:31,235 [INFO] PluginManage:359 - Loaded plugin filemanager (category:base,tabindex:10)
2023-08-05 18:40:31,236 [INFO] PluginManage:310 - Check plugin ipmanager
2023-08-05 18:40:31,245 [INFO] PluginManage:359 - Loaded plugin ipmanager (category:base,tabindex:5)
2023-08-05 18:40:31,245 [INFO] PluginManage:310 - Check plugin lpbam
2023-08-05 18:40:31,256 [INFO] PluginManage:359 - Loaded plugin lpbam (category:base,tabindex:0)
2023-08-05 18:40:31,257 [INFO] PluginManage:310 - Check plugin memorymap
2023-08-05 18:40:31,272 [INFO] PluginManage:359 - Loaded plugin memorymap (category:base,tabindex:4)
2023-08-05 18:40:31,272 [INFO] PluginManage:310 - Check plugin pinoutandconfiguration
2023-08-05 18:40:31,281 [INFO] PluginManage:359 - Loaded plugin pinoutandconfiguration (category:base,tabindex:1)
2023-08-05 18:40:31,281 [INFO] PluginManage:310 - Check plugin pinoutconfig
2023-08-05 18:40:31,383 [WARN] SupportedApi:132 - Cannot load RTOS API schema: s4s-elt-must-match.1: The content of 'definitions' must match (annotation?, (simpleType | complexType)?, (unique | key | keyref)*)). A problem was found starting at: attribute.
2023-08-05 18:40:31,510 [INFO] PluginManage:359 - Loaded plugin pinoutconfig (category:base,tabindex:0)
2023-08-05 18:40:31,510 [INFO] PluginManage:310 - Check plugin power
2023-08-05 18:40:31,520 [INFO] PluginManage:359 - Loaded plugin power (category:power,tabindex:4)
2023-08-05 18:40:31,520 [INFO] PluginManage:310 - Check plugin projectmanager
2023-08-05 18:40:31,535 [INFO] PluginManage:359 - Loaded plugin projectmanager (category:projectmanager,tabindex:3)
2023-08-05 18:40:31,536 [INFO] PluginManage:310 - Check plugin thirdparty
2023-08-05 18:40:31,662 [INFO] PluginManage:359 - Loaded plugin thirdparty (category:base,tabindex:-1)
2023-08-05 18:40:31,662 [INFO] PluginManage:310 - Check plugin tools
2023-08-05 18:40:31,662 [WARN] IntegrityCheckThread:84 - waiting for thirdparty lock release [integrity check]
2023-08-05 18:40:31,663 [INFO] IntegrityCheckThread:86 - entering critical section [integrity check]
2023-08-05 18:40:31,663 [INFO] ThirdPartyUpdaterWithRetryManager:70 - Updater plugin not ready yet. [1/15]
2023-08-05 18:40:31,665 [INFO] PluginManage:359 - Loaded plugin tools (category:base,tabindex:7)
2023-08-05 18:40:31,665 [INFO] PluginManage:310 - Check plugin tutovideos
2023-08-05 18:40:31,896 [INFO] PluginManage:359 - Loaded plugin tutovideos (category:base,tabindex:-1)
2023-08-05 18:40:31,896 [INFO] PluginManage:310 - Check plugin updater
2023-08-05 18:40:31,905 [INFO] PluginManage:359 - Loaded plugin updater (category:base,tabindex:12)
2023-08-05 18:40:31,906 [INFO] PluginManage:310 - Check plugin userauth
2023-08-05 18:40:31,911 [INFO] UserAuth:113 - Init User Auth plugin
2023-08-05 18:40:31,911 [INFO] PluginManage:359 - Loaded plugin userauth (category:base,tabindex:14)
2023-08-05 18:40:31,912 [INFO] PluginManage:283 - PluginManage : Loaded plugins [17]
2023-08-05 18:40:32,140 [INFO] PinOutPanel:1499 - setPackage(No Configuration,No Configuration)
2023-08-05 18:40:32,250 [INFO] CADModel:165 - CPN selected for project level
2023-08-05 18:40:32,250 [INFO] CADModel:114 - Register for checkConnection events
2023-08-05 18:40:32,266 [INFO] IPUIPlugin:80 - create IPUIPlugin
2023-08-05 18:40:32,266 [INFO] PluginManager:220 - loadIPPluginJar : add adc
2023-08-05 18:40:32,268 [INFO] IPUIPlugin:80 - create IPUIPlugin
2023-08-05 18:40:32,268 [INFO] PluginManager:220 - loadIPPluginJar : add aes
2023-08-05 18:40:32,270 [INFO] IPUIPlugin:80 - create IPUIPlugin
2023-08-05 18:40:32,270 [INFO] PluginManager:220 - loadIPPluginJar : add can
2023-08-05 18:40:32,272 [INFO] IPUIPlugin:80 - create IPUIPlugin
2023-08-05 18:40:32,272 [INFO] PluginManager:220 - loadIPPluginJar : add comp
2023-08-05 18:40:32,273 [INFO] IPUIPlugin:80 - create IPUIPlugin
2023-08-05 18:40:32,274 [INFO] PluginManager:220 - loadIPPluginJar : add cryp
2023-08-05 18:40:32,275 [INFO] IPUIPlugin:80 - create IPUIPlugin
2023-08-05 18:40:32,275 [INFO] PluginManager:220 - loadIPPluginJar : add dfsdm
2023-08-05 18:40:32,280 [INFO] IPUIPlugin:80 - create IPUIPlugin
2023-08-05 18:40:32,280 [INFO] PluginManager:220 - loadIPPluginJar : add dma
2023-08-05 18:40:32,282 [INFO] IPUIPlugin:80 - create IPUIPlugin
2023-08-05 18:40:32,282 [INFO] PluginManager:220 - loadIPPluginJar : add dma3
2023-08-05 18:40:32,283 [INFO] IPUIPlugin:80 - create IPUIPlugin
2023-08-05 18:40:32,284 [INFO] PluginManager:220 - loadIPPluginJar : add fatfs
2023-08-05 18:40:32,287 [INFO] IPUIPlugin:80 - create IPUIPlugin
2023-08-05 18:40:32,287 [INFO] PluginManager:220 - loadIPPluginJar : add fmc
2023-08-05 18:40:32,292 [INFO] IPUIPlugin:80 - create IPUIPlugin
2023-08-05 18:40:32,293 [INFO] PluginManager:220 - loadIPPluginJar : add freertos
2023-08-05 18:40:32,294 [INFO] IPUIPlugin:80 - create IPUIPlugin
2023-08-05 18:40:32,294 [INFO] PluginManager:220 - loadIPPluginJar : add genericplugin
2023-08-05 18:40:32,296 [INFO] IPUIPlugin:80 - create IPUIPlugin
2023-08-05 18:40:32,296 [INFO] PluginManager:220 - loadIPPluginJar : add gfxmmu
2023-08-05 18:40:32,301 [INFO] IPUIPlugin:80 - create IPUIPlugin
2023-08-05 18:40:32,301 [INFO] PluginManager:220 - loadIPPluginJar : add gic
2023-08-05 18:40:32,304 [INFO] IPUIPlugin:80 - create IPUIPlugin
2023-08-05 18:40:32,304 [INFO] PluginManager:220 - loadIPPluginJar : add gpio
2023-08-05 18:40:32,306 [INFO] IPUIPlugin:80 - create IPUIPlugin
2023-08-05 18:40:32,306 [INFO] PluginManager:220 - loadIPPluginJar : add gtzc
2023-08-05 18:40:32,308 [INFO] IPUIPlugin:80 - create IPUIPlugin
2023-08-05 18:40:32,308 [INFO] PluginManager:220 - loadIPPluginJar : add hash
2023-08-05 18:40:32,310 [INFO] IPUIPlugin:80 - create IPUIPlugin
2023-08-05 18:40:32,310 [INFO] PluginManager:220 - loadIPPluginJar : add i2c
2023-08-05 18:40:32,311 [INFO] IPUIPlugin:80 - create IPUIPlugin
2023-08-05 18:40:32,312 [INFO] PluginManager:220 - loadIPPluginJar : add i2s
2023-08-05 18:40:32,314 [INFO] IPUIPlugin:80 - create IPUIPlugin
2023-08-05 18:40:32,314 [INFO] PluginManager:220 - loadIPPluginJar : add i3c
2023-08-05 18:40:32,316 [INFO] IPUIPlugin:80 - create IPUIPlugin
2023-08-05 18:40:32,317 [INFO] PluginManager:220 - loadIPPluginJar : add ipddr
2023-08-05 18:40:32,323 [INFO] IPUIPlugin:80 - create IPUIPlugin
2023-08-05 18:40:32,324 [INFO] PluginManager:220 - loadIPPluginJar : add linkedlist
2023-08-05 18:40:32,327 [INFO] IPUIPlugin:80 - create IPUIPlugin
2023-08-05 18:40:32,327 [INFO] PluginManager:220 - loadIPPluginJar : add lorawan
2023-08-05 18:40:32,327 [INFO] IPUIPlugin:80 - create IPUIPlugin
2023-08-05 18:40:32,328 [INFO] PluginManager:220 - loadIPPluginJar : add ltdc
2023-08-05 18:40:32,334 [INFO] IPUIPlugin:80 - create IPUIPlugin
2023-08-05 18:40:32,334 [INFO] PluginManager:220 - loadIPPluginJar : add mdma
2023-08-05 18:40:32,337 [INFO] IPUIPlugin:80 - create IPUIPlugin
2023-08-05 18:40:32,338 [INFO] PluginManager:220 - loadIPPluginJar : add nvic
2023-08-05 18:40:32,340 [INFO] IPUIPlugin:80 - create IPUIPlugin
2023-08-05 18:40:32,340 [INFO] PluginManager:220 - loadIPPluginJar : add opamp
2023-08-05 18:40:32,344 [INFO] IPUIPlugin:80 - create IPUIPlugin
2023-08-05 18:40:32,345 [INFO] PluginManager:220 - loadIPPluginJar : add openamp
2023-08-05 18:40:32,348 [INFO] IPUIPlugin:80 - create IPUIPlugin
2023-08-05 18:40:32,349 [INFO] PluginManager:220 - loadIPPluginJar : add pdm2pcm
2023-08-05 18:40:32,355 [INFO] IPUIPlugin:80 - create IPUIPlugin
2023-08-05 18:40:32,359 [INFO] PluginManager:220 - loadIPPluginJar : add plateformsettings
2023-08-05 18:40:32,361 [INFO] IPUIPlugin:80 - create IPUIPlugin
2023-08-05 18:40:32,361 [INFO] PluginManager:220 - loadIPPluginJar : add quadspi
2023-08-05 18:40:32,364 [INFO] IPUIPlugin:80 - create IPUIPlugin
2023-08-05 18:40:32,364 [INFO] PluginManager:220 - loadIPPluginJar : add resmgrutility
2023-08-05 18:40:32,366 [INFO] IPUIPlugin:80 - create IPUIPlugin
2023-08-05 18:40:32,366 [INFO] PluginManager:220 - loadIPPluginJar : add sai
2023-08-05 18:40:32,368 [INFO] IPUIPlugin:80 - create IPUIPlugin
2023-08-05 18:40:32,369 [INFO] PluginManager:220 - loadIPPluginJar : add spi
2023-08-05 18:40:32,372 [INFO] IPUIPlugin:80 - create IPUIPlugin
2023-08-05 18:40:32,373 [INFO] PluginManager:220 - loadIPPluginJar : add stm32_wpan
2023-08-05 18:40:32,374 [INFO] IPUIPlugin:80 - create IPUIPlugin
2023-08-05 18:40:32,374 [INFO] PluginManager:220 - loadIPPluginJar : add tim
2023-08-05 18:40:32,377 [INFO] IPUIPlugin:80 - create IPUIPlugin
2023-08-05 18:40:32,377 [INFO] PluginManager:220 - loadIPPluginJar : add touchsensing
2023-08-05 18:40:32,378 [INFO] IPUIPlugin:80 - create IPUIPlugin
2023-08-05 18:40:32,378 [INFO] PluginManager:220 - loadIPPluginJar : add tracer_emb
2023-08-05 18:40:32,380 [INFO] IPUIPlugin:80 - create IPUIPlugin
2023-08-05 18:40:32,380 [INFO] PluginManager:220 - loadIPPluginJar : add ts
2023-08-05 18:40:32,381 [INFO] IPUIPlugin:80 - create IPUIPlugin
2023-08-05 18:40:32,381 [INFO] PluginManager:220 - loadIPPluginJar : add tsc
2023-08-05 18:40:32,382 [INFO] IPUIPlugin:80 - create IPUIPlugin
2023-08-05 18:40:32,382 [INFO] PluginManager:220 - loadIPPluginJar : add ucpd
2023-08-05 18:40:32,385 [INFO] IPUIPlugin:80 - create IPUIPlugin
2023-08-05 18:40:32,385 [INFO] PluginManager:220 - loadIPPluginJar : add usart
2023-08-05 18:40:32,387 [INFO] IPUIPlugin:80 - create IPUIPlugin
2023-08-05 18:40:32,388 [INFO] PluginManager:220 - loadIPPluginJar : add usbx
2023-08-05 18:40:32,517 [INFO] CADModel:165 - CPN selected for project level
2023-08-05 18:40:32,517 [INFO] CADModel:114 - Register for checkConnection events
2023-08-05 18:40:32,518 [FATAL] Updater:308 - Updater called before beeing initialized
2023-08-05 18:40:32,518 [ERROR] CADModel:125 - Updater not yet initialized, retry later 
2023-08-05 18:40:32,728 [INFO] CADModel:165 - CPN selected for project level
2023-08-05 18:40:32,728 [INFO] CADModel:114 - Register for checkConnection events
2023-08-05 18:40:32,728 [FATAL] Updater:308 - Updater called before beeing initialized
2023-08-05 18:40:32,728 [ERROR] CADModel:125 - Updater not yet initialized, retry later 
2023-08-05 18:40:32,736 [FATAL] Updater:308 - Updater called before beeing initialized
2023-08-05 18:40:32,868 [FATAL] Updater:308 - Updater called before beeing initialized
2023-08-05 18:40:32,874 [INFO] DbMcusAds:53 - JSON generation date=Tue Mar 07 11:50:55 TRT 2023 (1678179055114)
2023-08-05 18:40:32,875 [FATAL] Updater:308 - Updater called before beeing initialized
2023-08-05 18:40:32,908 [WARN] DetailPanel:346 - Failed to get advertising image, set to default
2023-08-05 18:40:32,997 [FATAL] Updater:308 - Updater called before beeing initialized
2023-08-05 18:40:32,999 [FATAL] Updater:308 - Updater called before beeing initialized
2023-08-05 18:40:32,999 [FATAL] Updater:308 - Updater called before beeing initialized
2023-08-05 18:40:32,999 [WARN] DetailPanel:346 - Failed to get advertising image, set to default
2023-08-05 18:40:33,000 [FATAL] Updater:308 - Updater called before beeing initialized
2023-08-05 18:40:33,054 [ERROR] Updater:1120 - MainUpdater not yet initialized. External WinMGr cannot be set.
2023-08-05 18:40:33,056 [INFO] Updater:1056 - Updater Version found : 6.9.0
2023-08-05 18:40:33,073 [INFO] ApplicationProperties:184 - Using Application install path: C:\ST\STM32CubeIDE_1.11.2\STM32CubeIDE\plugins\com.st.stm32cube.common.mx_6.9.0.202307051724
2023-08-05 18:40:33,179 [ERROR] ServerAccessManage:1146 - Warning during Server Connection :  Unknown host sw-center.st.com
2023-08-05 18:40:33,182 [INFO] MainUpdater:2868 - connection check result : 22
2023-08-05 18:40:33,183 [INFO] MainUpdater:285 - Updater Check For Update Now.
2023-08-05 18:40:33,183 [INFO] MicroXplorer:498 - Change Database Version : DB.6.0.90
2023-08-05 18:40:33,187 [INFO] McuFinderGlobals:63 - Set McuFinder mode to 2 (CubeIDE integrated)
2023-08-05 18:40:33,188 [INFO] UserAuth:179 - activating auth plugin
2023-08-05 18:40:33,191 [INFO] UserAuth:393 - Internet connection configuration mode: 2
2023-08-05 18:40:33,363 [INFO] CheckServerUpdateThread:120 - End of CheckServer Thread
2023-08-05 18:40:34,808 [WARN] PackLoader:240 - Cannot read IP mode file for STMicroelectronics.X-CUBE-SMBUS.2.1.0
2023-08-05 18:40:34,853 [WARN] PackLoader:240 - Cannot read IP mode file for STMicroelectronics.X-CUBE-AZRTOS-F7.1.1.0
2023-08-05 18:40:34,873 [WARN] PackLoader:240 - Cannot read IP mode file for STMicroelectronics.FP-SNS-MOTENV1.4.3.2
2023-08-05 18:40:34,880 [WARN] PackLoader:240 - Cannot read IP mode file for STMicroelectronics.FP-SNS-FLIGHT1.5.0.1
2023-08-05 18:40:34,889 [WARN] PackLoader:240 - Cannot read IP mode file for STMicroelectronics.X-CUBE-BLE1.6.2.4
2023-08-05 18:40:34,901 [WARN] PackLoader:240 - Cannot read IP mode file for STMicroelectronics.X-CUBE-DISPLAY.3.0.0
2023-08-05 18:40:34,912 [WARN] PackLoader:240 - Cannot read IP mode file for STMicroelectronics.X-CUBE-TOUCHGFX.4.22.0
2023-08-05 18:40:34,925 [INFO] LogOutputStream:77 - [STDOUT_REDIRECT] 1 : Invalid condition id : UX_CORESTACK_Condition cause : null
2023-08-05 18:40:34,926 [INFO] LogOutputStream:77 - [STDOUT_REDIRECT] 1 : Invalid condition id : UX_CORESTACK_Condition cause : null
2023-08-05 18:40:34,927 [INFO] LogOutputStream:77 - [STDOUT_REDIRECT] 1 : Invalid condition id : UX_CORESTACK_Condition cause : null
2023-08-05 18:40:34,929 [INFO] LogOutputStream:77 - [STDOUT_REDIRECT] 1 : Invalid condition id : UX_CORESTACK_Condition cause : null
2023-08-05 18:40:34,930 [INFO] LogOutputStream:77 - [STDOUT_REDIRECT] 1 : Invalid condition id : UX_CORESTACK_Condition cause : null
2023-08-05 18:40:34,937 [WARN] PackLoader:240 - Cannot read IP mode file for STMicroelectronics.X-CUBE-AZRTOS-WL.2.0.0
2023-08-05 18:40:34,948 [WARN] PackLoader:240 - Cannot read IP mode file for WES.I-CUBE-Cesium.1.3.0
2023-08-05 18:40:34,954 [WARN] PackLoader:240 - Cannot read IP mode file for STMicroelectronics.X-CUBE-BLE2.3.3.0
2023-08-05 18:40:34,971 [WARN] PackLoader:240 - Cannot read IP mode file for STMicroelectronics.X-CUBE-TOF1.3.2.0
2023-08-05 18:40:34,985 [WARN] PackLoader:240 - Cannot read IP mode file for STMicroelectronics.X-CUBE-TOUCHGFX.4.21.1
2023-08-05 18:40:34,994 [WARN] PackLoader:240 - Cannot read IP mode file for STMicroelectronics.X-CUBE-TOUCHGFX.4.21.3
2023-08-05 18:40:35,000 [WARN] PackLoader:240 - Cannot read IP mode file for STMicroelectronics.X-CUBE-ALGOBUILD.1.3.0
2023-08-05 18:40:35,019 [WARN] PackLoader:240 - Cannot read IP mode file for STMicroelectronics.X-CUBE-AZRTOS-G0.1.1.0
2023-08-05 18:40:35,046 [WARN] PackLoader:240 - Cannot read IP mode file for STMicroelectronics.X-CUBE-NFC4.3.0.0
2023-08-05 18:40:35,060 [WARN] PackLoader:240 - Cannot read IP mode file for STMicroelectronics.X-CUBE-BLEMGR.1.3.0
2023-08-05 18:40:35,068 [WARN] PackLoader:240 - Cannot read IP mode file for STMicroelectronics.FP-ATR-SIGFOX1.3.2.0
2023-08-05 18:40:35,118 [WARN] PackLoader:240 - Cannot read IP mode file for STMicroelectronics.X-CUBE-MEMS1.9.5.0
2023-08-05 18:40:35,269 [WARN] PackLoader:240 - Cannot read IP mode file for SEGGER.I-CUBE-embOS.1.3.1
2023-08-05 18:40:35,316 [WARN] PackLoader:240 - Cannot read IP mode file for STMicroelectronics.X-CUBE-GNSS1.6.0.0
2023-08-05 18:40:35,333 [WARN] PackLoader:240 - Cannot read IP mode file for STMicroelectronics.X-CUBE-AZRTOS-F4.1.1.0
2023-08-05 18:40:35,400 [WARN] PackLoader:240 - Cannot read IP mode file for STMicroelectronics.X-CUBE-MEMS1.9.6.0
2023-08-05 18:40:35,713 [WARN] PackLoader:240 - Cannot read IP mode file for emotas.I-CUBE-CANOPEN.1.1.3
2023-08-05 18:40:35,718 [WARN] PackLoader:240 - Cannot read IP mode file for STMicroelectronics.X-CUBE-BLEMGR.2.0.0
2023-08-05 18:40:35,737 [WARN] ConditionMgr:438 - getConditionDescription Invalid condition id : UX DEVICE CLASS RTOS Condition cause : null
2023-08-05 18:40:35,738 [WARN] ConditionMgr:438 - getConditionDescription Invalid condition id : UX DEVICE CLASS RTOS Condition cause : null
2023-08-05 18:40:35,740 [WARN] PackLoader:240 - Cannot read IP mode file for STMicroelectronics.X-CUBE-AZRTOS-H7.3.1.0
2023-08-05 18:40:35,741 [WARN] ConditionMgr:1039 - genDependencies : Invalid condition id : UX DEVICE CLASS RTOS Condition cause : null
2023-08-05 18:40:35,741 [WARN] ConditionMgr:1039 - genDependencies : Invalid condition id : UX DEVICE CLASS RTOS Condition cause : null
2023-08-05 18:40:35,742 [WARN] ConditionMgr:1039 - genDependencies : Invalid condition id : UX DEVICE CLASS RTOS Condition cause : null
2023-08-05 18:40:35,742 [WARN] ConditionMgr:1039 - genDependencies : Invalid condition id : UX DEVICE CLASS RTOS Condition cause : null
2023-08-05 18:40:35,742 [WARN] ConditionMgr:1039 - genDependencies : Invalid condition id : UX DEVICE CLASS RTOS Condition cause : null
2023-08-05 18:40:35,747 [WARN] PackLoader:240 - Cannot read IP mode file for wolfSSL.I-CUBE-wolfSSL.5.5.4
2023-08-05 18:40:35,751 [WARN] PackLoader:240 - Cannot read IP mode file for STMicroelectronics.X-CUBE-NFC7.1.0.1
2023-08-05 18:40:35,760 [WARN] PackLoader:240 - Cannot read IP mode file for STMicroelectronics.X-CUBE-NFC7.1.0.0
2023-08-05 18:40:35,766 [WARN] PackLoader:240 - Cannot read IP mode file for STMicroelectronics.X-CUBE-EEPRMA1.4.1.0
2023-08-05 18:40:35,781 [WARN] ConditionMgr:438 - getConditionDescription Invalid condition id : LAN8742 Phy interface Condition cause : null
2023-08-05 18:40:35,782 [WARN] PackLoader:240 - Cannot read IP mode file for STMicroelectronics.X-CUBE-AZRTOS-L4.2.0.0
2023-08-05 18:40:35,783 [WARN] ConditionMgr:1039 - genDependencies : Invalid condition id : LAN8742 Phy interface Condition cause : null
2023-08-05 18:40:35,783 [WARN] ConditionMgr:1039 - genDependencies : Invalid condition id : LAN8742 Phy interface Condition cause : null
2023-08-05 18:40:35,783 [WARN] ConditionMgr:1039 - genDependencies : Invalid condition id : LAN8742 Phy interface Condition cause : null
2023-08-05 18:40:35,789 [WARN] PackLoader:240 - Cannot read IP mode file for STMicroelectronics.X-CUBE-SFXS2LP1.4.0.0
2023-08-05 18:40:35,806 [WARN] PackLoader:240 - Cannot read IP mode file for STMicroelectronics.X-CUBE-AZRTOS-H7.3.0.0
2023-08-05 18:40:35,812 [WARN] PackLoader:240 - Cannot read IP mode file for STMicroelectronics.X-CUBE-ISPU.1.1.0
2023-08-05 18:40:35,819 [WARN] PackLoader:240 - Cannot read IP mode file for RoweBots.I-CUBE-UNISONRTOS.5.5.0-4
2023-08-05 18:40:35,824 [WARN] PackLoader:240 - Cannot read IP mode file for STMicroelectronics.X-CUBE-AI.8.0.0
2023-08-05 18:40:35,828 [WARN] PackLoader:240 - Cannot read IP mode file for STMicroelectronics.X-CUBE-FREERTOS.1.0.0
2023-08-05 18:40:35,832 [WARN] PackLoader:240 - Cannot read IP mode file for STMicroelectronics.X-CUBE-FREERTOS.1.0.1
2023-08-05 18:40:35,844 [WARN] PackLoader:240 - Cannot read IP mode file for STMicroelectronics.X-CUBE-AZRTOS-L5.1.1.0
2023-08-05 18:40:35,849 [WARN] PackLoader:240 - Cannot read IP mode file for STMicroelectronics.X-CUBE-AI.8.0.1
2023-08-05 18:40:35,856 [WARN] PackLoader:240 - Cannot read IP mode file for STMicroelectronics.X-CUBE-SUBG2.5.0.0
2023-08-05 18:40:35,866 [WARN] PackLoader:240 - Cannot read IP mode file for STMicroelectronics.X-CUBE-TOF1.3.3.1
2023-08-05 18:40:35,883 [WARN] PackLoader:240 - Cannot read IP mode file for STMicroelectronics.X-CUBE-AZRTOS-G4.2.0.0
2023-08-05 18:40:35,898 [WARN] PackLoader:240 - Cannot read IP mode file for STMicroelectronics.X-CUBE-TOF1.3.3.0
2023-08-05 18:40:35,908 [WARN] PackLoader:240 - Cannot read IP mode file for STMicroelectronics.FP-ATR-ASTRA1.1.1.1
2023-08-05 18:40:35,920 [WARN] PackLoader:240 - Cannot read IP mode file for STMicroelectronics.X-CUBE-AZRTOS-G4.1.0.0
2023-08-05 18:40:35,933 [WARN] PackLoader:240 - Cannot read IP mode file for STMicroelectronics.X-CUBE-AZRTOS-L4.1.0.0
2023-08-05 18:40:35,944 [WARN] PackLoader:240 - Cannot read IP mode file for STMicroelectronics.X-CUBE-AZRTOS-WL.1.0.0
2023-08-05 18:40:35,949 [WARN] PackLoader:240 - Cannot read IP mode file for portGmbH.I-Cube-SoM-uGOAL.1.1.0
2023-08-05 18:40:35,953 [WARN] PackLoader:240 - Cannot read IP mode file for STMicroelectronics.X-CUBE-ALS.1.0.1
2023-08-05 18:40:35,963 [WARN] PackLoader:240 - Cannot read IP mode file for STMicroelectronics.X-CUBE-AZRTOS-WB.1.1.0
2023-08-05 18:40:35,969 [WARN] PackLoader:240 - Cannot read IP mode file for STMicroelectronics.FP-ATR-ASTRA1.2.0.0
2023-08-05 18:40:35,969 [INFO] ThirdParty:978 - Integrity check success = true
2023-08-05 18:40:35,970 [INFO] IntegrityCheckThread:100 - exiting critical section [integrity check]
2023-08-05 18:40:35,970 [INFO] IntegrityCheckThread:103 - End integrity checks thread
2023-08-05 18:40:53,791 [ERROR] LogOutputStream:75 - [STDERR_REDIRECT] SLF4J: Failed to load class "org.slf4j.impl.StaticLoggerBinder".
2023-08-05 18:40:53,792 [ERROR] LogOutputStream:75 - [STDERR_REDIRECT] SLF4J: Defaulting to no-operation (NOP) logger implementation
2023-08-05 18:40:53,793 [ERROR] LogOutputStream:75 - [STDERR_REDIRECT] SLF4J: See http://www.slf4j.org/codes.html#StaticLoggerBinder for further details.
