2023-08-12 00:08:49,703 [INFO] Activator:176 - 


2023-08-12 00:08:49,709 [INFO] Activator:177 - !SESSION log4j initialized
2023-08-12 00:08:54,951 [INFO] LogOutputStream:77 - [STDOUT_REDIRECT] 
2023-08-12 00:08:57,505 [INFO] ApplicationProperties:184 - Using Application install path: C:\ST\STM32CubeIDE_1.11.2\STM32CubeIDE\plugins\com.st.stm32cube.common.mx_6.9.0.202307051724
2023-08-12 00:08:57,528 [INFO] DbMcusXml:78 - Set database path to: C:\ST\STM32CubeIDE_1.11.2\STM32CubeIDE\plugins\com.st.stm32cube.common.mx_6.9.0.202307051724\\db\/mcu/
2023-08-12 00:08:57,528 [INFO] ApiDb:274 - Set plugin database path to: C:\ST\STM32CubeIDE_1.11.2\STM32CubeIDE\plugins\com.st.stm32cube.common.mx_6.9.0.202307051724\\db\/plugins/boardmanager/
2023-08-12 00:08:57,529 [WARN] ApiDb:259 - Overriding images path with different value:  => C:\ST\STM32CubeIDE_1.11.2\STM32CubeIDE\plugins\com.st.stm32cube.common.mx_6.9.0.202307051724\\db\/plugins/mcufinder/images/
2023-08-12 00:08:57,540 [INFO] ApiDb:250 - Set database path to: C:\Users\BurakKAYAALP\.stmcufinder\plugins\mcufinder//mcu/
2023-08-12 00:08:57,541 [INFO] DbMcusAds:125 - Set database path to: C:\Users\BurakKAYAALP\.stmcufinder\plugins\mcufinder//mcu/
2023-08-12 00:08:57,543 [INFO] CrossReferenceDbSqlite:203 - Set database path to: C:\Users\BurakKAYAALP\.stmcufinder\plugins\mcufinder//mcu/cs/
2023-08-12 00:08:57,676 [INFO] RulesReader:64 - Compatibility file has been processed (293 Rules)
2023-08-12 00:08:57,752 [INFO] DbMcusXml:78 - Set database path to: C:\ST\STM32CubeIDE_1.11.2\STM32CubeIDE\plugins\com.st.stm32cube.common.mx_6.9.0.202307051724\\db\/mcu/
2023-08-12 00:08:57,752 [INFO] ApiDb:274 - Set plugin database path to: C:\ST\STM32CubeIDE_1.11.2\STM32CubeIDE\plugins\com.st.stm32cube.common.mx_6.9.0.202307051724\\db\/plugins/boardmanager/
2023-08-12 00:08:57,752 [INFO] ApiDb:261 - Set plugin images path to: C:\ST\STM32CubeIDE_1.11.2\STM32CubeIDE\plugins\com.st.stm32cube.common.mx_6.9.0.202307051724\\db\/plugins/mcufinder/images/
2023-08-12 00:08:57,752 [WARN] DbFile:41 - Overriding database path with different value: C:\Users\BurakKAYAALP\.stmcufinder\plugins\mcufinder/ => C:\Users\BurakKAYAALP\.stmcufinder\plugins\mcufinder
2023-08-12 00:08:57,752 [INFO] ApiDb:250 - Set database path to: C:\Users\BurakKAYAALP\.stmcufinder\plugins\mcufinder//mcu/
2023-08-12 00:08:57,752 [WARN] DbFile:41 - Overriding database path with different value: C:\Users\BurakKAYAALP\.stmcufinder\plugins\mcufinder/ => C:\Users\BurakKAYAALP\.stmcufinder\plugins\mcufinder
2023-08-12 00:08:57,752 [INFO] DbMcusAds:125 - Set database path to: C:\Users\BurakKAYAALP\.stmcufinder\plugins\mcufinder//mcu/
2023-08-12 00:08:57,752 [WARN] DbFile:41 - Overriding database path with different value: C:\Users\BurakKAYAALP\.stmcufinder\plugins\mcufinder/ => C:\Users\BurakKAYAALP\.stmcufinder\plugins\mcufinder
2023-08-12 00:08:57,753 [WARN] DbFile:41 - Overriding database path with different value: C:\Users\BurakKAYAALP\.stmcufinder\plugins\mcufinder/ => C:\Users\BurakKAYAALP\.stmcufinder\plugins\mcufinder
2023-08-12 00:08:57,753 [INFO] CrossReferenceDbSqlite:203 - Set database path to: C:\Users\BurakKAYAALP\.stmcufinder\plugins\mcufinder//mcu/cs/
2023-08-12 00:08:57,837 [INFO] MainPanel:262 - HeapMemory: 268435456
2023-08-12 00:08:57,926 [INFO] DbMcusXml:78 - Set database path to: C:\ST\STM32CubeIDE_1.11.2\STM32CubeIDE\plugins\com.st.stm32cube.common.mx_6.9.0.202307051724\\db\/mcu/
2023-08-12 00:08:57,926 [INFO] ApiDb:274 - Set plugin database path to: C:\ST\STM32CubeIDE_1.11.2\STM32CubeIDE\plugins\com.st.stm32cube.common.mx_6.9.0.202307051724\\db\/plugins/boardmanager/
2023-08-12 00:08:57,926 [INFO] ApiDb:261 - Set plugin images path to: C:\ST\STM32CubeIDE_1.11.2\STM32CubeIDE\plugins\com.st.stm32cube.common.mx_6.9.0.202307051724\\db\/plugins/mcufinder/images/
2023-08-12 00:08:57,926 [WARN] DbFile:41 - Overriding database path with different value: C:\Users\BurakKAYAALP\.stmcufinder\plugins\mcufinder/ => C:\Users\BurakKAYAALP\.stmcufinder\plugins\mcufinder
2023-08-12 00:08:57,926 [INFO] ApiDb:250 - Set database path to: C:\Users\BurakKAYAALP\.stmcufinder\plugins\mcufinder//mcu/
2023-08-12 00:08:57,927 [WARN] DbFile:41 - Overriding database path with different value: C:\Users\BurakKAYAALP\.stmcufinder\plugins\mcufinder/ => C:\Users\BurakKAYAALP\.stmcufinder\plugins\mcufinder
2023-08-12 00:08:57,927 [INFO] DbMcusAds:125 - Set database path to: C:\Users\BurakKAYAALP\.stmcufinder\plugins\mcufinder//mcu/
2023-08-12 00:08:57,927 [WARN] DbFile:41 - Overriding database path with different value: C:\Users\BurakKAYAALP\.stmcufinder\plugins\mcufinder/ => C:\Users\BurakKAYAALP\.stmcufinder\plugins\mcufinder
2023-08-12 00:08:57,927 [WARN] DbFile:41 - Overriding database path with different value: C:\Users\BurakKAYAALP\.stmcufinder\plugins\mcufinder/ => C:\Users\BurakKAYAALP\.stmcufinder\plugins\mcufinder
2023-08-12 00:08:57,927 [INFO] CrossReferenceDbSqlite:203 - Set database path to: C:\Users\BurakKAYAALP\.stmcufinder\plugins\mcufinder//mcu/cs/
2023-08-12 00:08:57,944 [INFO] ApplicationProperties:184 - Using Application install path: C:\ST\STM32CubeIDE_1.11.2\STM32CubeIDE\plugins\com.st.stm32cube.common.mx_6.9.0.202307051724
2023-08-12 00:08:57,945 [INFO] PluginManage:196 - Search for loadable plugins [exclusion list=, ]
2023-08-12 00:08:57,946 [INFO] PluginManage:310 - Check plugin analytics
2023-08-12 00:08:58,060 [INFO] AnalyticsPlugin:253 - Accepted Software Licenses: 
2023-08-12 00:08:58,060 [INFO] AnalyticsPlugin:255 - Accepted CMSIS Pack Licenses: STMicroelectronics.X-CUBE-MEMS1.9.6.0
2023-08-12 00:08:58,060 [INFO] AnalyticsPlugin:257 - Accepted Firmware Licenses: FW.F4.1.27.0,FW.G4.1.5.0,FW.F7.1.17.0,FW.WL.1.3.0
2023-08-12 00:08:58,062 [INFO] PluginManage:359 - Loaded plugin analytics (category:tool,tabindex:-1)
2023-08-12 00:08:58,062 [INFO] PluginManage:310 - Check plugin cadmodel
2023-08-12 00:08:58,075 [INFO] CADModel:105 - Init CAD model plugin
2023-08-12 00:08:58,075 [INFO] PluginManage:359 - Loaded plugin cadmodel (category:power,tabindex:5)
2023-08-12 00:08:58,075 [INFO] PluginManage:310 - Check plugin clock
2023-08-12 00:08:58,090 [INFO] PluginManage:359 - Loaded plugin clock (category:base,tabindex:2)
2023-08-12 00:08:58,091 [INFO] PluginManage:310 - Check plugin ddr
2023-08-12 00:08:58,093 [INFO] PluginManage:359 - Loaded plugin ddr (category:tool,tabindex:6)
2023-08-12 00:08:58,093 [INFO] PluginManage:310 - Check plugin filemanager
2023-08-12 00:08:58,203 [INFO] PluginManage:359 - Loaded plugin filemanager (category:base,tabindex:10)
2023-08-12 00:08:58,203 [INFO] PluginManage:310 - Check plugin ipmanager
2023-08-12 00:08:58,209 [INFO] PluginManage:359 - Loaded plugin ipmanager (category:base,tabindex:5)
2023-08-12 00:08:58,210 [INFO] PluginManage:310 - Check plugin lpbam
2023-08-12 00:08:58,224 [INFO] PluginManage:359 - Loaded plugin lpbam (category:base,tabindex:0)
2023-08-12 00:08:58,224 [INFO] PluginManage:310 - Check plugin memorymap
2023-08-12 00:08:58,242 [INFO] PluginManage:359 - Loaded plugin memorymap (category:base,tabindex:4)
2023-08-12 00:08:58,242 [INFO] PluginManage:310 - Check plugin pinoutandconfiguration
2023-08-12 00:08:58,254 [INFO] PluginManage:359 - Loaded plugin pinoutandconfiguration (category:base,tabindex:1)
2023-08-12 00:08:58,254 [INFO] PluginManage:310 - Check plugin pinoutconfig
2023-08-12 00:08:58,338 [WARN] SupportedApi:132 - Cannot load RTOS API schema: s4s-elt-must-match.1: The content of 'definitions' must match (annotation?, (simpleType | complexType)?, (unique | key | keyref)*)). A problem was found starting at: attribute.
2023-08-12 00:08:58,463 [INFO] PluginManage:359 - Loaded plugin pinoutconfig (category:base,tabindex:0)
2023-08-12 00:08:58,463 [INFO] PluginManage:310 - Check plugin power
2023-08-12 00:08:58,481 [INFO] PluginManage:359 - Loaded plugin power (category:power,tabindex:4)
2023-08-12 00:08:58,481 [INFO] PluginManage:310 - Check plugin projectmanager
2023-08-12 00:08:58,494 [INFO] PluginManage:359 - Loaded plugin projectmanager (category:projectmanager,tabindex:3)
2023-08-12 00:08:58,495 [INFO] PluginManage:310 - Check plugin thirdparty
2023-08-12 00:08:58,734 [INFO] PluginManage:359 - Loaded plugin thirdparty (category:base,tabindex:-1)
2023-08-12 00:08:58,734 [INFO] PluginManage:310 - Check plugin tools
2023-08-12 00:08:58,734 [WARN] IntegrityCheckThread:84 - waiting for thirdparty lock release [integrity check]
2023-08-12 00:08:58,735 [INFO] IntegrityCheckThread:86 - entering critical section [integrity check]
2023-08-12 00:08:58,735 [INFO] ThirdPartyUpdaterWithRetryManager:70 - Updater plugin not ready yet. [1/15]
2023-08-12 00:08:58,760 [INFO] PluginManage:359 - Loaded plugin tools (category:base,tabindex:7)
2023-08-12 00:08:58,760 [INFO] PluginManage:310 - Check plugin tutovideos
2023-08-12 00:08:58,953 [INFO] PluginManage:359 - Loaded plugin tutovideos (category:base,tabindex:-1)
2023-08-12 00:08:58,953 [INFO] PluginManage:310 - Check plugin updater
2023-08-12 00:08:58,962 [INFO] PluginManage:359 - Loaded plugin updater (category:base,tabindex:12)
2023-08-12 00:08:58,962 [INFO] PluginManage:310 - Check plugin userauth
2023-08-12 00:08:58,968 [INFO] UserAuth:113 - Init User Auth plugin
2023-08-12 00:08:58,968 [INFO] PluginManage:359 - Loaded plugin userauth (category:base,tabindex:14)
2023-08-12 00:08:58,969 [INFO] PluginManage:283 - PluginManage : Loaded plugins [17]
2023-08-12 00:08:59,153 [INFO] PinOutPanel:1499 - setPackage(No Configuration,No Configuration)
2023-08-12 00:08:59,234 [INFO] CADModel:165 - CPN selected for project level
2023-08-12 00:08:59,234 [INFO] CADModel:114 - Register for checkConnection events
2023-08-12 00:08:59,256 [INFO] IPUIPlugin:80 - create IPUIPlugin
2023-08-12 00:08:59,256 [INFO] PluginManager:220 - loadIPPluginJar : add adc
2023-08-12 00:08:59,284 [INFO] IPUIPlugin:80 - create IPUIPlugin
2023-08-12 00:08:59,285 [INFO] PluginManager:220 - loadIPPluginJar : add aes
2023-08-12 00:08:59,319 [INFO] IPUIPlugin:80 - create IPUIPlugin
2023-08-12 00:08:59,320 [INFO] PluginManager:220 - loadIPPluginJar : add can
2023-08-12 00:08:59,336 [INFO] IPUIPlugin:80 - create IPUIPlugin
2023-08-12 00:08:59,336 [INFO] PluginManager:220 - loadIPPluginJar : add comp
2023-08-12 00:08:59,360 [INFO] IPUIPlugin:80 - create IPUIPlugin
2023-08-12 00:08:59,360 [INFO] PluginManager:220 - loadIPPluginJar : add cryp
2023-08-12 00:08:59,383 [INFO] IPUIPlugin:80 - create IPUIPlugin
2023-08-12 00:08:59,383 [INFO] PluginManager:220 - loadIPPluginJar : add dfsdm
2023-08-12 00:08:59,393 [INFO] IPUIPlugin:80 - create IPUIPlugin
2023-08-12 00:08:59,394 [INFO] PluginManager:220 - loadIPPluginJar : add dma
2023-08-12 00:08:59,423 [INFO] IPUIPlugin:80 - create IPUIPlugin
2023-08-12 00:08:59,424 [INFO] PluginManager:220 - loadIPPluginJar : add dma3
2023-08-12 00:08:59,438 [INFO] IPUIPlugin:80 - create IPUIPlugin
2023-08-12 00:08:59,438 [INFO] PluginManager:220 - loadIPPluginJar : add fatfs
2023-08-12 00:08:59,472 [INFO] IPUIPlugin:80 - create IPUIPlugin
2023-08-12 00:08:59,472 [INFO] PluginManager:220 - loadIPPluginJar : add fmc
2023-08-12 00:08:59,487 [INFO] IPUIPlugin:80 - create IPUIPlugin
2023-08-12 00:08:59,487 [INFO] PluginManager:220 - loadIPPluginJar : add freertos
2023-08-12 00:08:59,509 [INFO] IPUIPlugin:80 - create IPUIPlugin
2023-08-12 00:08:59,510 [INFO] PluginManager:220 - loadIPPluginJar : add genericplugin
2023-08-12 00:08:59,583 [INFO] IPUIPlugin:80 - create IPUIPlugin
2023-08-12 00:08:59,583 [INFO] PluginManager:220 - loadIPPluginJar : add gfxmmu
2023-08-12 00:08:59,672 [INFO] IPUIPlugin:80 - create IPUIPlugin
2023-08-12 00:08:59,672 [INFO] PluginManager:220 - loadIPPluginJar : add gic
2023-08-12 00:08:59,683 [INFO] IPUIPlugin:80 - create IPUIPlugin
2023-08-12 00:08:59,683 [INFO] PluginManager:220 - loadIPPluginJar : add gpio
2023-08-12 00:08:59,749 [INFO] IPUIPlugin:80 - create IPUIPlugin
2023-08-12 00:08:59,749 [INFO] PluginManager:220 - loadIPPluginJar : add gtzc
2023-08-12 00:08:59,773 [INFO] IPUIPlugin:80 - create IPUIPlugin
2023-08-12 00:08:59,773 [INFO] PluginManager:220 - loadIPPluginJar : add hash
2023-08-12 00:08:59,809 [INFO] IPUIPlugin:80 - create IPUIPlugin
2023-08-12 00:08:59,809 [INFO] PluginManager:220 - loadIPPluginJar : add i2c
2023-08-12 00:08:59,839 [INFO] IPUIPlugin:80 - create IPUIPlugin
2023-08-12 00:08:59,839 [INFO] PluginManager:220 - loadIPPluginJar : add i2s
2023-08-12 00:08:59,882 [INFO] IPUIPlugin:80 - create IPUIPlugin
2023-08-12 00:08:59,882 [INFO] PluginManager:220 - loadIPPluginJar : add i3c
2023-08-12 00:08:59,985 [INFO] IPUIPlugin:80 - create IPUIPlugin
2023-08-12 00:08:59,985 [INFO] PluginManager:220 - loadIPPluginJar : add ipddr
2023-08-12 00:09:00,087 [INFO] IPUIPlugin:80 - create IPUIPlugin
2023-08-12 00:09:00,087 [INFO] PluginManager:220 - loadIPPluginJar : add linkedlist
2023-08-12 00:09:00,115 [INFO] IPUIPlugin:80 - create IPUIPlugin
2023-08-12 00:09:00,115 [INFO] PluginManager:220 - loadIPPluginJar : add lorawan
2023-08-12 00:09:00,142 [INFO] IPUIPlugin:80 - create IPUIPlugin
2023-08-12 00:09:00,142 [INFO] PluginManager:220 - loadIPPluginJar : add ltdc
2023-08-12 00:09:00,153 [INFO] IPUIPlugin:80 - create IPUIPlugin
2023-08-12 00:09:00,153 [INFO] PluginManager:220 - loadIPPluginJar : add mdma
2023-08-12 00:09:00,162 [INFO] IPUIPlugin:80 - create IPUIPlugin
2023-08-12 00:09:00,162 [INFO] PluginManager:220 - loadIPPluginJar : add nvic
2023-08-12 00:09:00,189 [INFO] IPUIPlugin:80 - create IPUIPlugin
2023-08-12 00:09:00,189 [INFO] PluginManager:220 - loadIPPluginJar : add opamp
2023-08-12 00:09:00,235 [INFO] IPUIPlugin:80 - create IPUIPlugin
2023-08-12 00:09:00,235 [INFO] PluginManager:220 - loadIPPluginJar : add openamp
2023-08-12 00:09:00,268 [INFO] IPUIPlugin:80 - create IPUIPlugin
2023-08-12 00:09:00,268 [INFO] PluginManager:220 - loadIPPluginJar : add pdm2pcm
2023-08-12 00:09:00,280 [INFO] IPUIPlugin:80 - create IPUIPlugin
2023-08-12 00:09:00,281 [INFO] PluginManager:220 - loadIPPluginJar : add plateformsettings
2023-08-12 00:09:00,296 [INFO] IPUIPlugin:80 - create IPUIPlugin
2023-08-12 00:09:00,297 [INFO] PluginManager:220 - loadIPPluginJar : add quadspi
2023-08-12 00:09:00,305 [INFO] IPUIPlugin:80 - create IPUIPlugin
2023-08-12 00:09:00,305 [INFO] PluginManager:220 - loadIPPluginJar : add resmgrutility
2023-08-12 00:09:00,341 [INFO] IPUIPlugin:80 - create IPUIPlugin
2023-08-12 00:09:00,342 [INFO] PluginManager:220 - loadIPPluginJar : add sai
2023-08-12 00:09:00,368 [INFO] IPUIPlugin:80 - create IPUIPlugin
2023-08-12 00:09:00,368 [INFO] PluginManager:220 - loadIPPluginJar : add spi
2023-08-12 00:09:00,418 [INFO] IPUIPlugin:80 - create IPUIPlugin
2023-08-12 00:09:00,419 [INFO] PluginManager:220 - loadIPPluginJar : add stm32_wpan
2023-08-12 00:09:00,441 [INFO] IPUIPlugin:80 - create IPUIPlugin
2023-08-12 00:09:00,442 [INFO] PluginManager:220 - loadIPPluginJar : add tim
2023-08-12 00:09:00,500 [INFO] IPUIPlugin:80 - create IPUIPlugin
2023-08-12 00:09:00,500 [INFO] PluginManager:220 - loadIPPluginJar : add touchsensing
2023-08-12 00:09:00,523 [INFO] IPUIPlugin:80 - create IPUIPlugin
2023-08-12 00:09:00,523 [INFO] PluginManager:220 - loadIPPluginJar : add tracer_emb
2023-08-12 00:09:00,548 [INFO] IPUIPlugin:80 - create IPUIPlugin
2023-08-12 00:09:00,548 [INFO] PluginManager:220 - loadIPPluginJar : add ts
2023-08-12 00:09:00,572 [INFO] IPUIPlugin:80 - create IPUIPlugin
2023-08-12 00:09:00,572 [INFO] PluginManager:220 - loadIPPluginJar : add tsc
2023-08-12 00:09:00,597 [INFO] IPUIPlugin:80 - create IPUIPlugin
2023-08-12 00:09:00,597 [INFO] PluginManager:220 - loadIPPluginJar : add ucpd
2023-08-12 00:09:00,655 [INFO] IPUIPlugin:80 - create IPUIPlugin
2023-08-12 00:09:00,655 [INFO] PluginManager:220 - loadIPPluginJar : add usart
2023-08-12 00:09:00,693 [INFO] IPUIPlugin:80 - create IPUIPlugin
2023-08-12 00:09:00,693 [INFO] PluginManager:220 - loadIPPluginJar : add usbx
2023-08-12 00:09:00,812 [INFO] CADModel:165 - CPN selected for project level
2023-08-12 00:09:00,812 [INFO] CADModel:114 - Register for checkConnection events
2023-08-12 00:09:00,812 [FATAL] Updater:308 - Updater called before beeing initialized
2023-08-12 00:09:00,812 [ERROR] CADModel:125 - Updater not yet initialized, retry later 
2023-08-12 00:09:00,933 [INFO] CADModel:165 - CPN selected for project level
2023-08-12 00:09:00,933 [INFO] CADModel:114 - Register for checkConnection events
2023-08-12 00:09:00,933 [FATAL] Updater:308 - Updater called before beeing initialized
2023-08-12 00:09:00,933 [ERROR] CADModel:125 - Updater not yet initialized, retry later 
2023-08-12 00:09:00,937 [FATAL] Updater:308 - Updater called before beeing initialized
2023-08-12 00:09:01,019 [FATAL] Updater:308 - Updater called before beeing initialized
2023-08-12 00:09:01,031 [INFO] DbMcusAds:53 - JSON generation date=Tue Mar 07 11:50:55 TRT 2023 (1678179055114)
2023-08-12 00:09:01,031 [FATAL] Updater:308 - Updater called before beeing initialized
2023-08-12 00:09:01,110 [WARN] DetailPanel:346 - Failed to get advertising image, set to default
2023-08-12 00:09:01,195 [FATAL] Updater:308 - Updater called before beeing initialized
2023-08-12 00:09:01,197 [FATAL] Updater:308 - Updater called before beeing initialized
2023-08-12 00:09:01,197 [FATAL] Updater:308 - Updater called before beeing initialized
2023-08-12 00:09:01,197 [WARN] DetailPanel:346 - Failed to get advertising image, set to default
2023-08-12 00:09:01,198 [FATAL] Updater:308 - Updater called before beeing initialized
2023-08-12 00:09:01,251 [ERROR] Updater:1120 - MainUpdater not yet initialized. External WinMGr cannot be set.
2023-08-12 00:09:01,264 [INFO] Updater:1056 - Updater Version found : 6.9.0
2023-08-12 00:09:01,285 [INFO] ApplicationProperties:184 - Using Application install path: C:\ST\STM32CubeIDE_1.11.2\STM32CubeIDE\plugins\com.st.stm32cube.common.mx_6.9.0.202307051724
2023-08-12 00:09:01,669 [INFO] MainUpdater:2868 - connection check result : 10
2023-08-12 00:09:01,670 [INFO] MainUpdater:285 - Updater Check For Update Now.
2023-08-12 00:09:01,670 [INFO] MicroXplorer:498 - Change Database Version : DB.6.0.90
2023-08-12 00:09:01,686 [INFO] McuFinderGlobals:63 - Set McuFinder mode to 2 (CubeIDE integrated)
2023-08-12 00:09:01,686 [INFO] UserAuth:179 - activating auth plugin
2023-08-12 00:09:01,688 [INFO] UserAuth:393 - Internet connection configuration mode: 1
2023-08-12 00:09:01,713 [INFO] JxBrowserEngine:151 - Initiate JxBrowser Engine with user profile folder
2023-08-12 00:09:01,737 [WARN] MainUpdater:1189 - Updater busy. Cannot search thirdparties
2023-08-12 00:09:01,737 [INFO] ThirdPartyUpdaterWithRetryManager:96 - Updater plugin is busy. [1/15]
2023-08-12 00:09:01,855 [INFO] CheckServerUpdateThread:120 - End of CheckServer Thread
