2023-08-05 17:56:51,510 [ERROR] LogOutputStream:75 - [STDERR_REDIRECT] 
2023-08-05 18:46:27,611 [INFO] Activator:176 - 


2023-08-05 18:46:27,613 [INFO] Activator:177 - !SESSION log4j initialized
2023-08-05 18:46:31,767 [INFO] LogOutputStream:77 - [STDOUT_REDIRECT] 
2023-08-05 18:46:33,205 [INFO] ApplicationProperties:184 - Using Application install path: C:\ST\STM32CubeIDE_1.11.2\STM32CubeIDE\plugins\com.st.stm32cube.common.mx_6.9.0.202307051724
2023-08-05 18:46:33,234 [INFO] DbMcusXml:78 - Set database path to: C:\ST\STM32CubeIDE_1.11.2\STM32CubeIDE\plugins\com.st.stm32cube.common.mx_6.9.0.202307051724\\db\/mcu/
2023-08-05 18:46:33,235 [INFO] ApiDb:274 - Set plugin database path to: C:\ST\STM32CubeIDE_1.11.2\STM32CubeIDE\plugins\com.st.stm32cube.common.mx_6.9.0.202307051724\\db\/plugins/boardmanager/
2023-08-05 18:46:33,236 [WARN] ApiDb:259 - Overriding images path with different value:  => C:\ST\STM32CubeIDE_1.11.2\STM32CubeIDE\plugins\com.st.stm32cube.common.mx_6.9.0.202307051724\\db\/plugins/mcufinder/images/
2023-08-05 18:46:33,252 [INFO] ApiDb:250 - Set database path to: C:\Users\BurakKAYAALP\.stmcufinder\plugins\mcufinder//mcu/
2023-08-05 18:46:33,255 [INFO] DbMcusAds:125 - Set database path to: C:\Users\BurakKAYAALP\.stmcufinder\plugins\mcufinder//mcu/
2023-08-05 18:46:33,259 [INFO] CrossReferenceDbSqlite:203 - Set database path to: C:\Users\BurakKAYAALP\.stmcufinder\plugins\mcufinder//mcu/cs/
2023-08-05 18:46:33,426 [INFO] RulesReader:64 - Compatibility file has been processed (293 Rules)
2023-08-05 18:46:33,550 [INFO] DbMcusXml:78 - Set database path to: C:\ST\STM32CubeIDE_1.11.2\STM32CubeIDE\plugins\com.st.stm32cube.common.mx_6.9.0.202307051724\\db\/mcu/
2023-08-05 18:46:33,550 [INFO] ApiDb:274 - Set plugin database path to: C:\ST\STM32CubeIDE_1.11.2\STM32CubeIDE\plugins\com.st.stm32cube.common.mx_6.9.0.202307051724\\db\/plugins/boardmanager/
2023-08-05 18:46:33,550 [INFO] ApiDb:261 - Set plugin images path to: C:\ST\STM32CubeIDE_1.11.2\STM32CubeIDE\plugins\com.st.stm32cube.common.mx_6.9.0.202307051724\\db\/plugins/mcufinder/images/
2023-08-05 18:46:33,551 [WARN] DbFile:41 - Overriding database path with different value: C:\Users\BurakKAYAALP\.stmcufinder\plugins\mcufinder/ => C:\Users\BurakKAYAALP\.stmcufinder\plugins\mcufinder
2023-08-05 18:46:33,551 [INFO] ApiDb:250 - Set database path to: C:\Users\BurakKAYAALP\.stmcufinder\plugins\mcufinder//mcu/
2023-08-05 18:46:33,551 [WARN] DbFile:41 - Overriding database path with different value: C:\Users\BurakKAYAALP\.stmcufinder\plugins\mcufinder/ => C:\Users\BurakKAYAALP\.stmcufinder\plugins\mcufinder
2023-08-05 18:46:33,551 [INFO] DbMcusAds:125 - Set database path to: C:\Users\BurakKAYAALP\.stmcufinder\plugins\mcufinder//mcu/
2023-08-05 18:46:33,551 [WARN] DbFile:41 - Overriding database path with different value: C:\Users\BurakKAYAALP\.stmcufinder\plugins\mcufinder/ => C:\Users\BurakKAYAALP\.stmcufinder\plugins\mcufinder
2023-08-05 18:46:33,551 [WARN] DbFile:41 - Overriding database path with different value: C:\Users\BurakKAYAALP\.stmcufinder\plugins\mcufinder/ => C:\Users\BurakKAYAALP\.stmcufinder\plugins\mcufinder
2023-08-05 18:46:33,551 [INFO] CrossReferenceDbSqlite:203 - Set database path to: C:\Users\BurakKAYAALP\.stmcufinder\plugins\mcufinder//mcu/cs/
2023-08-05 18:46:33,656 [INFO] MainPanel:262 - HeapMemory: 268435456
2023-08-05 18:46:33,771 [INFO] DbMcusXml:78 - Set database path to: C:\ST\STM32CubeIDE_1.11.2\STM32CubeIDE\plugins\com.st.stm32cube.common.mx_6.9.0.202307051724\\db\/mcu/
2023-08-05 18:46:33,772 [INFO] ApiDb:274 - Set plugin database path to: C:\ST\STM32CubeIDE_1.11.2\STM32CubeIDE\plugins\com.st.stm32cube.common.mx_6.9.0.202307051724\\db\/plugins/boardmanager/
2023-08-05 18:46:33,772 [INFO] ApiDb:261 - Set plugin images path to: C:\ST\STM32CubeIDE_1.11.2\STM32CubeIDE\plugins\com.st.stm32cube.common.mx_6.9.0.202307051724\\db\/plugins/mcufinder/images/
2023-08-05 18:46:33,772 [WARN] DbFile:41 - Overriding database path with different value: C:\Users\BurakKAYAALP\.stmcufinder\plugins\mcufinder/ => C:\Users\BurakKAYAALP\.stmcufinder\plugins\mcufinder
2023-08-05 18:46:33,773 [INFO] ApiDb:250 - Set database path to: C:\Users\BurakKAYAALP\.stmcufinder\plugins\mcufinder//mcu/
2023-08-05 18:46:33,773 [WARN] DbFile:41 - Overriding database path with different value: C:\Users\BurakKAYAALP\.stmcufinder\plugins\mcufinder/ => C:\Users\BurakKAYAALP\.stmcufinder\plugins\mcufinder
2023-08-05 18:46:33,773 [INFO] DbMcusAds:125 - Set database path to: C:\Users\BurakKAYAALP\.stmcufinder\plugins\mcufinder//mcu/
2023-08-05 18:46:33,773 [WARN] DbFile:41 - Overriding database path with different value: C:\Users\BurakKAYAALP\.stmcufinder\plugins\mcufinder/ => C:\Users\BurakKAYAALP\.stmcufinder\plugins\mcufinder
2023-08-05 18:46:33,773 [WARN] DbFile:41 - Overriding database path with different value: C:\Users\BurakKAYAALP\.stmcufinder\plugins\mcufinder/ => C:\Users\BurakKAYAALP\.stmcufinder\plugins\mcufinder
2023-08-05 18:46:33,773 [INFO] CrossReferenceDbSqlite:203 - Set database path to: C:\Users\BurakKAYAALP\.stmcufinder\plugins\mcufinder//mcu/cs/
2023-08-05 18:46:33,796 [INFO] ApplicationProperties:184 - Using Application install path: C:\ST\STM32CubeIDE_1.11.2\STM32CubeIDE\plugins\com.st.stm32cube.common.mx_6.9.0.202307051724
2023-08-05 18:46:33,800 [INFO] PluginManage:196 - Search for loadable plugins [exclusion list=, ]
2023-08-05 18:46:33,801 [INFO] PluginManage:310 - Check plugin analytics
2023-08-05 18:46:34,038 [INFO] AnalyticsPlugin:253 - Accepted Software Licenses: 
2023-08-05 18:46:34,038 [INFO] AnalyticsPlugin:255 - Accepted CMSIS Pack Licenses: STMicroelectronics.X-CUBE-MEMS1.9.6.0
2023-08-05 18:46:34,039 [INFO] AnalyticsPlugin:257 - Accepted Firmware Licenses: FW.F4.1.27.0,FW.G4.1.5.0,FW.F7.1.17.0,FW.WL.1.3.0
2023-08-05 18:46:34,042 [INFO] PluginManage:359 - Loaded plugin analytics (category:tool,tabindex:-1)
2023-08-05 18:46:34,043 [INFO] PluginManage:310 - Check plugin cadmodel
2023-08-05 18:46:34,048 [INFO] CADModel:105 - Init CAD model plugin
2023-08-05 18:46:34,048 [INFO] PluginManage:359 - Loaded plugin cadmodel (category:power,tabindex:5)
2023-08-05 18:46:34,048 [INFO] PluginManage:310 - Check plugin clock
2023-08-05 18:46:34,058 [INFO] PluginManage:359 - Loaded plugin clock (category:base,tabindex:2)
2023-08-05 18:46:34,058 [INFO] PluginManage:310 - Check plugin ddr
2023-08-05 18:46:34,060 [INFO] PluginManage:359 - Loaded plugin ddr (category:tool,tabindex:6)
2023-08-05 18:46:34,060 [INFO] PluginManage:310 - Check plugin filemanager
2023-08-05 18:46:34,237 [INFO] PluginManage:359 - Loaded plugin filemanager (category:base,tabindex:10)
2023-08-05 18:46:34,238 [INFO] PluginManage:310 - Check plugin ipmanager
2023-08-05 18:46:34,245 [INFO] PluginManage:359 - Loaded plugin ipmanager (category:base,tabindex:5)
2023-08-05 18:46:34,246 [INFO] PluginManage:310 - Check plugin lpbam
2023-08-05 18:46:34,259 [INFO] PluginManage:359 - Loaded plugin lpbam (category:base,tabindex:0)
2023-08-05 18:46:34,259 [INFO] PluginManage:310 - Check plugin memorymap
2023-08-05 18:46:34,290 [INFO] PluginManage:359 - Loaded plugin memorymap (category:base,tabindex:4)
2023-08-05 18:46:34,290 [INFO] PluginManage:310 - Check plugin pinoutandconfiguration
2023-08-05 18:46:34,301 [INFO] PluginManage:359 - Loaded plugin pinoutandconfiguration (category:base,tabindex:1)
2023-08-05 18:46:34,301 [INFO] PluginManage:310 - Check plugin pinoutconfig
2023-08-05 18:46:34,429 [WARN] SupportedApi:132 - Cannot load RTOS API schema: s4s-elt-must-match.1: The content of 'definitions' must match (annotation?, (simpleType | complexType)?, (unique | key | keyref)*)). A problem was found starting at: attribute.
2023-08-05 18:46:34,624 [INFO] PluginManage:359 - Loaded plugin pinoutconfig (category:base,tabindex:0)
2023-08-05 18:46:34,624 [INFO] PluginManage:310 - Check plugin power
2023-08-05 18:46:34,636 [INFO] PluginManage:359 - Loaded plugin power (category:power,tabindex:4)
2023-08-05 18:46:34,637 [INFO] PluginManage:310 - Check plugin projectmanager
2023-08-05 18:46:34,655 [INFO] PluginManage:359 - Loaded plugin projectmanager (category:projectmanager,tabindex:3)
2023-08-05 18:46:34,655 [INFO] PluginManage:310 - Check plugin thirdparty
2023-08-05 18:46:34,842 [INFO] PluginManage:359 - Loaded plugin thirdparty (category:base,tabindex:-1)
2023-08-05 18:46:34,842 [INFO] PluginManage:310 - Check plugin tools
2023-08-05 18:46:34,842 [WARN] IntegrityCheckThread:84 - waiting for thirdparty lock release [integrity check]
2023-08-05 18:46:34,842 [INFO] IntegrityCheckThread:86 - entering critical section [integrity check]
2023-08-05 18:46:34,843 [INFO] ThirdPartyUpdaterWithRetryManager:70 - Updater plugin not ready yet. [1/15]
2023-08-05 18:46:34,847 [INFO] PluginManage:359 - Loaded plugin tools (category:base,tabindex:7)
2023-08-05 18:46:34,847 [INFO] PluginManage:310 - Check plugin tutovideos
2023-08-05 18:46:35,124 [INFO] PluginManage:359 - Loaded plugin tutovideos (category:base,tabindex:-1)
2023-08-05 18:46:35,125 [INFO] PluginManage:310 - Check plugin updater
2023-08-05 18:46:35,140 [INFO] PluginManage:359 - Loaded plugin updater (category:base,tabindex:12)
2023-08-05 18:46:35,140 [INFO] PluginManage:310 - Check plugin userauth
2023-08-05 18:46:35,148 [INFO] UserAuth:113 - Init User Auth plugin
2023-08-05 18:46:35,149 [INFO] PluginManage:359 - Loaded plugin userauth (category:base,tabindex:14)
2023-08-05 18:46:35,149 [INFO] PluginManage:283 - PluginManage : Loaded plugins [17]
2023-08-05 18:46:35,453 [INFO] PinOutPanel:1499 - setPackage(No Configuration,No Configuration)
2023-08-05 18:46:35,612 [INFO] CADModel:165 - CPN selected for project level
2023-08-05 18:46:35,612 [INFO] CADModel:114 - Register for checkConnection events
2023-08-05 18:46:35,636 [INFO] IPUIPlugin:80 - create IPUIPlugin
2023-08-05 18:46:35,636 [INFO] PluginManager:220 - loadIPPluginJar : add adc
2023-08-05 18:46:35,641 [INFO] IPUIPlugin:80 - create IPUIPlugin
2023-08-05 18:46:35,642 [INFO] PluginManager:220 - loadIPPluginJar : add aes
2023-08-05 18:46:35,646 [INFO] IPUIPlugin:80 - create IPUIPlugin
2023-08-05 18:46:35,646 [INFO] PluginManager:220 - loadIPPluginJar : add can
2023-08-05 18:46:35,649 [INFO] IPUIPlugin:80 - create IPUIPlugin
2023-08-05 18:46:35,649 [INFO] PluginManager:220 - loadIPPluginJar : add comp
2023-08-05 18:46:35,653 [INFO] IPUIPlugin:80 - create IPUIPlugin
2023-08-05 18:46:35,653 [INFO] PluginManager:220 - loadIPPluginJar : add cryp
2023-08-05 18:46:35,657 [INFO] IPUIPlugin:80 - create IPUIPlugin
2023-08-05 18:46:35,657 [INFO] PluginManager:220 - loadIPPluginJar : add dfsdm
2023-08-05 18:46:35,666 [INFO] IPUIPlugin:80 - create IPUIPlugin
2023-08-05 18:46:35,667 [INFO] PluginManager:220 - loadIPPluginJar : add dma
2023-08-05 18:46:35,670 [INFO] IPUIPlugin:80 - create IPUIPlugin
2023-08-05 18:46:35,671 [INFO] PluginManager:220 - loadIPPluginJar : add dma3
2023-08-05 18:46:35,673 [INFO] IPUIPlugin:80 - create IPUIPlugin
2023-08-05 18:46:35,673 [INFO] PluginManager:220 - loadIPPluginJar : add fatfs
2023-08-05 18:46:35,680 [INFO] IPUIPlugin:80 - create IPUIPlugin
2023-08-05 18:46:35,681 [INFO] PluginManager:220 - loadIPPluginJar : add fmc
2023-08-05 18:46:35,687 [INFO] IPUIPlugin:80 - create IPUIPlugin
2023-08-05 18:46:35,687 [INFO] PluginManager:220 - loadIPPluginJar : add freertos
2023-08-05 18:46:35,689 [INFO] IPUIPlugin:80 - create IPUIPlugin
2023-08-05 18:46:35,689 [INFO] PluginManager:220 - loadIPPluginJar : add genericplugin
2023-08-05 18:46:35,692 [INFO] IPUIPlugin:80 - create IPUIPlugin
2023-08-05 18:46:35,692 [INFO] PluginManager:220 - loadIPPluginJar : add gfxmmu
2023-08-05 18:46:35,699 [INFO] IPUIPlugin:80 - create IPUIPlugin
2023-08-05 18:46:35,699 [INFO] PluginManager:220 - loadIPPluginJar : add gic
2023-08-05 18:46:35,705 [INFO] IPUIPlugin:80 - create IPUIPlugin
2023-08-05 18:46:35,705 [INFO] PluginManager:220 - loadIPPluginJar : add gpio
2023-08-05 18:46:35,708 [INFO] IPUIPlugin:80 - create IPUIPlugin
2023-08-05 18:46:35,708 [INFO] PluginManager:220 - loadIPPluginJar : add gtzc
2023-08-05 18:46:35,711 [INFO] IPUIPlugin:80 - create IPUIPlugin
2023-08-05 18:46:35,711 [INFO] PluginManager:220 - loadIPPluginJar : add hash
2023-08-05 18:46:35,715 [INFO] IPUIPlugin:80 - create IPUIPlugin
2023-08-05 18:46:35,715 [INFO] PluginManager:220 - loadIPPluginJar : add i2c
2023-08-05 18:46:35,719 [INFO] IPUIPlugin:80 - create IPUIPlugin
2023-08-05 18:46:35,719 [INFO] PluginManager:220 - loadIPPluginJar : add i2s
2023-08-05 18:46:35,724 [INFO] IPUIPlugin:80 - create IPUIPlugin
2023-08-05 18:46:35,724 [INFO] PluginManager:220 - loadIPPluginJar : add i3c
2023-08-05 18:46:35,728 [INFO] IPUIPlugin:80 - create IPUIPlugin
2023-08-05 18:46:35,729 [INFO] PluginManager:220 - loadIPPluginJar : add ipddr
2023-08-05 18:46:35,739 [INFO] IPUIPlugin:80 - create IPUIPlugin
2023-08-05 18:46:35,739 [INFO] PluginManager:220 - loadIPPluginJar : add linkedlist
2023-08-05 18:46:35,743 [INFO] IPUIPlugin:80 - create IPUIPlugin
2023-08-05 18:46:35,743 [INFO] PluginManager:220 - loadIPPluginJar : add lorawan
2023-08-05 18:46:35,745 [INFO] IPUIPlugin:80 - create IPUIPlugin
2023-08-05 18:46:35,745 [INFO] PluginManager:220 - loadIPPluginJar : add ltdc
2023-08-05 18:46:35,753 [INFO] IPUIPlugin:80 - create IPUIPlugin
2023-08-05 18:46:35,753 [INFO] PluginManager:220 - loadIPPluginJar : add mdma
2023-08-05 18:46:35,758 [INFO] IPUIPlugin:80 - create IPUIPlugin
2023-08-05 18:46:35,758 [INFO] PluginManager:220 - loadIPPluginJar : add nvic
2023-08-05 18:46:35,763 [INFO] IPUIPlugin:80 - create IPUIPlugin
2023-08-05 18:46:35,763 [INFO] PluginManager:220 - loadIPPluginJar : add opamp
2023-08-05 18:46:35,767 [INFO] IPUIPlugin:80 - create IPUIPlugin
2023-08-05 18:46:35,768 [INFO] PluginManager:220 - loadIPPluginJar : add openamp
2023-08-05 18:46:35,771 [INFO] IPUIPlugin:80 - create IPUIPlugin
2023-08-05 18:46:35,772 [INFO] PluginManager:220 - loadIPPluginJar : add pdm2pcm
2023-08-05 18:46:35,782 [INFO] IPUIPlugin:80 - create IPUIPlugin
2023-08-05 18:46:35,785 [INFO] PluginManager:220 - loadIPPluginJar : add plateformsettings
2023-08-05 18:46:35,789 [INFO] IPUIPlugin:80 - create IPUIPlugin
2023-08-05 18:46:35,789 [INFO] PluginManager:220 - loadIPPluginJar : add quadspi
2023-08-05 18:46:35,793 [INFO] IPUIPlugin:80 - create IPUIPlugin
2023-08-05 18:46:35,793 [INFO] PluginManager:220 - loadIPPluginJar : add resmgrutility
2023-08-05 18:46:35,797 [INFO] IPUIPlugin:80 - create IPUIPlugin
2023-08-05 18:46:35,797 [INFO] PluginManager:220 - loadIPPluginJar : add sai
2023-08-05 18:46:35,800 [INFO] IPUIPlugin:80 - create IPUIPlugin
2023-08-05 18:46:35,802 [INFO] PluginManager:220 - loadIPPluginJar : add spi
2023-08-05 18:46:35,809 [INFO] IPUIPlugin:80 - create IPUIPlugin
2023-08-05 18:46:35,809 [INFO] PluginManager:220 - loadIPPluginJar : add stm32_wpan
2023-08-05 18:46:35,811 [INFO] IPUIPlugin:80 - create IPUIPlugin
2023-08-05 18:46:35,811 [INFO] PluginManager:220 - loadIPPluginJar : add tim
2023-08-05 18:46:35,822 [INFO] IPUIPlugin:80 - create IPUIPlugin
2023-08-05 18:46:35,822 [INFO] PluginManager:220 - loadIPPluginJar : add touchsensing
2023-08-05 18:46:35,825 [INFO] IPUIPlugin:80 - create IPUIPlugin
2023-08-05 18:46:35,825 [INFO] PluginManager:220 - loadIPPluginJar : add tracer_emb
2023-08-05 18:46:35,828 [INFO] IPUIPlugin:80 - create IPUIPlugin
2023-08-05 18:46:35,828 [INFO] PluginManager:220 - loadIPPluginJar : add ts
2023-08-05 18:46:35,830 [INFO] IPUIPlugin:80 - create IPUIPlugin
2023-08-05 18:46:35,830 [INFO] PluginManager:220 - loadIPPluginJar : add tsc
2023-08-05 18:46:35,832 [INFO] IPUIPlugin:80 - create IPUIPlugin
2023-08-05 18:46:35,832 [INFO] PluginManager:220 - loadIPPluginJar : add ucpd
2023-08-05 18:46:35,836 [INFO] IPUIPlugin:80 - create IPUIPlugin
2023-08-05 18:46:35,836 [INFO] PluginManager:220 - loadIPPluginJar : add usart
2023-08-05 18:46:35,841 [INFO] IPUIPlugin:80 - create IPUIPlugin
2023-08-05 18:46:35,841 [INFO] PluginManager:220 - loadIPPluginJar : add usbx
2023-08-05 18:46:35,985 [INFO] CADModel:165 - CPN selected for project level
2023-08-05 18:46:35,985 [INFO] CADModel:114 - Register for checkConnection events
2023-08-05 18:46:35,985 [FATAL] Updater:308 - Updater called before beeing initialized
2023-08-05 18:46:35,985 [ERROR] CADModel:125 - Updater not yet initialized, retry later 
2023-08-05 18:46:36,165 [INFO] CADModel:165 - CPN selected for project level
2023-08-05 18:46:36,166 [INFO] CADModel:114 - Register for checkConnection events
2023-08-05 18:46:36,166 [FATAL] Updater:308 - Updater called before beeing initialized
2023-08-05 18:46:36,166 [ERROR] CADModel:125 - Updater not yet initialized, retry later 
2023-08-05 18:46:36,170 [FATAL] Updater:308 - Updater called before beeing initialized
2023-08-05 18:46:36,325 [FATAL] Updater:308 - Updater called before beeing initialized
2023-08-05 18:46:36,332 [INFO] DbMcusAds:53 - JSON generation date=Tue Mar 07 11:50:55 TRT 2023 (1678179055114)
2023-08-05 18:46:36,332 [FATAL] Updater:308 - Updater called before beeing initialized
2023-08-05 18:46:36,388 [WARN] DetailPanel:346 - Failed to get advertising image, set to default
2023-08-05 18:46:36,547 [FATAL] Updater:308 - Updater called before beeing initialized
2023-08-05 18:46:36,550 [FATAL] Updater:308 - Updater called before beeing initialized
2023-08-05 18:46:36,550 [FATAL] Updater:308 - Updater called before beeing initialized
2023-08-05 18:46:36,550 [WARN] DetailPanel:346 - Failed to get advertising image, set to default
2023-08-05 18:46:36,551 [FATAL] Updater:308 - Updater called before beeing initialized
2023-08-05 18:46:36,599 [ERROR] Updater:1120 - MainUpdater not yet initialized. External WinMGr cannot be set.
2023-08-05 18:46:36,601 [INFO] Updater:1056 - Updater Version found : 6.9.0
2023-08-05 18:46:36,621 [INFO] ApplicationProperties:184 - Using Application install path: C:\ST\STM32CubeIDE_1.11.2\STM32CubeIDE\plugins\com.st.stm32cube.common.mx_6.9.0.202307051724
2023-08-05 18:46:36,774 [ERROR] ServerAccessManage:1146 - Warning during Server Connection :  Unknown host sw-center.st.com
2023-08-05 18:46:36,778 [INFO] MainUpdater:2868 - connection check result : 22
2023-08-05 18:46:36,779 [INFO] MainUpdater:285 - Updater Check For Update Now.
2023-08-05 18:46:36,779 [INFO] MicroXplorer:498 - Change Database Version : DB.6.0.90
2023-08-05 18:46:36,785 [INFO] McuFinderGlobals:63 - Set McuFinder mode to 2 (CubeIDE integrated)
2023-08-05 18:46:36,785 [INFO] UserAuth:179 - activating auth plugin
2023-08-05 18:46:36,788 [INFO] UserAuth:393 - Internet connection configuration mode: 2
2023-08-05 18:46:36,982 [INFO] CheckServerUpdateThread:120 - End of CheckServer Thread
2023-08-05 18:46:38,027 [WARN] PackLoader:240 - Cannot read IP mode file for STMicroelectronics.X-CUBE-SMBUS.2.1.0
2023-08-05 18:46:38,095 [WARN] PackLoader:240 - Cannot read IP mode file for STMicroelectronics.X-CUBE-AZRTOS-F7.1.1.0
2023-08-05 18:46:38,114 [WARN] PackLoader:240 - Cannot read IP mode file for STMicroelectronics.FP-SNS-MOTENV1.4.3.2
2023-08-05 18:46:38,125 [WARN] PackLoader:240 - Cannot read IP mode file for STMicroelectronics.FP-SNS-FLIGHT1.5.0.1
2023-08-05 18:46:38,137 [WARN] PackLoader:240 - Cannot read IP mode file for STMicroelectronics.X-CUBE-BLE1.6.2.4
2023-08-05 18:46:38,149 [WARN] PackLoader:240 - Cannot read IP mode file for STMicroelectronics.X-CUBE-DISPLAY.3.0.0
2023-08-05 18:46:38,162 [WARN] PackLoader:240 - Cannot read IP mode file for STMicroelectronics.X-CUBE-TOUCHGFX.4.22.0
2023-08-05 18:46:38,182 [INFO] LogOutputStream:77 - [STDOUT_REDIRECT] 1 : Invalid condition id : UX_CORESTACK_Condition cause : null
2023-08-05 18:46:38,183 [INFO] LogOutputStream:77 - [STDOUT_REDIRECT] 1 : Invalid condition id : UX_CORESTACK_Condition cause : null
2023-08-05 18:46:38,186 [INFO] LogOutputStream:77 - [STDOUT_REDIRECT] 1 : Invalid condition id : UX_CORESTACK_Condition cause : null
2023-08-05 18:46:38,188 [INFO] LogOutputStream:77 - [STDOUT_REDIRECT] 1 : Invalid condition id : UX_CORESTACK_Condition cause : null
2023-08-05 18:46:38,190 [INFO] LogOutputStream:77 - [STDOUT_REDIRECT] 1 : Invalid condition id : UX_CORESTACK_Condition cause : null
2023-08-05 18:46:38,197 [WARN] PackLoader:240 - Cannot read IP mode file for STMicroelectronics.X-CUBE-AZRTOS-WL.2.0.0
2023-08-05 18:46:38,209 [WARN] PackLoader:240 - Cannot read IP mode file for WES.I-CUBE-Cesium.1.3.0
2023-08-05 18:46:38,215 [WARN] PackLoader:240 - Cannot read IP mode file for STMicroelectronics.X-CUBE-BLE2.3.3.0
2023-08-05 18:46:38,234 [WARN] PackLoader:240 - Cannot read IP mode file for STMicroelectronics.X-CUBE-TOF1.3.2.0
2023-08-05 18:46:38,257 [WARN] PackLoader:240 - Cannot read IP mode file for STMicroelectronics.X-CUBE-TOUCHGFX.4.21.1
2023-08-05 18:46:38,268 [WARN] PackLoader:240 - Cannot read IP mode file for STMicroelectronics.X-CUBE-TOUCHGFX.4.21.3
2023-08-05 18:46:38,276 [WARN] PackLoader:240 - Cannot read IP mode file for STMicroelectronics.X-CUBE-ALGOBUILD.1.3.0
2023-08-05 18:46:38,302 [WARN] PackLoader:240 - Cannot read IP mode file for STMicroelectronics.X-CUBE-AZRTOS-G0.1.1.0
2023-08-05 18:46:38,314 [WARN] PackLoader:240 - Cannot read IP mode file for STMicroelectronics.X-CUBE-NFC4.3.0.0
2023-08-05 18:46:38,323 [WARN] PackLoader:240 - Cannot read IP mode file for STMicroelectronics.X-CUBE-BLEMGR.1.3.0
2023-08-05 18:46:38,330 [WARN] PackLoader:240 - Cannot read IP mode file for STMicroelectronics.FP-ATR-SIGFOX1.3.2.0
2023-08-05 18:46:38,373 [WARN] PackLoader:240 - Cannot read IP mode file for STMicroelectronics.X-CUBE-MEMS1.9.5.0
2023-08-05 18:46:38,599 [WARN] PackLoader:240 - Cannot read IP mode file for SEGGER.I-CUBE-embOS.1.3.1
2023-08-05 18:46:38,650 [WARN] PackLoader:240 - Cannot read IP mode file for STMicroelectronics.X-CUBE-GNSS1.6.0.0
2023-08-05 18:46:38,670 [WARN] PackLoader:240 - Cannot read IP mode file for STMicroelectronics.X-CUBE-AZRTOS-F4.1.1.0
2023-08-05 18:46:38,718 [WARN] PackLoader:240 - Cannot read IP mode file for STMicroelectronics.X-CUBE-MEMS1.9.6.0
2023-08-05 18:46:39,083 [WARN] PackLoader:240 - Cannot read IP mode file for emotas.I-CUBE-CANOPEN.1.1.3
2023-08-05 18:46:39,090 [WARN] PackLoader:240 - Cannot read IP mode file for STMicroelectronics.X-CUBE-BLEMGR.2.0.0
2023-08-05 18:46:39,107 [WARN] ConditionMgr:438 - getConditionDescription Invalid condition id : UX DEVICE CLASS RTOS Condition cause : null
2023-08-05 18:46:39,108 [WARN] ConditionMgr:438 - getConditionDescription Invalid condition id : UX DEVICE CLASS RTOS Condition cause : null
2023-08-05 18:46:39,110 [WARN] PackLoader:240 - Cannot read IP mode file for STMicroelectronics.X-CUBE-AZRTOS-H7.3.1.0
2023-08-05 18:46:39,111 [WARN] ConditionMgr:1039 - genDependencies : Invalid condition id : UX DEVICE CLASS RTOS Condition cause : null
2023-08-05 18:46:39,111 [WARN] ConditionMgr:1039 - genDependencies : Invalid condition id : UX DEVICE CLASS RTOS Condition cause : null
2023-08-05 18:46:39,111 [WARN] ConditionMgr:1039 - genDependencies : Invalid condition id : UX DEVICE CLASS RTOS Condition cause : null
2023-08-05 18:46:39,112 [WARN] ConditionMgr:1039 - genDependencies : Invalid condition id : UX DEVICE CLASS RTOS Condition cause : null
2023-08-05 18:46:39,112 [WARN] ConditionMgr:1039 - genDependencies : Invalid condition id : UX DEVICE CLASS RTOS Condition cause : null
2023-08-05 18:46:39,117 [WARN] PackLoader:240 - Cannot read IP mode file for wolfSSL.I-CUBE-wolfSSL.5.5.4
2023-08-05 18:46:39,122 [WARN] PackLoader:240 - Cannot read IP mode file for STMicroelectronics.X-CUBE-NFC7.1.0.1
2023-08-05 18:46:39,126 [WARN] PackLoader:240 - Cannot read IP mode file for STMicroelectronics.X-CUBE-NFC7.1.0.0
2023-08-05 18:46:39,132 [WARN] PackLoader:240 - Cannot read IP mode file for STMicroelectronics.X-CUBE-EEPRMA1.4.1.0
2023-08-05 18:46:39,150 [WARN] ConditionMgr:438 - getConditionDescription Invalid condition id : LAN8742 Phy interface Condition cause : null
2023-08-05 18:46:39,151 [WARN] PackLoader:240 - Cannot read IP mode file for STMicroelectronics.X-CUBE-AZRTOS-L4.2.0.0
2023-08-05 18:46:39,152 [WARN] ConditionMgr:1039 - genDependencies : Invalid condition id : LAN8742 Phy interface Condition cause : null
2023-08-05 18:46:39,152 [WARN] ConditionMgr:1039 - genDependencies : Invalid condition id : LAN8742 Phy interface Condition cause : null
2023-08-05 18:46:39,153 [WARN] ConditionMgr:1039 - genDependencies : Invalid condition id : LAN8742 Phy interface Condition cause : null
2023-08-05 18:46:39,159 [WARN] PackLoader:240 - Cannot read IP mode file for STMicroelectronics.X-CUBE-SFXS2LP1.4.0.0
2023-08-05 18:46:39,178 [WARN] PackLoader:240 - Cannot read IP mode file for STMicroelectronics.X-CUBE-AZRTOS-H7.3.0.0
2023-08-05 18:46:39,184 [WARN] PackLoader:240 - Cannot read IP mode file for STMicroelectronics.X-CUBE-ISPU.1.1.0
2023-08-05 18:46:39,191 [WARN] PackLoader:240 - Cannot read IP mode file for RoweBots.I-CUBE-UNISONRTOS.5.5.0-4
2023-08-05 18:46:39,199 [WARN] PackLoader:240 - Cannot read IP mode file for STMicroelectronics.X-CUBE-AI.8.0.0
2023-08-05 18:46:39,206 [WARN] PackLoader:240 - Cannot read IP mode file for STMicroelectronics.X-CUBE-FREERTOS.1.0.0
2023-08-05 18:46:39,211 [WARN] PackLoader:240 - Cannot read IP mode file for STMicroelectronics.X-CUBE-FREERTOS.1.0.1
2023-08-05 18:46:39,229 [WARN] PackLoader:240 - Cannot read IP mode file for STMicroelectronics.X-CUBE-AZRTOS-L5.1.1.0
2023-08-05 18:46:39,236 [WARN] PackLoader:240 - Cannot read IP mode file for STMicroelectronics.X-CUBE-AI.8.0.1
2023-08-05 18:46:39,248 [WARN] PackLoader:240 - Cannot read IP mode file for STMicroelectronics.X-CUBE-SUBG2.5.0.0
2023-08-05 18:46:39,263 [WARN] PackLoader:240 - Cannot read IP mode file for STMicroelectronics.X-CUBE-TOF1.3.3.1
2023-08-05 18:46:39,299 [WARN] PackLoader:240 - Cannot read IP mode file for STMicroelectronics.X-CUBE-AZRTOS-G4.2.0.0
2023-08-05 18:46:39,309 [WARN] PackLoader:240 - Cannot read IP mode file for STMicroelectronics.X-CUBE-TOF1.3.3.0
2023-08-05 18:46:39,321 [WARN] PackLoader:240 - Cannot read IP mode file for STMicroelectronics.FP-ATR-ASTRA1.1.1.1
2023-08-05 18:46:39,331 [WARN] PackLoader:240 - Cannot read IP mode file for STMicroelectronics.X-CUBE-AZRTOS-G4.1.0.0
2023-08-05 18:46:39,347 [WARN] PackLoader:240 - Cannot read IP mode file for STMicroelectronics.X-CUBE-AZRTOS-L4.1.0.0
2023-08-05 18:46:39,358 [WARN] PackLoader:240 - Cannot read IP mode file for STMicroelectronics.X-CUBE-AZRTOS-WL.1.0.0
2023-08-05 18:46:39,364 [WARN] PackLoader:240 - Cannot read IP mode file for portGmbH.I-Cube-SoM-uGOAL.1.1.0
2023-08-05 18:46:39,367 [WARN] PackLoader:240 - Cannot read IP mode file for STMicroelectronics.X-CUBE-ALS.1.0.1
2023-08-05 18:46:39,378 [WARN] PackLoader:240 - Cannot read IP mode file for STMicroelectronics.X-CUBE-AZRTOS-WB.1.1.0
2023-08-05 18:46:39,383 [WARN] PackLoader:240 - Cannot read IP mode file for STMicroelectronics.FP-ATR-ASTRA1.2.0.0
2023-08-05 18:46:39,384 [INFO] ThirdParty:978 - Integrity check success = true
2023-08-05 18:46:39,384 [INFO] IntegrityCheckThread:100 - exiting critical section [integrity check]
2023-08-05 18:46:39,384 [INFO] IntegrityCheckThread:103 - End integrity checks thread
2023-08-05 18:46:57,391 [ERROR] LogOutputStream:75 - [STDERR_REDIRECT] SLF4J: Failed to load class "org.slf4j.impl.StaticLoggerBinder".
2023-08-05 18:46:57,392 [ERROR] LogOutputStream:75 - [STDERR_REDIRECT] SLF4J: Defaulting to no-operation (NOP) logger implementation
2023-08-05 18:46:57,393 [ERROR] LogOutputStream:75 - [STDERR_REDIRECT] SLF4J: See http://www.slf4j.org/codes.html#StaticLoggerBinder for further details.
