2023-07-30 00:25:12,484 [ERROR] LogOutputStream:75 - [STDERR_REDIRECT] 
2023-07-30 19:26:43,573 [INFO] Activator:176 - 


2023-07-30 19:26:43,574 [INFO] Activator:177 - !SESSION log4j initialized
2023-07-30 19:26:47,437 [INFO] LogOutputStream:77 - [STDOUT_REDIRECT] 
2023-07-30 19:26:49,413 [INFO] ApplicationProperties:184 - Using Application install path: C:\ST\STM32CubeIDE_1.11.2\STM32CubeIDE\plugins\com.st.stm32cube.common.mx_6.9.0.202307051724
2023-07-30 19:26:49,430 [INFO] DbMcusXml:78 - Set database path to: C:\ST\STM32CubeIDE_1.11.2\STM32CubeIDE\plugins\com.st.stm32cube.common.mx_6.9.0.202307051724\\db\/mcu/
2023-07-30 19:26:49,430 [INFO] ApiDb:274 - Set plugin database path to: C:\ST\STM32CubeIDE_1.11.2\STM32CubeIDE\plugins\com.st.stm32cube.common.mx_6.9.0.202307051724\\db\/plugins/boardmanager/
2023-07-30 19:26:49,431 [WARN] ApiDb:259 - Overriding images path with different value:  => C:\ST\STM32CubeIDE_1.11.2\STM32CubeIDE\plugins\com.st.stm32cube.common.mx_6.9.0.202307051724\\db\/plugins/mcufinder/images/
2023-07-30 19:26:49,441 [INFO] ApiDb:250 - Set database path to: C:\Users\BurakKAYAALP\.stmcufinder\plugins\mcufinder//mcu/
2023-07-30 19:26:49,443 [INFO] DbMcusAds:125 - Set database path to: C:\Users\BurakKAYAALP\.stmcufinder\plugins\mcufinder//mcu/
2023-07-30 19:26:49,446 [INFO] CrossReferenceDbSqlite:203 - Set database path to: C:\Users\BurakKAYAALP\.stmcufinder\plugins\mcufinder//mcu/cs/
2023-07-30 19:26:49,582 [INFO] RulesReader:64 - Compatibility file has been processed (293 Rules)
2023-07-30 19:26:49,655 [INFO] DbMcusXml:78 - Set database path to: C:\ST\STM32CubeIDE_1.11.2\STM32CubeIDE\plugins\com.st.stm32cube.common.mx_6.9.0.202307051724\\db\/mcu/
2023-07-30 19:26:49,655 [INFO] ApiDb:274 - Set plugin database path to: C:\ST\STM32CubeIDE_1.11.2\STM32CubeIDE\plugins\com.st.stm32cube.common.mx_6.9.0.202307051724\\db\/plugins/boardmanager/
2023-07-30 19:26:49,655 [INFO] ApiDb:261 - Set plugin images path to: C:\ST\STM32CubeIDE_1.11.2\STM32CubeIDE\plugins\com.st.stm32cube.common.mx_6.9.0.202307051724\\db\/plugins/mcufinder/images/
2023-07-30 19:26:49,655 [WARN] DbFile:41 - Overriding database path with different value: C:\Users\BurakKAYAALP\.stmcufinder\plugins\mcufinder/ => C:\Users\BurakKAYAALP\.stmcufinder\plugins\mcufinder
2023-07-30 19:26:49,655 [INFO] ApiDb:250 - Set database path to: C:\Users\BurakKAYAALP\.stmcufinder\plugins\mcufinder//mcu/
2023-07-30 19:26:49,655 [WARN] DbFile:41 - Overriding database path with different value: C:\Users\BurakKAYAALP\.stmcufinder\plugins\mcufinder/ => C:\Users\BurakKAYAALP\.stmcufinder\plugins\mcufinder
2023-07-30 19:26:49,655 [INFO] DbMcusAds:125 - Set database path to: C:\Users\BurakKAYAALP\.stmcufinder\plugins\mcufinder//mcu/
2023-07-30 19:26:49,655 [WARN] DbFile:41 - Overriding database path with different value: C:\Users\BurakKAYAALP\.stmcufinder\plugins\mcufinder/ => C:\Users\BurakKAYAALP\.stmcufinder\plugins\mcufinder
2023-07-30 19:26:49,655 [WARN] DbFile:41 - Overriding database path with different value: C:\Users\BurakKAYAALP\.stmcufinder\plugins\mcufinder/ => C:\Users\BurakKAYAALP\.stmcufinder\plugins\mcufinder
2023-07-30 19:26:49,655 [INFO] CrossReferenceDbSqlite:203 - Set database path to: C:\Users\BurakKAYAALP\.stmcufinder\plugins\mcufinder//mcu/cs/
2023-07-30 19:26:49,727 [INFO] MainPanel:262 - HeapMemory: 268435456
2023-07-30 19:26:49,813 [INFO] DbMcusXml:78 - Set database path to: C:\ST\STM32CubeIDE_1.11.2\STM32CubeIDE\plugins\com.st.stm32cube.common.mx_6.9.0.202307051724\\db\/mcu/
2023-07-30 19:26:49,813 [INFO] ApiDb:274 - Set plugin database path to: C:\ST\STM32CubeIDE_1.11.2\STM32CubeIDE\plugins\com.st.stm32cube.common.mx_6.9.0.202307051724\\db\/plugins/boardmanager/
2023-07-30 19:26:49,813 [INFO] ApiDb:261 - Set plugin images path to: C:\ST\STM32CubeIDE_1.11.2\STM32CubeIDE\plugins\com.st.stm32cube.common.mx_6.9.0.202307051724\\db\/plugins/mcufinder/images/
2023-07-30 19:26:49,813 [WARN] DbFile:41 - Overriding database path with different value: C:\Users\BurakKAYAALP\.stmcufinder\plugins\mcufinder/ => C:\Users\BurakKAYAALP\.stmcufinder\plugins\mcufinder
2023-07-30 19:26:49,813 [INFO] ApiDb:250 - Set database path to: C:\Users\BurakKAYAALP\.stmcufinder\plugins\mcufinder//mcu/
2023-07-30 19:26:49,814 [WARN] DbFile:41 - Overriding database path with different value: C:\Users\BurakKAYAALP\.stmcufinder\plugins\mcufinder/ => C:\Users\BurakKAYAALP\.stmcufinder\plugins\mcufinder
2023-07-30 19:26:49,814 [INFO] DbMcusAds:125 - Set database path to: C:\Users\BurakKAYAALP\.stmcufinder\plugins\mcufinder//mcu/
2023-07-30 19:26:49,814 [WARN] DbFile:41 - Overriding database path with different value: C:\Users\BurakKAYAALP\.stmcufinder\plugins\mcufinder/ => C:\Users\BurakKAYAALP\.stmcufinder\plugins\mcufinder
2023-07-30 19:26:49,814 [WARN] DbFile:41 - Overriding database path with different value: C:\Users\BurakKAYAALP\.stmcufinder\plugins\mcufinder/ => C:\Users\BurakKAYAALP\.stmcufinder\plugins\mcufinder
2023-07-30 19:26:49,814 [INFO] CrossReferenceDbSqlite:203 - Set database path to: C:\Users\BurakKAYAALP\.stmcufinder\plugins\mcufinder//mcu/cs/
2023-07-30 19:26:49,830 [INFO] ApplicationProperties:184 - Using Application install path: C:\ST\STM32CubeIDE_1.11.2\STM32CubeIDE\plugins\com.st.stm32cube.common.mx_6.9.0.202307051724
2023-07-30 19:26:49,831 [INFO] PluginManage:196 - Search for loadable plugins [exclusion list=, ]
2023-07-30 19:26:49,832 [INFO] PluginManage:310 - Check plugin analytics
2023-07-30 19:26:49,964 [INFO] AnalyticsPlugin:253 - Accepted Software Licenses: 
2023-07-30 19:26:49,964 [INFO] AnalyticsPlugin:255 - Accepted CMSIS Pack Licenses: STMicroelectronics.X-CUBE-MEMS1.9.6.0
2023-07-30 19:26:49,964 [INFO] AnalyticsPlugin:257 - Accepted Firmware Licenses: FW.F4.1.27.0,FW.G4.1.5.0,FW.F7.1.17.0,FW.WL.1.3.0
2023-07-30 19:26:49,966 [INFO] PluginManage:359 - Loaded plugin analytics (category:tool,tabindex:-1)
2023-07-30 19:26:49,967 [INFO] PluginManage:310 - Check plugin cadmodel
2023-07-30 19:26:49,978 [INFO] CADModel:105 - Init CAD model plugin
2023-07-30 19:26:49,979 [INFO] PluginManage:359 - Loaded plugin cadmodel (category:power,tabindex:5)
2023-07-30 19:26:49,979 [INFO] PluginManage:310 - Check plugin clock
2023-07-30 19:26:49,995 [INFO] PluginManage:359 - Loaded plugin clock (category:base,tabindex:2)
2023-07-30 19:26:49,995 [INFO] PluginManage:310 - Check plugin ddr
2023-07-30 19:26:49,997 [INFO] PluginManage:359 - Loaded plugin ddr (category:tool,tabindex:6)
2023-07-30 19:26:49,997 [INFO] PluginManage:310 - Check plugin filemanager
2023-07-30 19:26:50,143 [INFO] PluginManage:359 - Loaded plugin filemanager (category:base,tabindex:10)
2023-07-30 19:26:50,143 [INFO] PluginManage:310 - Check plugin ipmanager
2023-07-30 19:26:50,149 [INFO] PluginManage:359 - Loaded plugin ipmanager (category:base,tabindex:5)
2023-07-30 19:26:50,149 [INFO] PluginManage:310 - Check plugin lpbam
2023-07-30 19:26:50,164 [INFO] PluginManage:359 - Loaded plugin lpbam (category:base,tabindex:0)
2023-07-30 19:26:50,164 [INFO] PluginManage:310 - Check plugin memorymap
2023-07-30 19:26:50,181 [INFO] PluginManage:359 - Loaded plugin memorymap (category:base,tabindex:4)
2023-07-30 19:26:50,181 [INFO] PluginManage:310 - Check plugin pinoutandconfiguration
2023-07-30 19:26:50,195 [INFO] PluginManage:359 - Loaded plugin pinoutandconfiguration (category:base,tabindex:1)
2023-07-30 19:26:50,195 [INFO] PluginManage:310 - Check plugin pinoutconfig
2023-07-30 19:26:50,313 [WARN] SupportedApi:132 - Cannot load RTOS API schema: s4s-elt-must-match.1: The content of 'definitions' must match (annotation?, (simpleType | complexType)?, (unique | key | keyref)*)). A problem was found starting at: attribute.
2023-07-30 19:26:50,446 [INFO] PluginManage:359 - Loaded plugin pinoutconfig (category:base,tabindex:0)
2023-07-30 19:26:50,446 [INFO] PluginManage:310 - Check plugin power
2023-07-30 19:26:50,467 [INFO] PluginManage:359 - Loaded plugin power (category:power,tabindex:4)
2023-07-30 19:26:50,468 [INFO] PluginManage:310 - Check plugin projectmanager
2023-07-30 19:26:50,484 [INFO] PluginManage:359 - Loaded plugin projectmanager (category:projectmanager,tabindex:3)
2023-07-30 19:26:50,484 [INFO] PluginManage:310 - Check plugin thirdparty
2023-07-30 19:26:50,714 [INFO] PluginManage:359 - Loaded plugin thirdparty (category:base,tabindex:-1)
2023-07-30 19:26:50,714 [WARN] IntegrityCheckThread:84 - waiting for thirdparty lock release [integrity check]
2023-07-30 19:26:50,714 [INFO] PluginManage:310 - Check plugin tools
2023-07-30 19:26:50,714 [INFO] IntegrityCheckThread:86 - entering critical section [integrity check]
2023-07-30 19:26:50,715 [INFO] ThirdPartyUpdaterWithRetryManager:70 - Updater plugin not ready yet. [1/15]
2023-07-30 19:26:50,753 [INFO] PluginManage:359 - Loaded plugin tools (category:base,tabindex:7)
2023-07-30 19:26:50,753 [INFO] PluginManage:310 - Check plugin tutovideos
2023-07-30 19:26:50,931 [INFO] PluginManage:359 - Loaded plugin tutovideos (category:base,tabindex:-1)
2023-07-30 19:26:50,932 [INFO] PluginManage:310 - Check plugin updater
2023-07-30 19:26:50,943 [INFO] PluginManage:359 - Loaded plugin updater (category:base,tabindex:12)
2023-07-30 19:26:50,944 [INFO] PluginManage:310 - Check plugin userauth
2023-07-30 19:26:50,953 [INFO] UserAuth:113 - Init User Auth plugin
2023-07-30 19:26:50,953 [INFO] PluginManage:359 - Loaded plugin userauth (category:base,tabindex:14)
2023-07-30 19:26:50,954 [INFO] PluginManage:283 - PluginManage : Loaded plugins [17]
2023-07-30 19:26:51,196 [INFO] PinOutPanel:1499 - setPackage(No Configuration,No Configuration)
2023-07-30 19:26:51,332 [INFO] CADModel:165 - CPN selected for project level
2023-07-30 19:26:51,332 [INFO] CADModel:114 - Register for checkConnection events
2023-07-30 19:26:51,361 [INFO] IPUIPlugin:80 - create IPUIPlugin
2023-07-30 19:26:51,361 [INFO] PluginManager:220 - loadIPPluginJar : add adc
2023-07-30 19:26:51,399 [INFO] IPUIPlugin:80 - create IPUIPlugin
2023-07-30 19:26:51,399 [INFO] PluginManager:220 - loadIPPluginJar : add aes
2023-07-30 19:26:51,441 [INFO] IPUIPlugin:80 - create IPUIPlugin
2023-07-30 19:26:51,441 [INFO] PluginManager:220 - loadIPPluginJar : add can
2023-07-30 19:26:51,464 [INFO] IPUIPlugin:80 - create IPUIPlugin
2023-07-30 19:26:51,464 [INFO] PluginManager:220 - loadIPPluginJar : add comp
2023-07-30 19:26:51,499 [INFO] IPUIPlugin:80 - create IPUIPlugin
2023-07-30 19:26:51,499 [INFO] PluginManager:220 - loadIPPluginJar : add cryp
2023-07-30 19:26:51,530 [INFO] IPUIPlugin:80 - create IPUIPlugin
2023-07-30 19:26:51,530 [INFO] PluginManager:220 - loadIPPluginJar : add dfsdm
2023-07-30 19:26:51,545 [INFO] IPUIPlugin:80 - create IPUIPlugin
2023-07-30 19:26:51,546 [INFO] PluginManager:220 - loadIPPluginJar : add dma
2023-07-30 19:26:51,588 [INFO] IPUIPlugin:80 - create IPUIPlugin
2023-07-30 19:26:51,589 [INFO] PluginManager:220 - loadIPPluginJar : add dma3
2023-07-30 19:26:51,608 [INFO] IPUIPlugin:80 - create IPUIPlugin
2023-07-30 19:26:51,608 [INFO] PluginManager:220 - loadIPPluginJar : add fatfs
2023-07-30 19:26:51,643 [INFO] IPUIPlugin:80 - create IPUIPlugin
2023-07-30 19:26:51,644 [INFO] PluginManager:220 - loadIPPluginJar : add fmc
2023-07-30 19:26:51,655 [INFO] IPUIPlugin:80 - create IPUIPlugin
2023-07-30 19:26:51,655 [INFO] PluginManager:220 - loadIPPluginJar : add freertos
2023-07-30 19:26:51,670 [INFO] IPUIPlugin:80 - create IPUIPlugin
2023-07-30 19:26:51,670 [INFO] PluginManager:220 - loadIPPluginJar : add genericplugin
2023-07-30 19:26:51,741 [INFO] IPUIPlugin:80 - create IPUIPlugin
2023-07-30 19:26:51,741 [INFO] PluginManager:220 - loadIPPluginJar : add gfxmmu
2023-07-30 19:26:51,837 [INFO] IPUIPlugin:80 - create IPUIPlugin
2023-07-30 19:26:51,837 [INFO] PluginManager:220 - loadIPPluginJar : add gic
2023-07-30 19:26:51,850 [INFO] IPUIPlugin:80 - create IPUIPlugin
2023-07-30 19:26:51,850 [INFO] PluginManager:220 - loadIPPluginJar : add gpio
2023-07-30 19:26:51,918 [INFO] IPUIPlugin:80 - create IPUIPlugin
2023-07-30 19:26:51,918 [INFO] PluginManager:220 - loadIPPluginJar : add gtzc
2023-07-30 19:26:51,942 [INFO] IPUIPlugin:80 - create IPUIPlugin
2023-07-30 19:26:51,942 [INFO] PluginManager:220 - loadIPPluginJar : add hash
2023-07-30 19:26:51,985 [INFO] IPUIPlugin:80 - create IPUIPlugin
2023-07-30 19:26:51,985 [INFO] PluginManager:220 - loadIPPluginJar : add i2c
2023-07-30 19:26:52,016 [INFO] IPUIPlugin:80 - create IPUIPlugin
2023-07-30 19:26:52,016 [INFO] PluginManager:220 - loadIPPluginJar : add i2s
2023-07-30 19:26:52,049 [INFO] IPUIPlugin:80 - create IPUIPlugin
2023-07-30 19:26:52,049 [INFO] PluginManager:220 - loadIPPluginJar : add i3c
2023-07-30 19:26:52,123 [INFO] IPUIPlugin:80 - create IPUIPlugin
2023-07-30 19:26:52,124 [INFO] PluginManager:220 - loadIPPluginJar : add ipddr
2023-07-30 19:26:52,189 [INFO] IPUIPlugin:80 - create IPUIPlugin
2023-07-30 19:26:52,189 [INFO] PluginManager:220 - loadIPPluginJar : add linkedlist
2023-07-30 19:26:52,217 [INFO] IPUIPlugin:80 - create IPUIPlugin
2023-07-30 19:26:52,217 [INFO] PluginManager:220 - loadIPPluginJar : add lorawan
2023-07-30 19:26:52,243 [INFO] IPUIPlugin:80 - create IPUIPlugin
2023-07-30 19:26:52,243 [INFO] PluginManager:220 - loadIPPluginJar : add ltdc
2023-07-30 19:26:52,254 [INFO] IPUIPlugin:80 - create IPUIPlugin
2023-07-30 19:26:52,255 [INFO] PluginManager:220 - loadIPPluginJar : add mdma
2023-07-30 19:26:52,264 [INFO] IPUIPlugin:80 - create IPUIPlugin
2023-07-30 19:26:52,264 [INFO] PluginManager:220 - loadIPPluginJar : add nvic
2023-07-30 19:26:52,289 [INFO] IPUIPlugin:80 - create IPUIPlugin
2023-07-30 19:26:52,289 [INFO] PluginManager:220 - loadIPPluginJar : add opamp
2023-07-30 19:26:52,331 [INFO] IPUIPlugin:80 - create IPUIPlugin
2023-07-30 19:26:52,331 [INFO] PluginManager:220 - loadIPPluginJar : add openamp
2023-07-30 19:26:52,364 [INFO] IPUIPlugin:80 - create IPUIPlugin
2023-07-30 19:26:52,364 [INFO] PluginManager:220 - loadIPPluginJar : add pdm2pcm
2023-07-30 19:26:52,375 [INFO] IPUIPlugin:80 - create IPUIPlugin
2023-07-30 19:26:52,377 [INFO] PluginManager:220 - loadIPPluginJar : add plateformsettings
2023-07-30 19:26:52,392 [INFO] IPUIPlugin:80 - create IPUIPlugin
2023-07-30 19:26:52,392 [INFO] PluginManager:220 - loadIPPluginJar : add quadspi
2023-07-30 19:26:52,403 [INFO] IPUIPlugin:80 - create IPUIPlugin
2023-07-30 19:26:52,403 [INFO] PluginManager:220 - loadIPPluginJar : add resmgrutility
2023-07-30 19:26:52,438 [INFO] IPUIPlugin:80 - create IPUIPlugin
2023-07-30 19:26:52,438 [INFO] PluginManager:220 - loadIPPluginJar : add sai
2023-07-30 19:26:52,480 [INFO] IPUIPlugin:80 - create IPUIPlugin
2023-07-30 19:26:52,480 [INFO] PluginManager:220 - loadIPPluginJar : add spi
2023-07-30 19:26:52,549 [INFO] IPUIPlugin:80 - create IPUIPlugin
2023-07-30 19:26:52,549 [INFO] PluginManager:220 - loadIPPluginJar : add stm32_wpan
2023-07-30 19:26:52,573 [INFO] IPUIPlugin:80 - create IPUIPlugin
2023-07-30 19:26:52,574 [INFO] PluginManager:220 - loadIPPluginJar : add tim
2023-07-30 19:26:52,614 [INFO] IPUIPlugin:80 - create IPUIPlugin
2023-07-30 19:26:52,614 [INFO] PluginManager:220 - loadIPPluginJar : add touchsensing
2023-07-30 19:26:52,631 [INFO] IPUIPlugin:80 - create IPUIPlugin
2023-07-30 19:26:52,631 [INFO] PluginManager:220 - loadIPPluginJar : add tracer_emb
2023-07-30 19:26:52,647 [INFO] IPUIPlugin:80 - create IPUIPlugin
2023-07-30 19:26:52,648 [INFO] PluginManager:220 - loadIPPluginJar : add ts
2023-07-30 19:26:52,663 [INFO] IPUIPlugin:80 - create IPUIPlugin
2023-07-30 19:26:52,664 [INFO] PluginManager:220 - loadIPPluginJar : add tsc
2023-07-30 19:26:52,679 [INFO] IPUIPlugin:80 - create IPUIPlugin
2023-07-30 19:26:52,680 [INFO] PluginManager:220 - loadIPPluginJar : add ucpd
2023-07-30 19:26:52,711 [INFO] IPUIPlugin:80 - create IPUIPlugin
2023-07-30 19:26:52,711 [INFO] PluginManager:220 - loadIPPluginJar : add usart
2023-07-30 19:26:52,743 [INFO] IPUIPlugin:80 - create IPUIPlugin
2023-07-30 19:26:52,744 [INFO] PluginManager:220 - loadIPPluginJar : add usbx
2023-07-30 19:26:52,858 [INFO] CADModel:165 - CPN selected for project level
2023-07-30 19:26:52,859 [INFO] CADModel:114 - Register for checkConnection events
2023-07-30 19:26:52,859 [FATAL] Updater:308 - Updater called before beeing initialized
2023-07-30 19:26:52,859 [ERROR] CADModel:125 - Updater not yet initialized, retry later 
2023-07-30 19:26:52,963 [INFO] CADModel:165 - CPN selected for project level
2023-07-30 19:26:52,963 [INFO] CADModel:114 - Register for checkConnection events
2023-07-30 19:26:52,963 [FATAL] Updater:308 - Updater called before beeing initialized
2023-07-30 19:26:52,963 [ERROR] CADModel:125 - Updater not yet initialized, retry later 
2023-07-30 19:26:52,966 [FATAL] Updater:308 - Updater called before beeing initialized
2023-07-30 19:26:53,053 [FATAL] Updater:308 - Updater called before beeing initialized
2023-07-30 19:26:53,062 [INFO] DbMcusAds:53 - JSON generation date=Tue Mar 07 11:50:55 TRT 2023 (1678179055114)
2023-07-30 19:26:53,062 [FATAL] Updater:308 - Updater called before beeing initialized
2023-07-30 19:26:53,108 [WARN] DetailPanel:346 - Failed to get advertising image, set to default
2023-07-30 19:26:53,183 [FATAL] Updater:308 - Updater called before beeing initialized
2023-07-30 19:26:53,184 [FATAL] Updater:308 - Updater called before beeing initialized
2023-07-30 19:26:53,184 [FATAL] Updater:308 - Updater called before beeing initialized
2023-07-30 19:26:53,185 [WARN] DetailPanel:346 - Failed to get advertising image, set to default
2023-07-30 19:26:53,185 [FATAL] Updater:308 - Updater called before beeing initialized
2023-07-30 19:26:53,224 [ERROR] Updater:1120 - MainUpdater not yet initialized. External WinMGr cannot be set.
2023-07-30 19:26:53,232 [INFO] Updater:1056 - Updater Version found : 6.9.0
2023-07-30 19:26:53,249 [INFO] ApplicationProperties:184 - Using Application install path: C:\ST\STM32CubeIDE_1.11.2\STM32CubeIDE\plugins\com.st.stm32cube.common.mx_6.9.0.202307051724
2023-07-30 19:26:53,448 [INFO] MainUpdater:2868 - connection check result : 10
2023-07-30 19:26:53,449 [INFO] MainUpdater:285 - Updater Check For Update Now.
2023-07-30 19:26:53,449 [INFO] MicroXplorer:498 - Change Database Version : DB.6.0.90
2023-07-30 19:26:53,462 [INFO] McuFinderGlobals:63 - Set McuFinder mode to 2 (CubeIDE integrated)
2023-07-30 19:26:53,462 [INFO] UserAuth:179 - activating auth plugin
2023-07-30 19:26:53,464 [INFO] UserAuth:393 - Internet connection configuration mode: 1
2023-07-30 19:26:53,482 [INFO] JxBrowserEngine:151 - Initiate JxBrowser Engine with user profile folder
2023-07-30 19:26:53,595 [INFO] CheckServerUpdateThread:120 - End of CheckServer Thread
2023-07-30 19:26:53,839 [WARN] PackLoader:240 - Cannot read IP mode file for STMicroelectronics.X-CUBE-SMBUS.2.1.0
2023-07-30 19:26:53,896 [WARN] PackLoader:240 - Cannot read IP mode file for STMicroelectronics.X-CUBE-AZRTOS-F7.1.1.0
2023-07-30 19:26:53,911 [WARN] PackLoader:240 - Cannot read IP mode file for STMicroelectronics.FP-SNS-MOTENV1.4.3.2
2023-07-30 19:26:53,924 [WARN] PackLoader:240 - Cannot read IP mode file for STMicroelectronics.FP-SNS-FLIGHT1.5.0.1
2023-07-30 19:26:53,937 [WARN] PackLoader:240 - Cannot read IP mode file for STMicroelectronics.X-CUBE-BLE1.6.2.4
2023-07-30 19:26:53,950 [WARN] PackLoader:240 - Cannot read IP mode file for STMicroelectronics.X-CUBE-DISPLAY.3.0.0
2023-07-30 19:26:53,964 [WARN] PackLoader:240 - Cannot read IP mode file for STMicroelectronics.X-CUBE-TOUCHGFX.4.22.0
2023-07-30 19:26:53,978 [INFO] LogOutputStream:77 - [STDOUT_REDIRECT] 1 : Invalid condition id : UX_CORESTACK_Condition cause : null
2023-07-30 19:26:53,978 [INFO] LogOutputStream:77 - [STDOUT_REDIRECT] 1 : Invalid condition id : UX_CORESTACK_Condition cause : null
2023-07-30 19:26:53,979 [INFO] LogOutputStream:77 - [STDOUT_REDIRECT] 1 : Invalid condition id : UX_CORESTACK_Condition cause : null
2023-07-30 19:26:53,980 [INFO] LogOutputStream:77 - [STDOUT_REDIRECT] 1 : Invalid condition id : UX_CORESTACK_Condition cause : null
2023-07-30 19:26:53,980 [INFO] LogOutputStream:77 - [STDOUT_REDIRECT] 1 : Invalid condition id : UX_CORESTACK_Condition cause : null
2023-07-30 19:26:53,985 [WARN] PackLoader:240 - Cannot read IP mode file for STMicroelectronics.X-CUBE-AZRTOS-WL.2.0.0
2023-07-30 19:26:53,999 [WARN] PackLoader:240 - Cannot read IP mode file for WES.I-CUBE-Cesium.1.3.0
2023-07-30 19:26:54,010 [WARN] PackLoader:240 - Cannot read IP mode file for STMicroelectronics.X-CUBE-BLE2.3.3.0
2023-07-30 19:26:54,025 [WARN] PackLoader:240 - Cannot read IP mode file for STMicroelectronics.X-CUBE-TOF1.3.2.0
2023-07-30 19:26:54,039 [WARN] PackLoader:240 - Cannot read IP mode file for STMicroelectronics.X-CUBE-TOUCHGFX.4.21.1
2023-07-30 19:26:54,048 [WARN] PackLoader:240 - Cannot read IP mode file for STMicroelectronics.X-CUBE-TOUCHGFX.4.21.3
2023-07-30 19:26:54,058 [WARN] PackLoader:240 - Cannot read IP mode file for STMicroelectronics.X-CUBE-ALGOBUILD.1.3.0
2023-07-30 19:26:54,079 [WARN] PackLoader:240 - Cannot read IP mode file for STMicroelectronics.X-CUBE-AZRTOS-G0.1.1.0
2023-07-30 19:26:54,093 [WARN] PackLoader:240 - Cannot read IP mode file for STMicroelectronics.X-CUBE-NFC4.3.0.0
2023-07-30 19:26:54,107 [WARN] PackLoader:240 - Cannot read IP mode file for STMicroelectronics.X-CUBE-BLEMGR.1.3.0
2023-07-30 19:26:54,124 [WARN] PackLoader:240 - Cannot read IP mode file for STMicroelectronics.FP-ATR-SIGFOX1.3.2.0
2023-07-30 19:26:54,172 [WARN] PackLoader:240 - Cannot read IP mode file for STMicroelectronics.X-CUBE-MEMS1.9.5.0
2023-07-30 19:26:54,288 [WARN] PackLoader:240 - Cannot read IP mode file for SEGGER.I-CUBE-embOS.1.3.1
2023-07-30 19:26:54,353 [WARN] PackLoader:240 - Cannot read IP mode file for STMicroelectronics.X-CUBE-GNSS1.6.0.0
2023-07-30 19:26:54,372 [WARN] PackLoader:240 - Cannot read IP mode file for STMicroelectronics.X-CUBE-AZRTOS-F4.1.1.0
2023-07-30 19:26:54,409 [WARN] PackLoader:240 - Cannot read IP mode file for STMicroelectronics.X-CUBE-MEMS1.9.6.0
2023-07-30 19:26:54,661 [WARN] PackLoader:240 - Cannot read IP mode file for emotas.I-CUBE-CANOPEN.1.1.3
2023-07-30 19:26:54,673 [WARN] PackLoader:240 - Cannot read IP mode file for STMicroelectronics.X-CUBE-BLEMGR.2.0.0
2023-07-30 19:26:54,692 [WARN] ConditionMgr:438 - getConditionDescription Invalid condition id : UX DEVICE CLASS RTOS Condition cause : null
2023-07-30 19:26:54,692 [WARN] ConditionMgr:438 - getConditionDescription Invalid condition id : UX DEVICE CLASS RTOS Condition cause : null
2023-07-30 19:26:54,695 [WARN] PackLoader:240 - Cannot read IP mode file for STMicroelectronics.X-CUBE-AZRTOS-H7.3.1.0
2023-07-30 19:26:54,695 [WARN] ConditionMgr:1039 - genDependencies : Invalid condition id : UX DEVICE CLASS RTOS Condition cause : null
2023-07-30 19:26:54,696 [WARN] ConditionMgr:1039 - genDependencies : Invalid condition id : UX DEVICE CLASS RTOS Condition cause : null
2023-07-30 19:26:54,696 [WARN] ConditionMgr:1039 - genDependencies : Invalid condition id : UX DEVICE CLASS RTOS Condition cause : null
2023-07-30 19:26:54,696 [WARN] ConditionMgr:1039 - genDependencies : Invalid condition id : UX DEVICE CLASS RTOS Condition cause : null
2023-07-30 19:26:54,696 [WARN] ConditionMgr:1039 - genDependencies : Invalid condition id : UX DEVICE CLASS RTOS Condition cause : null
2023-07-30 19:26:54,706 [WARN] PackLoader:240 - Cannot read IP mode file for wolfSSL.I-CUBE-wolfSSL.5.5.4
2023-07-30 19:26:54,714 [WARN] PackLoader:240 - Cannot read IP mode file for STMicroelectronics.X-CUBE-NFC7.1.0.1
2023-07-30 19:26:54,723 [WARN] PackLoader:240 - Cannot read IP mode file for STMicroelectronics.X-CUBE-NFC7.1.0.0
2023-07-30 19:26:54,733 [WARN] PackLoader:240 - Cannot read IP mode file for STMicroelectronics.X-CUBE-EEPRMA1.4.1.0
2023-07-30 19:26:54,756 [WARN] ConditionMgr:438 - getConditionDescription Invalid condition id : LAN8742 Phy interface Condition cause : null
2023-07-30 19:26:54,757 [WARN] PackLoader:240 - Cannot read IP mode file for STMicroelectronics.X-CUBE-AZRTOS-L4.2.0.0
2023-07-30 19:26:54,757 [WARN] ConditionMgr:1039 - genDependencies : Invalid condition id : LAN8742 Phy interface Condition cause : null
2023-07-30 19:26:54,757 [WARN] ConditionMgr:1039 - genDependencies : Invalid condition id : LAN8742 Phy interface Condition cause : null
2023-07-30 19:26:54,758 [WARN] ConditionMgr:1039 - genDependencies : Invalid condition id : LAN8742 Phy interface Condition cause : null
2023-07-30 19:26:54,768 [WARN] PackLoader:240 - Cannot read IP mode file for STMicroelectronics.X-CUBE-SFXS2LP1.4.0.0
2023-07-30 19:26:54,787 [WARN] PackLoader:240 - Cannot read IP mode file for STMicroelectronics.X-CUBE-AZRTOS-H7.3.0.0
2023-07-30 19:26:54,797 [WARN] PackLoader:240 - Cannot read IP mode file for STMicroelectronics.X-CUBE-ISPU.1.1.0
2023-07-30 19:26:54,808 [WARN] PackLoader:240 - Cannot read IP mode file for RoweBots.I-CUBE-UNISONRTOS.5.5.0-4
2023-07-30 19:26:54,818 [WARN] PackLoader:240 - Cannot read IP mode file for STMicroelectronics.X-CUBE-AI.8.0.0
2023-07-30 19:26:54,828 [WARN] PackLoader:240 - Cannot read IP mode file for STMicroelectronics.X-CUBE-FREERTOS.1.0.0
2023-07-30 19:26:54,837 [WARN] PackLoader:240 - Cannot read IP mode file for STMicroelectronics.X-CUBE-FREERTOS.1.0.1
2023-07-30 19:26:54,853 [WARN] PackLoader:240 - Cannot read IP mode file for STMicroelectronics.X-CUBE-AZRTOS-L5.1.1.0
2023-07-30 19:26:54,863 [WARN] PackLoader:240 - Cannot read IP mode file for STMicroelectronics.X-CUBE-AI.8.0.1
2023-07-30 19:26:54,875 [WARN] PackLoader:240 - Cannot read IP mode file for STMicroelectronics.X-CUBE-SUBG2.5.0.0
2023-07-30 19:26:54,891 [WARN] PackLoader:240 - Cannot read IP mode file for STMicroelectronics.X-CUBE-TOF1.3.3.1
2023-07-30 19:26:54,917 [WARN] PackLoader:240 - Cannot read IP mode file for STMicroelectronics.X-CUBE-AZRTOS-G4.2.0.0
2023-07-30 19:26:54,936 [WARN] PackLoader:240 - Cannot read IP mode file for STMicroelectronics.X-CUBE-TOF1.3.3.0
2023-07-30 19:26:54,955 [WARN] PackLoader:240 - Cannot read IP mode file for STMicroelectronics.FP-ATR-ASTRA1.1.1.1
2023-07-30 19:26:54,979 [WARN] PackLoader:240 - Cannot read IP mode file for STMicroelectronics.X-CUBE-AZRTOS-G4.1.0.0
2023-07-30 19:26:55,005 [WARN] PackLoader:240 - Cannot read IP mode file for STMicroelectronics.X-CUBE-AZRTOS-L4.1.0.0
2023-07-30 19:26:55,024 [WARN] PackLoader:240 - Cannot read IP mode file for STMicroelectronics.X-CUBE-AZRTOS-WL.1.0.0
2023-07-30 19:26:55,039 [WARN] PackLoader:240 - Cannot read IP mode file for portGmbH.I-Cube-SoM-uGOAL.1.1.0
2023-07-30 19:26:55,050 [WARN] PackLoader:240 - Cannot read IP mode file for STMicroelectronics.X-CUBE-ALS.1.0.1
2023-07-30 19:26:55,069 [WARN] PackLoader:240 - Cannot read IP mode file for STMicroelectronics.X-CUBE-AZRTOS-WB.1.1.0
2023-07-30 19:26:55,080 [WARN] PackLoader:240 - Cannot read IP mode file for STMicroelectronics.FP-ATR-ASTRA1.2.0.0
2023-07-30 19:26:55,080 [INFO] ThirdParty:978 - Integrity check success = true
2023-07-30 19:26:55,081 [INFO] IntegrityCheckThread:100 - exiting critical section [integrity check]
2023-07-30 19:26:55,081 [INFO] IntegrityCheckThread:103 - End integrity checks thread
2023-07-30 19:26:55,541 [INFO] WebApp:157 - Instantiating new browser for Auth
2023-07-30 19:26:56,157 [INFO] WebApp:753 - Register for checkConnection events
2023-07-30 19:26:56,158 [INFO] WebApp:390 - Apply proxy settings
2023-07-30 19:26:56,158 [INFO] WebApp:475 - Chromium requires no authentication
2023-07-30 19:26:56,163 [INFO] WebApp:418 - Direct internet connection detected
2023-07-30 19:26:56,288 [INFO] WebApp:188 - Starting web application
2023-07-30 19:26:56,288 [INFO] WebApp:520 - Web application path used C:\ST\STM32CubeIDE_1.11.2\STM32CubeIDE\plugins\com.st.stm32cube.common.mx_6.9.0.202307051724\db\plugins\mcufinder\reactClient1\index.html
2023-07-30 19:27:17,008 [ERROR] LogOutputStream:75 - [STDERR_REDIRECT] SLF4J: Failed to load class "org.slf4j.impl.StaticLoggerBinder".
2023-07-30 19:27:17,008 [ERROR] LogOutputStream:75 - [STDERR_REDIRECT] SLF4J: Defaulting to no-operation (NOP) logger implementation
2023-07-30 19:27:17,010 [ERROR] LogOutputStream:75 - [STDERR_REDIRECT] SLF4J: See http://www.slf4j.org/codes.html#StaticLoggerBinder for further details.
2023-07-30 21:42:55,061 [INFO] McuFinderGlobals:63 - Set McuFinder mode to 2 (CubeIDE integrated)
2023-07-30 21:42:56,532 [INFO] MainUpdater:2868 - connection check result : 10
2023-07-30 21:42:56,539 [INFO] MainUpdater:2868 - connection check result : 10
2023-07-30 21:42:56,700 [INFO] MicroXplorer:468 - Change Database Path : 
2023-07-30 21:42:56,700 [INFO] MicroXplorer:498 - Change Database Version : DB.6.0.90
2023-07-30 21:42:56,703 [WARN] ThirdParty:871 - waiting for thirdparty lock release [close project]
2023-07-30 21:42:56,703 [INFO] ThirdParty:873 - entering critical section [close project]
2023-07-30 21:42:56,705 [INFO] ThirdParty:883 - exiting critical section [close project]
2023-07-30 21:42:56,706 [INFO] PinOutPanel:1499 - setPackage(No Configuration,No Configuration)
2023-07-30 21:42:56,715 [INFO] UtilMem:75 - Begin LoadConfig() Used Memory: 165341976 Bytes (450887680)
2023-07-30 21:42:56,717 [INFO] MicroXplorer:468 - Change Database Path : 
2023-07-30 21:42:56,717 [INFO] MicroXplorer:498 - Change Database Version : DB.6.0.90
2023-07-30 21:42:56,717 [INFO] OpenFileManager:308 - Change cursor
2023-07-30 21:42:56,760 [INFO] Mcu:1946 - Initializing MCU STM32F446R(C-E)Tx STM32F446RETx STM32F446RET6
2023-07-30 21:42:58,073 [INFO] Context:659 - Trying to add GPIOservice into a context  which must be forbidden
2023-07-30 21:42:58,559 [INFO] RtosManager:555 - Registered RTOS mode: class=CMSIS, group=RTOS, mode=CMSIS_V1, owner=FREERTOS
2023-07-30 21:42:58,559 [INFO] RtosManager:555 - Registered RTOS mode: class=CMSIS, group=RTOS2, mode=CMSIS_V2, owner=FREERTOS
2023-07-30 21:42:58,559 [INFO] RtosManager:555 - Registered RTOS mode: class=RTOS, group=Core, mode=CMSIS_V1, owner=FREERTOS
2023-07-30 21:42:58,559 [INFO] RtosManager:555 - Registered RTOS mode: class=RTOS, group=Core, mode=CMSIS_V2, owner=FREERTOS
2023-07-30 21:42:58,559 [WARN] ModelIntegratedComponent:184 - Missing modes for component STMicroelectronics:FreeRTOS:0.0.1:STMicroelectronics:RTOS:FreeRTOS:Core:::10.2.0:
2023-07-30 21:42:58,569 [WARN] ModelIntegratedComponent:63 - No mode defined for component null
2023-07-30 21:42:58,569 [WARN] ModelIntegratedComponent:63 - No mode defined for component null
2023-07-30 21:42:58,569 [WARN] ModelIntegratedComponent:63 - No mode defined for component null
2023-07-30 21:42:58,569 [WARN] ModelIntegratedComponent:63 - No mode defined for component null
2023-07-30 21:42:58,569 [WARN] ModelIntegratedComponent:63 - No mode defined for component null
2023-07-30 21:42:58,569 [WARN] ModelIntegratedComponent:63 - No mode defined for component null
2023-07-30 21:42:58,569 [WARN] ModelIntegratedComponent:63 - No mode defined for component null
2023-07-30 21:42:58,569 [WARN] ModelIntegratedComponent:63 - No mode defined for component null
2023-07-30 21:42:58,569 [WARN] ModelIntegratedComponent:63 - No mode defined for component null
2023-07-30 21:42:58,569 [WARN] ModelIntegratedComponent:63 - No mode defined for component null
2023-07-30 21:42:58,569 [WARN] ModelIntegratedComponent:63 - No mode defined for component null
2023-07-30 21:42:58,569 [WARN] ModelIntegratedComponent:63 - No mode defined for component null
2023-07-30 21:42:58,569 [WARN] ModelIntegratedComponent:63 - No mode defined for component null
2023-07-30 21:42:58,569 [WARN] ModelIntegratedComponent:63 - No mode defined for component null
2023-07-30 21:42:58,569 [WARN] ModelIntegratedComponent:63 - No mode defined for component null
2023-07-30 21:42:58,569 [WARN] ModelIntegratedComponent:63 - No mode defined for component null
2023-07-30 21:42:58,569 [WARN] ModelIntegratedComponent:63 - No mode defined for component null
2023-07-30 21:42:58,569 [WARN] ModelIntegratedComponent:63 - No mode defined for component null
2023-07-30 21:42:58,569 [WARN] ModelIntegratedComponent:63 - No mode defined for component null
2023-07-30 21:42:58,569 [WARN] ModelIntegratedComponent:63 - No mode defined for component null
2023-07-30 21:42:58,569 [WARN] ModelIntegratedComponent:63 - No mode defined for component null
2023-07-30 21:42:58,569 [WARN] ModelIntegratedComponent:63 - No mode defined for component null
2023-07-30 21:42:58,569 [WARN] ModelIntegratedComponent:63 - No mode defined for component null
2023-07-30 21:42:58,570 [WARN] ModelIntegratedComponent:63 - No mode defined for component null
2023-07-30 21:42:58,570 [WARN] ModelIntegratedComponent:63 - No mode defined for component null
2023-07-30 21:42:58,570 [WARN] ModelIntegratedComponent:63 - No mode defined for component null
2023-07-30 21:42:58,570 [WARN] ModelIntegratedComponent:63 - No mode defined for component null
2023-07-30 21:42:58,570 [WARN] ModelIntegratedComponent:63 - No mode defined for component null
2023-07-30 21:42:58,570 [WARN] ModelIntegratedComponent:63 - No mode defined for component null
2023-07-30 21:42:58,570 [WARN] ModelIntegratedComponent:63 - No mode defined for component null
2023-07-30 21:42:58,570 [WARN] ModelIntegratedComponent:63 - No mode defined for component null
2023-07-30 21:42:58,570 [WARN] ModelIntegratedComponent:63 - No mode defined for component null
2023-07-30 21:42:58,570 [WARN] ModelIntegratedComponent:63 - No mode defined for component null
2023-07-30 21:42:58,629 [INFO] ThirdPartyModel:298 - Start build external matchings
2023-07-30 21:42:59,091 [INFO] ThirdPartyModel:316 - End build external matchings
2023-07-30 21:42:59,105 [INFO] RtosManager:919 - Current active RTOS is FREERTOS [Cortex-M4NS]
2023-07-30 21:42:59,117 [INFO] ImportTextPane:194 - (OptionalMessage_ERROR) IP (RCC) : Invalid parameter (48MHZClocksFreq_Value)
2023-07-30 21:42:59,118 [INFO] ImportTextPane:194 - (OptionalMessage_ERROR) IP (RCC) : Invalid parameter (EthernetFreq_Value)
2023-07-30 21:42:59,119 [INFO] ImportTextPane:194 - (OptionalMessage_ERROR) IP (RCC) : Parameter (FLatency) has Id (AdvancedSettings) currently not set
2023-07-30 21:42:59,119 [INFO] ImportTextPane:194 - (OptionalMessage_ERROR) IP (RCC) : Invalid parameter (FamilyName)
2023-07-30 21:42:59,119 [INFO] ImportTextPane:194 - (OptionalMessage_ERROR) IP (RCC) : Invalid parameter (I2SClocksFreq_Value)
2023-07-30 21:42:59,119 [INFO] ImportTextPane:194 - (OptionalMessage_ERROR) IP (RCC) : Parameter (SDIOFreq_Value) has invalid value (168000000)
2023-07-30 21:42:59,120 [INFO] ImportTextPane:194 - (OptionalMessage_ERROR) IP (RCC) : Parameter (USBFreq_Value) has invalid value (168000000)
2023-07-30 21:42:59,120 [INFO] ImportTextPane:194 - (OptionalMessage_ERROR) IP (RCC) : Invalid parameter (VCOInputMFreq_Value)
2023-07-30 21:42:59,120 [INFO] ImportTextPane:194 - (OptionalMessage_ERROR) IP (RCC) : Invalid parameter (VcooutputI2S)
2023-07-30 21:42:59,346 [INFO] UtilMem:75 - End LoadConfig() Used Memory: 458352792 Bytes (583008256)
2023-07-30 21:42:59,456 [INFO] ApiDb:581 - Connected to CubeFinder SQLite database (C:\Users\BurakKAYAALP\.stmcufinder\plugins\mcufinder\mcu\cube-finder-db.db)
2023-07-30 21:42:59,512 [INFO] ApiDb:668 - CubeFinder database Data Model version=2.1
2023-07-30 21:42:59,513 [INFO] ApiDb:669 - CubeFinder database Configuration version=3.0.37
2023-07-30 21:42:59,514 [INFO] ApiDb:670 - CubeFinder database generation date=2023-06-26 (1687786131)
2023-07-30 21:42:59,514 [INFO] ApiDb:671 - CubeFinder database FW Pack versions=[FP-ATR-ASTRA1_V2.0.0, FP-SNS-FLIGHT1_V5.0.1, FP-SNS-MOTENV1_V4.3.1, STM32Cube_FW_C0_V1.1.0, STM32Cube_FW_F4_V1.27.1, STM32Cube_FW_F7_V1.17.0, STM32Cube_FW_G0_V1.6.1, STM32Cube_FW_G4_V1.5.1, STM32Cube_FW_H5_V0.5.1, STM32Cube_FW_H5_V1.1.0, STM32Cube_FW_H7_V1.11.0, STM32Cube_FW_L0_V1.12.2, STM32Cube_FW_L5_V1.5.0, STM32Cube_FW_U5_V1.3.0, STM32Cube_FW_U5_V1.3.0RC4, STM32Cube_FW_WBA_V1.0.0RC1, STM32Cube_FW_WBA_V1.1.0, STM32Cube_FW_WBA_V1.1.0RC1, STM32Cube_FW_WB_V1.15.0RC1, STM32Cube_FW_WB_V1.16.0, STM32Cube_FW_WB_V1.16.0RC2, STM32Cube_FW_WB_V1.17.0, STM32Cube_FW_WL_V1.3.0, X-CUBE-ALGOBUILD_V1.3.0, X-CUBE-ALS_V1.0.1, X-CUBE-AZRTOS-F4_V1.1.0, X-CUBE-AZRTOS-F7_V1.1.0, X-CUBE-AZRTOS-G0_V1.1.0, X-CUBE-AZRTOS-G4_V2.0.0, X-CUBE-AZRTOS-H7_V3.1.0, X-CUBE-AZRTOS-L4_V1.0.0, X-CUBE-AZRTOS-L4_V2.0.0, X-CUBE-AZRTOS-L5_V1.1.0, X-CUBE-AZRTOS-WB_V1.1.0, X-CUBE-AZRTOS-WL_V2.0.0, X-CUBE-BLE1_V6.2.4, X-CUBE-BLE2_V3.3.0, X-CUBE-BLEMGR_V2.0.0, X-CUBE-EEPRMA1_V4.1.0, X-CUBE-FREERTOS_V1.0.1, X-CUBE-GNSS1_V6.0.0, X-CUBE-MEMS1_V9.1.0, X-CUBE-MEMS1_V9.4.0, X-CUBE-MEMS1_V9.6.0, X-CUBE-NFC4_V3.0.0, X-CUBE-NFC7_V1.0.0, X-CUBE-SFXS2LP1_V4.0.0, X-CUBE-SUBG2_V5.0.0]
2023-07-30 21:43:00,789 [INFO] ApiDb:240 - Found 323 in-development CPN: [B-G473E-ZEST1S, B-WB1M-WPAN1, B-WL5M-SUBG1, NUCLEO-C031C6, NUCLEO-H503RB, NUCLEO-H563ZI, NUCLEO-U545RE-Q, NUCLEO-U5A5ZJ-Q, NUCLEO-WBA52CG, STEVAL-PROTEUS1, STEVAL-SMARTAG2, STEVAL-STWINBX1, STM320518-EVAL, STM32C0116-DK, STM32C011D6Y3TR, STM32C011D6Y6TR, STM32C011F4P3, STM32C011F4P6, STM32C011F4U3, STM32C011F4U6TR, STM32C011F6P3, STM32C011F6P6, STM32C011F6U3, STM32C011F6U6TR, STM32C011J4M3, STM32C011J4M6, STM32C011J6M3, STM32C011J6M6, STM32C0316-DK, STM32C031C4T3, STM32C031C4T6, STM32C031C4U3, STM32C031C4U6, STM32C031C6T3, STM32C031C6T6, STM32C031C6U3, STM32C031C6U6, STM32C031F4P3, STM32C031F4P6, STM32C031F6P3, STM32C031F6P6, STM32C031G4U3, STM32C031G4U6, STM32C031G6U3, STM32C031G6U6, STM32C031K4T3, STM32C031K4T6, STM32C031K4U3, STM32C031K4U6, STM32C031K6T3, STM32C031K6T6, STM32C031K6U3, STM32C031K6U6, STM32G071K8TXN, STM32G071K8UXN, STM32G081GBU6N, STM32G081KBT6N, STM32G081KBUXN, STM32G0B1CCT6N, STM32G0B1KCT6, STM32G0B1NEY6TR, STM32G0B1RCT6N, STM32G0C1CCT6, STM32G0C1CCT6N, STM32G0C1CCU6N, STM32G0C1CET6N, STM32G0C1CEU6N, STM32G0C1KCT6, STM32G0C1NEY6TR, STM32G0C1RCI6N, STM32G0C1RCT6N, STM32G0C1REI6N, STM32G0C1RET6N, STM32G0C1VCI6, STM32G0C1VEI6, STM32G471CCT6, STM32G471CCU6, STM32G471CET3, STM32G471CET6, STM32G471CEU3, STM32G471CEU6, STM32G471MCT6, STM32G471MET3, STM32G471MET6, STM32G471MEY6TR, STM32G471QCT6, STM32G471QET3, STM32G471RCT6, STM32G471RET3, STM32G471RET6, STM32G471VCH6, STM32G471VCI6, STM32G471VCT6, STM32G471VEH3, STM32G471VEH6, STM32G471VEI3, STM32G471VEI6, STM32G471VET3, STM32G471VET6, STM32G474CCT6, STM32H503CBT6, STM32H503CBU6, STM32H503EBY6TR, STM32H503KBU6, STM32H503RBT6, STM32H562AGI6, STM32H562AII6, STM32H562IGK6, STM32H562IGT6, STM32H562IIK6, STM32H562IIT6, STM32H562RGT6, STM32H562RGV6, STM32H562RIT6, STM32H562RIV6, STM32H562VGT6, STM32H562VIT6, STM32H562ZGT6, STM32H562ZIT6, STM32H563AGI6, STM32H563AII3Q, STM32H563AII6, STM32H563IGK6, STM32H563IGT6, STM32H563IIK3Q, STM32H563IIK6, STM32H563IIT3Q, STM32H563IIT6, STM32H563MIY3QTR, STM32H563RGT6, STM32H563RGV6, STM32H563RIT6, STM32H563RIV6, STM32H563VGT6, STM32H563VIT3Q, STM32H563VIT6, STM32H563ZGT6, STM32H563ZIT3Q, STM32H563ZIT6, STM32H573AII3Q, STM32H573AII6, STM32H573I-DK, STM32H573IIK3Q, STM32H573IIK6, STM32H573IIT3Q, STM32H573IIT6, STM32H573MIY3QTR, STM32H573RIT6, STM32H573RIV6, STM32H573VIT3Q, STM32H573VIT6, STM32H573ZIT3Q, STM32H573ZIT6, STM32L4R5QGI6STR, STM32MP131AAE3, STM32MP131AAF3, STM32MP131AAG3, STM32MP131CAE3, STM32MP131CAF3, STM32MP131CAG3, STM32MP131DAE7, STM32MP131DAF7, STM32MP131DAG7, STM32MP131FAE7, STM32MP131FAF7, STM32MP131FAG7, STM32MP133AAE3, STM32MP133AAF3, STM32MP133AAG3, STM32MP133CAE3, STM32MP133CAF3, STM32MP133CAG3, STM32MP133DAE7, STM32MP133DAF7, STM32MP133DAG7, STM32MP133FAE7, STM32MP133FAF7, STM32MP133FAG7, STM32MP135AAE3, STM32MP135AAF3, STM32MP135AAG3, STM32MP135CAE3, STM32MP135CAF3, STM32MP135CAG3, STM32MP135DAE7, STM32MP135DAF7, STM32MP135DAG7, STM32MP135F-DK, STM32MP135FAE7, STM32MP135FAF7, STM32MP135FAF7T, STM32MP135FAF7U, STM32MP135FAG7, STM32U535CBT6, STM32U535CBT6Q, STM32U535CBU6, STM32U535CBU6Q, STM32U535CCT6, STM32U535CCT6Q, STM32U535CCU6, STM32U535CCU6Q, STM32U535CET6, STM32U535CET6Q, STM32U535CEU6, STM32U535CEU6Q, STM32U535JEY6QTR, STM32U535NCY6QTR, STM32U535NEY6QTR, STM32U535RBI6, STM32U535RBI6Q, STM32U535RBT6, STM32U535RBT6Q, STM32U535RCI6, STM32U535RCI6Q, STM32U535RCT6, STM32U535RCT6Q, STM32U535REI6, STM32U535REI6Q, STM32U535RET6, STM32U535RET6Q, STM32U535VCI6, STM32U535VCI6Q, STM32U535VCT6, STM32U535VCT6Q, STM32U535VEI6, STM32U535VEI6Q, STM32U535VET6, STM32U535VET6Q, STM32U545CET6, STM32U545CET6Q, STM32U545CEU6, STM32U545CEU6Q, STM32U545JEY6QTR, STM32U545NEY6QTR, STM32U545REI6, STM32U545REI6Q, STM32U545RET6, STM32U545RET6Q, STM32U545VEI6, STM32U545VEI6Q, STM32U545VET6, STM32U545VET6Q, STM32U595AIH6, STM32U595AIH6Q, STM32U595AJH6, STM32U595AJH6Q, STM32U595QII6, STM32U595QII6Q, STM32U595QJI6, STM32U595QJI6Q, STM32U595RIT6, STM32U595RIT6Q, STM32U595RJT6, STM32U595RJT6Q, STM32U595VIT6, STM32U595VIT6Q, STM32U595VJT6, STM32U595VJT6Q, STM32U595ZIT6, STM32U595ZIT6Q, STM32U595ZIY6QTR, STM32U595ZJT6, STM32U595ZJT6Q, STM32U595ZJY6QTR, STM32U599BJY6QTR, STM32U599NIH6Q, STM32U599NJH6Q, STM32U599VIT6Q, STM32U599VJT6, STM32U599VJT6Q, STM32U599ZIT6Q, STM32U599ZIY6QTR, STM32U599ZJT6Q, STM32U599ZJY6QTR, STM32U5A5AJH6, STM32U5A5AJH6Q, STM32U5A5QJI6, STM32U5A5QJI6Q, STM32U5A5RJT6, STM32U5A5RJT6Q, STM32U5A5VJT6, STM32U5A5VJT6Q, STM32U5A5ZJT6, STM32U5A5ZJT6Q, STM32U5A5ZJY6QTR, STM32U5A9BJY6QTR, STM32U5A9J-DK, STM32U5A9NJH6Q, STM32U5A9VJT6Q, STM32U5A9ZJT6Q, STM32U5A9ZJY6QTR, STM32U5F7VIT6, STM32U5F7VIT6Q, STM32U5F7VJT6, STM32U5F7VJT6Q, STM32U5F9BJY6QTR, STM32U5F9NJH6Q, STM32U5F9VIT6Q, STM32U5F9VJT6Q, STM32U5F9ZIJ6QTR, STM32U5F9ZIT6Q, STM32U5F9ZJJ6QTR, STM32U5F9ZJT6Q, STM32U5G7VJT6, STM32U5G7VJT6Q, STM32U5G9BJY6QTR, STM32U5G9J-DK1, STM32U5G9J-DK2, STM32U5G9NJH6Q, STM32U5G9VJT6Q, STM32U5G9ZJJ6QTR, STM32U5G9ZJT6Q, STM32WB1MMCH6, STM32WBA52CEU6, STM32WBA52CEU6T, STM32WBA52CGU6, STM32WBA52CGU6T, STM32WBA52KEU6, STM32WBA52KEU6T, STM32WBA52KGU6, STM32WBA52KGU6T, STM32WL5MOCH6, STM32WL5MOCH6TR]
2023-07-30 21:43:00,791 [INFO] DbMcus:217 - Found 3848 MCUs, 3848 are supported
2023-07-30 21:43:00,792 [INFO] ApiDb:423 - Load user favorites file C:\Users\BurakKAYAALP/.stm32cubeide/favorites.mcus.txt: 0 item(s)
2023-07-30 21:43:00,792 [INFO] ApiDb:427 - User favorites MCUs=[]
2023-07-30 21:43:00,792 [INFO] DbMcus:223 - Set 0 / 0 favorites MCUs
2023-07-30 21:43:01,012 [WARN] ThirdParty:833 - waiting for thirdparty lock release [change project]
2023-07-30 21:43:01,012 [INFO] ThirdParty:835 - entering critical section [change project]
2023-07-30 21:43:01,012 [INFO] ThirdParty:1030 - CMSIS Pack Vendor :STMicroelectronics X-CUBE-ISPU 1.1.0
2023-07-30 21:43:01,012 [INFO] ThirdParty:1030 - CMSIS Pack Vendor :STMicroelectronics USBPD 4.1
2023-07-30 21:43:01,012 [INFO] ThirdParty:1030 - CMSIS Pack Vendor :RoweBots I-CUBE-UNISONRTOS 5.5.0-4
2023-07-30 21:43:01,012 [INFO] ThirdParty:1030 - CMSIS Pack Vendor :STMicroelectronics X-CUBE-GNSS1 6.0.0
2023-07-30 21:43:01,012 [INFO] ThirdParty:1030 - CMSIS Pack Vendor :STMicroelectronics USB_HOST 2.0.0
2023-07-30 21:43:01,012 [INFO] ThirdParty:1030 - CMSIS Pack Vendor :STMicroelectronics X-CUBE-AZRTOS-F4 1.1.0
2023-07-30 21:43:01,012 [INFO] ThirdParty:1030 - CMSIS Pack Vendor :STMicroelectronics LIBJPEG 8.0.0
2023-07-30 21:43:01,012 [INFO] ThirdParty:1030 - CMSIS Pack Vendor :STMicroelectronics X-CUBE-SMBUS 2.1.0
2023-07-30 21:43:01,012 [INFO] ThirdParty:1030 - CMSIS Pack Vendor :STMicroelectronics USB_DEVICE 3.0.0
2023-07-30 21:43:01,012 [INFO] ThirdParty:1030 - CMSIS Pack Vendor :STMicroelectronics X-CUBE-AI 8.0.0
2023-07-30 21:43:01,012 [INFO] ThirdParty:1030 - CMSIS Pack Vendor :STMicroelectronics X-CUBE-FREERTOS 1.0.0
2023-07-30 21:43:01,012 [INFO] ThirdParty:1030 - CMSIS Pack Vendor :STMicroelectronics X-CUBE-FREERTOS 1.0.1
2023-07-30 21:43:01,012 [INFO] ThirdParty:1030 - CMSIS Pack Vendor :STMicroelectronics X-CUBE-TOUCHGFX 4.21.1
2023-07-30 21:43:01,012 [INFO] ThirdParty:1030 - CMSIS Pack Vendor :STMicroelectronics X-CUBE-TOUCHGFX 4.21.3
2023-07-30 21:43:01,012 [INFO] ThirdParty:1030 - CMSIS Pack Vendor :STMicroelectronics X-CUBE-AZRTOS-F7 1.1.0
2023-07-30 21:43:01,012 [INFO] ThirdParty:1030 - CMSIS Pack Vendor :STMicroelectronics USB_DEVICE 2.0.0
2023-07-30 21:43:01,012 [INFO] ThirdParty:1030 - CMSIS Pack Vendor :STMicroelectronics X-CUBE-MEMS1 9.6.0
2023-07-30 21:43:01,012 [INFO] ThirdParty:1030 - CMSIS Pack Vendor :STMicroelectronics FP-SNS-MOTENV1 4.3.2
2023-07-30 21:43:01,012 [INFO] ThirdParty:1030 - CMSIS Pack Vendor :STMicroelectronics FP-SNS-FLIGHT1 5.0.1
2023-07-30 21:43:01,012 [INFO] ThirdParty:1030 - CMSIS Pack Vendor :STMicroelectronics X-CUBE-ALGOBUILD 1.3.0
2023-07-30 21:43:01,012 [INFO] ThirdParty:1030 - CMSIS Pack Vendor :STMicroelectronics X-CUBE-BLE1 6.2.4
2023-07-30 21:43:01,013 [INFO] ThirdParty:1030 - CMSIS Pack Vendor :STMicroelectronics X-CUBE-AZRTOS-L5 1.1.0
2023-07-30 21:43:01,013 [INFO] ThirdParty:1030 - CMSIS Pack Vendor :STMicroelectronics FreeRTOS 0.0.1
2023-07-30 21:43:01,013 [INFO] ThirdParty:1030 - CMSIS Pack Vendor :STMicroelectronics X-CUBE-AZRTOS-G0 1.1.0
2023-07-30 21:43:01,013 [INFO] ThirdParty:1030 - CMSIS Pack Vendor :emotas I-CUBE-CANOPEN 1.1.3
2023-07-30 21:43:01,013 [INFO] ThirdParty:1030 - CMSIS Pack Vendor :STMicroelectronics X-CUBE-BLEMGR 2.0.0
2023-07-30 21:43:01,013 [INFO] ThirdParty:1030 - CMSIS Pack Vendor :STMicroelectronics X-CUBE-AI 8.0.1
2023-07-30 21:43:01,013 [INFO] ThirdParty:1030 - CMSIS Pack Vendor :STMicroelectronics X-CUBE-NFC4 3.0.0
2023-07-30 21:43:01,013 [INFO] ThirdParty:1030 - CMSIS Pack Vendor :STMicroelectronics X-CUBE-SUBG2 5.0.0
2023-07-30 21:43:01,013 [INFO] ThirdParty:1030 - CMSIS Pack Vendor :STMicroelectronics STM32_WPAN 1.0.0
2023-07-30 21:43:01,013 [INFO] ThirdParty:1030 - CMSIS Pack Vendor :STMicroelectronics lwIP 2.0.3
2023-07-30 21:43:01,013 [INFO] ThirdParty:1030 - CMSIS Pack Vendor :STMicroelectronics USB_HOST 1.0.0
2023-07-30 21:43:01,013 [INFO] ThirdParty:1030 - CMSIS Pack Vendor :STMicroelectronics X-CUBE-TOF1 3.3.1
2023-07-30 21:43:01,013 [INFO] ThirdParty:1030 - CMSIS Pack Vendor :STMicroelectronics X-CUBE-AZRTOS-G4 2.0.0
2023-07-30 21:43:01,013 [INFO] ThirdParty:1030 - CMSIS Pack Vendor :STMicroelectronics PDM2PCM 3.1.0
2023-07-30 21:43:01,013 [INFO] ThirdParty:1030 - CMSIS Pack Vendor :STMicroelectronics X-CUBE-AZRTOS-H7 3.1.0
2023-07-30 21:43:01,013 [INFO] ThirdParty:1030 - CMSIS Pack Vendor :STMicroelectronics X-CUBE-TOF1 3.3.0
2023-07-30 21:43:01,013 [INFO] ThirdParty:1030 - CMSIS Pack Vendor :STMicroelectronics FP-ATR-ASTRA1 1.1.1
2023-07-30 21:43:01,013 [INFO] ThirdParty:1030 - CMSIS Pack Vendor :STMicroelectronics PDM2PCM 3.3.0
2023-07-30 21:43:01,013 [INFO] ThirdParty:1030 - CMSIS Pack Vendor :STMicroelectronics X-CUBE-DISPLAY 3.0.0
2023-07-30 21:43:01,013 [INFO] ThirdParty:1030 - CMSIS Pack Vendor :STMicroelectronics X-CUBE-BLEMGR 1.3.0
2023-07-30 21:43:01,013 [INFO] ThirdParty:1030 - CMSIS Pack Vendor :STMicroelectronics FP-ATR-SIGFOX1 3.2.0
2023-07-30 21:43:01,013 [INFO] ThirdParty:1030 - CMSIS Pack Vendor :STMicroelectronics X-CUBE-AZRTOS-G4 1.0.0
2023-07-30 21:43:01,013 [INFO] ThirdParty:1030 - CMSIS Pack Vendor :wolfSSL I-CUBE-wolfSSL 5.5.4
2023-07-30 21:43:01,013 [INFO] ThirdParty:1030 - CMSIS Pack Vendor :STMicroelectronics X-CUBE-AZRTOS-L4 1.0.0
2023-07-30 21:43:01,013 [INFO] ThirdParty:1030 - CMSIS Pack Vendor :STMicroelectronics HAL Drivers 0.0.0
2023-07-30 21:43:01,013 [INFO] ThirdParty:1030 - CMSIS Pack Vendor :STMicroelectronics MBEDTLS 2.16.2
2023-07-30 21:43:01,013 [INFO] ThirdParty:1030 - CMSIS Pack Vendor :STMicroelectronics X-CUBE-TOUCHGFX 4.22.0
2023-07-30 21:43:01,013 [INFO] ThirdParty:1030 - CMSIS Pack Vendor :STMicroelectronics X-CUBE-NFC7 1.0.1
2023-07-30 21:43:01,013 [INFO] ThirdParty:1030 - CMSIS Pack Vendor :STMicroelectronics MBEDTLS 2.14.1
2023-07-30 21:43:01,013 [INFO] ThirdParty:1030 - CMSIS Pack Vendor :STMicroelectronics X-CUBE-NFC7 1.0.0
2023-07-30 21:43:01,013 [INFO] ThirdParty:1030 - CMSIS Pack Vendor :STMicroelectronics X-CUBE-AZRTOS-WL 1.0.0
2023-07-30 21:43:01,013 [INFO] ThirdParty:1030 - CMSIS Pack Vendor :STMicroelectronics X-CUBE-EEPRMA1 4.1.0
2023-07-30 21:43:01,013 [INFO] ThirdParty:1030 - CMSIS Pack Vendor :portGmbH I-Cube-SoM-uGOAL 1.1.0
2023-07-30 21:43:01,013 [INFO] ThirdParty:1030 - CMSIS Pack Vendor :STMicroelectronics X-CUBE-ALS 1.0.1
2023-07-30 21:43:01,013 [INFO] ThirdParty:1030 - CMSIS Pack Vendor :STMicroelectronics X-CUBE-MEMS1 9.5.0
2023-07-30 21:43:01,014 [INFO] ThirdParty:1030 - CMSIS Pack Vendor :STMicroelectronics ThreadX 1.0.0
2023-07-30 21:43:01,014 [INFO] ThirdParty:1030 - CMSIS Pack Vendor :STMicroelectronics X-CUBE-AZRTOS-WB 1.1.0
2023-07-30 21:43:01,014 [INFO] ThirdParty:1030 - CMSIS Pack Vendor :STMicroelectronics X-CUBE-AZRTOS-WL 2.0.0
2023-07-30 21:43:01,014 [INFO] ThirdParty:1030 - CMSIS Pack Vendor :SEGGER I-CUBE-embOS 1.3.1
2023-07-30 21:43:01,014 [INFO] ThirdParty:1030 - CMSIS Pack Vendor :STMicroelectronics USB_DEVICE 1.0.0
2023-07-30 21:43:01,014 [INFO] ThirdParty:1030 - CMSIS Pack Vendor :STMicroelectronics X-CUBE-AZRTOS-L4 2.0.0
2023-07-30 21:43:01,014 [INFO] ThirdParty:1030 - CMSIS Pack Vendor :STMicroelectronics ThreadX 0.0.2
2023-07-30 21:43:01,014 [INFO] ThirdParty:1030 - CMSIS Pack Vendor :WES I-CUBE-Cesium 1.3.0
2023-07-30 21:43:01,014 [INFO] ThirdParty:1030 - CMSIS Pack Vendor :STMicroelectronics FP-ATR-ASTRA1 2.0.0
2023-07-30 21:43:01,014 [INFO] ThirdParty:1030 - CMSIS Pack Vendor :STMicroelectronics lwIP 2.1.2
2023-07-30 21:43:01,014 [INFO] ThirdParty:1030 - CMSIS Pack Vendor :STMicroelectronics X-CUBE-SFXS2LP1 4.0.0
2023-07-30 21:43:01,014 [INFO] ThirdParty:1030 - CMSIS Pack Vendor :STMicroelectronics X-CUBE-BLE2 3.3.0
2023-07-30 21:43:01,014 [INFO] ThirdParty:1030 - CMSIS Pack Vendor :STMicroelectronics X-CUBE-TOF1 3.2.0
2023-07-30 21:43:01,014 [INFO] ThirdParty:1030 - CMSIS Pack Vendor :STMicroelectronics PDM2PCM 3.2.0
2023-07-30 21:43:01,014 [INFO] ThirdParty:1030 - CMSIS Pack Vendor :STMicroelectronics X-CUBE-AZRTOS-H7 3.0.0
2023-07-30 21:43:01,014 [INFO] ThirdParty:841 - exiting critical section [change project]
2023-07-30 21:43:01,257 [INFO] PinOutPanel:1499 - setPackage(No Configuration,No Configuration)
2023-07-30 21:43:01,258 [INFO] PinOutPanel:1499 - setPackage(STM32F446RETx,LQFP64)
2023-07-30 21:43:01,619 [INFO] UtilMem:75 - Before build in PCC Used Memory: 218547168 Bytes (583008256)
2023-07-30 21:43:02,166 [INFO] UtilMem:75 - After build in PCC Used Memory: 320226480 Bytes (583008256)
2023-07-30 21:43:02,236 [INFO] ApiDbMcu:507 - Load IP Config File for FREERTOS
2023-07-30 21:43:02,258 [INFO] IPUIPlugin:80 - create IPUIPlugin
2023-07-30 21:43:02,259 [INFO] IPUIPlugin:80 - create IPUIPlugin
2023-07-30 21:43:02,259 [INFO] IPUIPlugin:80 - create IPUIPlugin
2023-07-30 21:43:02,259 [INFO] IPUIPlugin:80 - create IPUIPlugin
2023-07-30 21:43:02,259 [INFO] IPUIPlugin:80 - create IPUIPlugin
2023-07-30 21:43:02,259 [INFO] IPUIPlugin:80 - create IPUIPlugin
2023-07-30 21:43:02,259 [INFO] IPUIPlugin:80 - create IPUIPlugin
2023-07-30 21:43:02,259 [INFO] IPUIPlugin:80 - create IPUIPlugin
2023-07-30 21:43:02,259 [INFO] IPUIPlugin:80 - create IPUIPlugin
2023-07-30 21:43:02,259 [INFO] IPUIPlugin:80 - create IPUIPlugin
2023-07-30 21:43:02,259 [INFO] IPUIPlugin:80 - create IPUIPlugin
2023-07-30 21:43:02,259 [INFO] IPUIPlugin:80 - create IPUIPlugin
2023-07-30 21:43:02,259 [INFO] IPUIPlugin:80 - create IPUIPlugin
2023-07-30 21:43:02,260 [INFO] IPUIPlugin:80 - create IPUIPlugin
2023-07-30 21:43:02,260 [INFO] IPUIPlugin:80 - create IPUIPlugin
2023-07-30 21:43:02,260 [INFO] IPUIPlugin:80 - create IPUIPlugin
2023-07-30 21:43:02,260 [INFO] IPUIPlugin:80 - create IPUIPlugin
2023-07-30 21:43:02,260 [INFO] IPUIPlugin:80 - create IPUIPlugin
2023-07-30 21:43:02,260 [INFO] IPUIPlugin:80 - create IPUIPlugin
2023-07-30 21:43:02,260 [INFO] IPUIPlugin:80 - create IPUIPlugin
2023-07-30 21:43:02,260 [INFO] IPUIPlugin:80 - create IPUIPlugin
2023-07-30 21:43:02,260 [INFO] IPUIPlugin:80 - create IPUIPlugin
2023-07-30 21:43:02,260 [INFO] IPUIPlugin:80 - create IPUIPlugin
2023-07-30 21:43:02,260 [INFO] IPUIPlugin:80 - create IPUIPlugin
2023-07-30 21:43:02,261 [INFO] IPUIPlugin:80 - create IPUIPlugin
2023-07-30 21:43:02,261 [INFO] IPUIPlugin:80 - create IPUIPlugin
2023-07-30 21:43:02,261 [INFO] IPUIPlugin:80 - create IPUIPlugin
2023-07-30 21:43:02,261 [INFO] IPUIPlugin:80 - create IPUIPlugin
2023-07-30 21:43:02,261 [INFO] IPUIPlugin:80 - create IPUIPlugin
2023-07-30 21:43:02,261 [INFO] IPUIPlugin:80 - create IPUIPlugin
2023-07-30 21:43:02,261 [INFO] IPUIPlugin:80 - create IPUIPlugin
2023-07-30 21:43:02,262 [INFO] IPUIPlugin:80 - create IPUIPlugin
2023-07-30 21:43:02,262 [INFO] IPUIPlugin:80 - create IPUIPlugin
2023-07-30 21:43:02,262 [INFO] IPUIPlugin:80 - create IPUIPlugin
2023-07-30 21:43:02,262 [INFO] IPUIPlugin:80 - create IPUIPlugin
2023-07-30 21:43:02,262 [INFO] IPUIPlugin:80 - create IPUIPlugin
2023-07-30 21:43:02,262 [INFO] IPUIPlugin:80 - create IPUIPlugin
2023-07-30 21:43:02,262 [INFO] IPUIPlugin:80 - create IPUIPlugin
2023-07-30 21:43:02,263 [INFO] IPUIPlugin:80 - create IPUIPlugin
2023-07-30 21:43:02,263 [INFO] IPUIPlugin:80 - create IPUIPlugin
2023-07-30 21:43:02,263 [INFO] IPUIPlugin:80 - create IPUIPlugin
2023-07-30 21:43:02,263 [INFO] IPUIPlugin:80 - create IPUIPlugin
2023-07-30 21:43:02,263 [INFO] IPUIPlugin:80 - create IPUIPlugin
2023-07-30 21:43:02,263 [INFO] IPUIPlugin:80 - create IPUIPlugin
2023-07-30 21:43:02,263 [INFO] IPUIPlugin:80 - create IPUIPlugin
2023-07-30 21:43:02,264 [INFO] IPUIPlugin:80 - create IPUIPlugin
2023-07-30 21:43:02,264 [INFO] IPUIPlugin:80 - create IPUIPlugin
2023-07-30 21:43:02,264 [INFO] IPUIPlugin:80 - create IPUIPlugin
2023-07-30 21:43:02,264 [INFO] IPUIPlugin:80 - create IPUIPlugin
2023-07-30 21:43:02,264 [INFO] IPUIPlugin:80 - create IPUIPlugin
2023-07-30 21:43:02,264 [INFO] IPUIPlugin:80 - create IPUIPlugin
2023-07-30 21:43:02,265 [INFO] IPUIPlugin:80 - create IPUIPlugin
2023-07-30 21:43:02,265 [INFO] IPUIPlugin:80 - create IPUIPlugin
2023-07-30 21:43:02,265 [INFO] IPUIPlugin:80 - create IPUIPlugin
2023-07-30 21:43:02,265 [INFO] IPUIPlugin:80 - create IPUIPlugin
2023-07-30 21:43:02,266 [INFO] IPUIPlugin:80 - create IPUIPlugin
2023-07-30 21:43:02,266 [INFO] IPUIPlugin:80 - create IPUIPlugin
2023-07-30 21:43:02,266 [INFO] IPUIPlugin:80 - create IPUIPlugin
2023-07-30 21:43:02,267 [INFO] IPUIPlugin:80 - create IPUIPlugin
2023-07-30 21:43:02,267 [INFO] IPUIPlugin:80 - create IPUIPlugin
2023-07-30 21:43:02,285 [INFO] ApiDbMcu:507 - Load IP Config File for PDM2PCM
2023-07-30 21:43:02,310 [WARN] FreeRTOS:1023 - Null or empty value: should not occur! (nothing added to the table)
2023-07-30 21:43:02,464 [INFO] CADModel:165 - CPN selected for project levelSTM32F446RET6
2023-07-30 21:43:02,464 [INFO] CADModel:114 - Register for checkConnection events
2023-07-30 21:43:02,466 [INFO] RtosManager:697 - Active RTOS found at IOC load: FREERTOS [Cortex-M4NS]
2023-07-30 21:43:02,520 [INFO] OpenFileManager:328 - Restore cursor
