2023-08-06 00:47:08,714 [INFO] Activator:176 - 


2023-08-06 00:47:08,716 [INFO] Activator:177 - !SESSION log4j initialized
2023-08-06 00:47:10,879 [INFO] LogOutputStream:77 - [STDOUT_REDIRECT] 
2023-08-06 00:47:16,385 [INFO] ApplicationProperties:184 - Using Application install path: C:\ST\STM32CubeIDE_1.11.2\STM32CubeIDE\plugins\com.st.stm32cube.common.mx_6.9.0.202307051724
2023-08-06 00:47:16,400 [INFO] DbMcusXml:78 - Set database path to: C:\ST\STM32CubeIDE_1.11.2\STM32CubeIDE\plugins\com.st.stm32cube.common.mx_6.9.0.202307051724\\db\/mcu/
2023-08-06 00:47:16,400 [INFO] ApiDb:274 - Set plugin database path to: C:\ST\STM32CubeIDE_1.11.2\STM32CubeIDE\plugins\com.st.stm32cube.common.mx_6.9.0.202307051724\\db\/plugins/boardmanager/
2023-08-06 00:47:16,405 [WARN] ApiDb:259 - Overriding images path with different value:  => C:\ST\STM32CubeIDE_1.11.2\STM32CubeIDE\plugins\com.st.stm32cube.common.mx_6.9.0.202307051724\\db\/plugins/mcufinder/images/
2023-08-06 00:47:16,415 [INFO] ApiDb:250 - Set database path to: C:\Users\BurakKAYAALP\.stmcufinder\plugins\mcufinder//mcu/
2023-08-06 00:47:16,416 [INFO] DbMcusAds:125 - Set database path to: C:\Users\BurakKAYAALP\.stmcufinder\plugins\mcufinder//mcu/
2023-08-06 00:47:16,419 [INFO] CrossReferenceDbSqlite:203 - Set database path to: C:\Users\BurakKAYAALP\.stmcufinder\plugins\mcufinder//mcu/cs/
2023-08-06 00:47:16,532 [INFO] RulesReader:64 - Compatibility file has been processed (293 Rules)
2023-08-06 00:47:16,603 [INFO] DbMcusXml:78 - Set database path to: C:\ST\STM32CubeIDE_1.11.2\STM32CubeIDE\plugins\com.st.stm32cube.common.mx_6.9.0.202307051724\\db\/mcu/
2023-08-06 00:47:16,603 [INFO] ApiDb:274 - Set plugin database path to: C:\ST\STM32CubeIDE_1.11.2\STM32CubeIDE\plugins\com.st.stm32cube.common.mx_6.9.0.202307051724\\db\/plugins/boardmanager/
2023-08-06 00:47:16,603 [INFO] ApiDb:261 - Set plugin images path to: C:\ST\STM32CubeIDE_1.11.2\STM32CubeIDE\plugins\com.st.stm32cube.common.mx_6.9.0.202307051724\\db\/plugins/mcufinder/images/
2023-08-06 00:47:16,604 [WARN] DbFile:41 - Overriding database path with different value: C:\Users\BurakKAYAALP\.stmcufinder\plugins\mcufinder/ => C:\Users\BurakKAYAALP\.stmcufinder\plugins\mcufinder
2023-08-06 00:47:16,604 [INFO] ApiDb:250 - Set database path to: C:\Users\BurakKAYAALP\.stmcufinder\plugins\mcufinder//mcu/
2023-08-06 00:47:16,604 [WARN] DbFile:41 - Overriding database path with different value: C:\Users\BurakKAYAALP\.stmcufinder\plugins\mcufinder/ => C:\Users\BurakKAYAALP\.stmcufinder\plugins\mcufinder
2023-08-06 00:47:16,604 [INFO] DbMcusAds:125 - Set database path to: C:\Users\BurakKAYAALP\.stmcufinder\plugins\mcufinder//mcu/
2023-08-06 00:47:16,604 [WARN] DbFile:41 - Overriding database path with different value: C:\Users\BurakKAYAALP\.stmcufinder\plugins\mcufinder/ => C:\Users\BurakKAYAALP\.stmcufinder\plugins\mcufinder
2023-08-06 00:47:16,604 [WARN] DbFile:41 - Overriding database path with different value: C:\Users\BurakKAYAALP\.stmcufinder\plugins\mcufinder/ => C:\Users\BurakKAYAALP\.stmcufinder\plugins\mcufinder
2023-08-06 00:47:16,604 [INFO] CrossReferenceDbSqlite:203 - Set database path to: C:\Users\BurakKAYAALP\.stmcufinder\plugins\mcufinder//mcu/cs/
2023-08-06 00:47:16,672 [INFO] MainPanel:262 - HeapMemory: 268435456
2023-08-06 00:47:16,738 [INFO] DbMcusXml:78 - Set database path to: C:\ST\STM32CubeIDE_1.11.2\STM32CubeIDE\plugins\com.st.stm32cube.common.mx_6.9.0.202307051724\\db\/mcu/
2023-08-06 00:47:16,738 [INFO] ApiDb:274 - Set plugin database path to: C:\ST\STM32CubeIDE_1.11.2\STM32CubeIDE\plugins\com.st.stm32cube.common.mx_6.9.0.202307051724\\db\/plugins/boardmanager/
2023-08-06 00:47:16,739 [INFO] ApiDb:261 - Set plugin images path to: C:\ST\STM32CubeIDE_1.11.2\STM32CubeIDE\plugins\com.st.stm32cube.common.mx_6.9.0.202307051724\\db\/plugins/mcufinder/images/
2023-08-06 00:47:16,739 [WARN] DbFile:41 - Overriding database path with different value: C:\Users\BurakKAYAALP\.stmcufinder\plugins\mcufinder/ => C:\Users\BurakKAYAALP\.stmcufinder\plugins\mcufinder
2023-08-06 00:47:16,739 [INFO] ApiDb:250 - Set database path to: C:\Users\BurakKAYAALP\.stmcufinder\plugins\mcufinder//mcu/
2023-08-06 00:47:16,739 [WARN] DbFile:41 - Overriding database path with different value: C:\Users\BurakKAYAALP\.stmcufinder\plugins\mcufinder/ => C:\Users\BurakKAYAALP\.stmcufinder\plugins\mcufinder
2023-08-06 00:47:16,739 [INFO] DbMcusAds:125 - Set database path to: C:\Users\BurakKAYAALP\.stmcufinder\plugins\mcufinder//mcu/
2023-08-06 00:47:16,739 [WARN] DbFile:41 - Overriding database path with different value: C:\Users\BurakKAYAALP\.stmcufinder\plugins\mcufinder/ => C:\Users\BurakKAYAALP\.stmcufinder\plugins\mcufinder
2023-08-06 00:47:16,739 [WARN] DbFile:41 - Overriding database path with different value: C:\Users\BurakKAYAALP\.stmcufinder\plugins\mcufinder/ => C:\Users\BurakKAYAALP\.stmcufinder\plugins\mcufinder
2023-08-06 00:47:16,739 [INFO] CrossReferenceDbSqlite:203 - Set database path to: C:\Users\BurakKAYAALP\.stmcufinder\plugins\mcufinder//mcu/cs/
2023-08-06 00:47:16,755 [INFO] ApplicationProperties:184 - Using Application install path: C:\ST\STM32CubeIDE_1.11.2\STM32CubeIDE\plugins\com.st.stm32cube.common.mx_6.9.0.202307051724
2023-08-06 00:47:16,756 [INFO] PluginManage:196 - Search for loadable plugins [exclusion list=, ]
2023-08-06 00:47:16,757 [INFO] PluginManage:310 - Check plugin analytics
2023-08-06 00:47:16,900 [INFO] AnalyticsPlugin:253 - Accepted Software Licenses: 
2023-08-06 00:47:16,901 [INFO] AnalyticsPlugin:255 - Accepted CMSIS Pack Licenses: STMicroelectronics.X-CUBE-MEMS1.9.6.0
2023-08-06 00:47:16,901 [INFO] AnalyticsPlugin:257 - Accepted Firmware Licenses: FW.F4.1.27.0,FW.G4.1.5.0,FW.F7.1.17.0,FW.WL.1.3.0
2023-08-06 00:47:16,903 [INFO] PluginManage:359 - Loaded plugin analytics (category:tool,tabindex:-1)
2023-08-06 00:47:16,903 [INFO] PluginManage:310 - Check plugin cadmodel
2023-08-06 00:47:16,906 [INFO] CADModel:105 - Init CAD model plugin
2023-08-06 00:47:16,907 [INFO] PluginManage:359 - Loaded plugin cadmodel (category:power,tabindex:5)
2023-08-06 00:47:16,907 [INFO] PluginManage:310 - Check plugin clock
2023-08-06 00:47:16,916 [INFO] PluginManage:359 - Loaded plugin clock (category:base,tabindex:2)
2023-08-06 00:47:16,916 [INFO] PluginManage:310 - Check plugin ddr
2023-08-06 00:47:16,917 [INFO] PluginManage:359 - Loaded plugin ddr (category:tool,tabindex:6)
2023-08-06 00:47:16,918 [INFO] PluginManage:310 - Check plugin filemanager
2023-08-06 00:47:17,032 [INFO] PluginManage:359 - Loaded plugin filemanager (category:base,tabindex:10)
2023-08-06 00:47:17,032 [INFO] PluginManage:310 - Check plugin ipmanager
2023-08-06 00:47:17,038 [INFO] PluginManage:359 - Loaded plugin ipmanager (category:base,tabindex:5)
2023-08-06 00:47:17,038 [INFO] PluginManage:310 - Check plugin lpbam
2023-08-06 00:47:17,045 [INFO] PluginManage:359 - Loaded plugin lpbam (category:base,tabindex:0)
2023-08-06 00:47:17,045 [INFO] PluginManage:310 - Check plugin memorymap
2023-08-06 00:47:17,055 [INFO] PluginManage:359 - Loaded plugin memorymap (category:base,tabindex:4)
2023-08-06 00:47:17,055 [INFO] PluginManage:310 - Check plugin pinoutandconfiguration
2023-08-06 00:47:17,060 [INFO] PluginManage:359 - Loaded plugin pinoutandconfiguration (category:base,tabindex:1)
2023-08-06 00:47:17,061 [INFO] PluginManage:310 - Check plugin pinoutconfig
2023-08-06 00:47:17,126 [WARN] SupportedApi:132 - Cannot load RTOS API schema: s4s-elt-must-match.1: The content of 'definitions' must match (annotation?, (simpleType | complexType)?, (unique | key | keyref)*)). A problem was found starting at: attribute.
2023-08-06 00:47:17,226 [INFO] PluginManage:359 - Loaded plugin pinoutconfig (category:base,tabindex:0)
2023-08-06 00:47:17,226 [INFO] PluginManage:310 - Check plugin power
2023-08-06 00:47:17,233 [INFO] PluginManage:359 - Loaded plugin power (category:power,tabindex:4)
2023-08-06 00:47:17,234 [INFO] PluginManage:310 - Check plugin projectmanager
2023-08-06 00:47:17,244 [INFO] PluginManage:359 - Loaded plugin projectmanager (category:projectmanager,tabindex:3)
2023-08-06 00:47:17,244 [INFO] PluginManage:310 - Check plugin thirdparty
2023-08-06 00:47:17,362 [INFO] PluginManage:359 - Loaded plugin thirdparty (category:base,tabindex:-1)
2023-08-06 00:47:17,362 [INFO] PluginManage:310 - Check plugin tools
2023-08-06 00:47:17,362 [WARN] IntegrityCheckThread:84 - waiting for thirdparty lock release [integrity check]
2023-08-06 00:47:17,362 [INFO] IntegrityCheckThread:86 - entering critical section [integrity check]
2023-08-06 00:47:17,363 [INFO] ThirdPartyUpdaterWithRetryManager:70 - Updater plugin not ready yet. [1/15]
2023-08-06 00:47:17,364 [INFO] PluginManage:359 - Loaded plugin tools (category:base,tabindex:7)
2023-08-06 00:47:17,364 [INFO] PluginManage:310 - Check plugin tutovideos
2023-08-06 00:47:17,508 [INFO] PluginManage:359 - Loaded plugin tutovideos (category:base,tabindex:-1)
2023-08-06 00:47:17,508 [INFO] PluginManage:310 - Check plugin updater
2023-08-06 00:47:17,517 [INFO] PluginManage:359 - Loaded plugin updater (category:base,tabindex:12)
2023-08-06 00:47:17,517 [INFO] PluginManage:310 - Check plugin userauth
2023-08-06 00:47:17,521 [INFO] UserAuth:113 - Init User Auth plugin
2023-08-06 00:47:17,521 [INFO] PluginManage:359 - Loaded plugin userauth (category:base,tabindex:14)
2023-08-06 00:47:17,521 [INFO] PluginManage:283 - PluginManage : Loaded plugins [17]
2023-08-06 00:47:17,715 [INFO] PinOutPanel:1499 - setPackage(No Configuration,No Configuration)
2023-08-06 00:47:17,823 [INFO] CADModel:165 - CPN selected for project level
2023-08-06 00:47:17,824 [INFO] CADModel:114 - Register for checkConnection events
2023-08-06 00:47:17,844 [INFO] IPUIPlugin:80 - create IPUIPlugin
2023-08-06 00:47:17,844 [INFO] PluginManager:220 - loadIPPluginJar : add adc
2023-08-06 00:47:17,847 [INFO] IPUIPlugin:80 - create IPUIPlugin
2023-08-06 00:47:17,847 [INFO] PluginManager:220 - loadIPPluginJar : add aes
2023-08-06 00:47:17,850 [INFO] IPUIPlugin:80 - create IPUIPlugin
2023-08-06 00:47:17,850 [INFO] PluginManager:220 - loadIPPluginJar : add can
2023-08-06 00:47:17,852 [INFO] IPUIPlugin:80 - create IPUIPlugin
2023-08-06 00:47:17,852 [INFO] PluginManager:220 - loadIPPluginJar : add comp
2023-08-06 00:47:17,855 [INFO] IPUIPlugin:80 - create IPUIPlugin
2023-08-06 00:47:17,855 [INFO] PluginManager:220 - loadIPPluginJar : add cryp
2023-08-06 00:47:17,857 [INFO] IPUIPlugin:80 - create IPUIPlugin
2023-08-06 00:47:17,858 [INFO] PluginManager:220 - loadIPPluginJar : add dfsdm
2023-08-06 00:47:17,869 [INFO] IPUIPlugin:80 - create IPUIPlugin
2023-08-06 00:47:17,869 [INFO] PluginManager:220 - loadIPPluginJar : add dma
2023-08-06 00:47:17,872 [INFO] IPUIPlugin:80 - create IPUIPlugin
2023-08-06 00:47:17,872 [INFO] PluginManager:220 - loadIPPluginJar : add dma3
2023-08-06 00:47:17,874 [INFO] IPUIPlugin:80 - create IPUIPlugin
2023-08-06 00:47:17,874 [INFO] PluginManager:220 - loadIPPluginJar : add fatfs
2023-08-06 00:47:17,879 [INFO] IPUIPlugin:80 - create IPUIPlugin
2023-08-06 00:47:17,879 [INFO] PluginManager:220 - loadIPPluginJar : add fmc
2023-08-06 00:47:17,884 [INFO] IPUIPlugin:80 - create IPUIPlugin
2023-08-06 00:47:17,884 [INFO] PluginManager:220 - loadIPPluginJar : add freertos
2023-08-06 00:47:17,886 [INFO] IPUIPlugin:80 - create IPUIPlugin
2023-08-06 00:47:17,886 [INFO] PluginManager:220 - loadIPPluginJar : add genericplugin
2023-08-06 00:47:17,888 [INFO] IPUIPlugin:80 - create IPUIPlugin
2023-08-06 00:47:17,889 [INFO] PluginManager:220 - loadIPPluginJar : add gfxmmu
2023-08-06 00:47:17,894 [INFO] IPUIPlugin:80 - create IPUIPlugin
2023-08-06 00:47:17,894 [INFO] PluginManager:220 - loadIPPluginJar : add gic
2023-08-06 00:47:17,898 [INFO] IPUIPlugin:80 - create IPUIPlugin
2023-08-06 00:47:17,898 [INFO] PluginManager:220 - loadIPPluginJar : add gpio
2023-08-06 00:47:17,900 [INFO] IPUIPlugin:80 - create IPUIPlugin
2023-08-06 00:47:17,900 [INFO] PluginManager:220 - loadIPPluginJar : add gtzc
2023-08-06 00:47:17,902 [INFO] IPUIPlugin:80 - create IPUIPlugin
2023-08-06 00:47:17,902 [INFO] PluginManager:220 - loadIPPluginJar : add hash
2023-08-06 00:47:17,903 [INFO] IPUIPlugin:80 - create IPUIPlugin
2023-08-06 00:47:17,904 [INFO] PluginManager:220 - loadIPPluginJar : add i2c
2023-08-06 00:47:17,905 [INFO] IPUIPlugin:80 - create IPUIPlugin
2023-08-06 00:47:17,905 [INFO] PluginManager:220 - loadIPPluginJar : add i2s
2023-08-06 00:47:17,907 [INFO] IPUIPlugin:80 - create IPUIPlugin
2023-08-06 00:47:17,907 [INFO] PluginManager:220 - loadIPPluginJar : add i3c
2023-08-06 00:47:17,917 [INFO] IPUIPlugin:80 - create IPUIPlugin
2023-08-06 00:47:17,918 [INFO] PluginManager:220 - loadIPPluginJar : add ipddr
2023-08-06 00:47:17,926 [INFO] IPUIPlugin:80 - create IPUIPlugin
2023-08-06 00:47:17,926 [INFO] PluginManager:220 - loadIPPluginJar : add linkedlist
2023-08-06 00:47:17,929 [INFO] IPUIPlugin:80 - create IPUIPlugin
2023-08-06 00:47:17,929 [INFO] PluginManager:220 - loadIPPluginJar : add lorawan
2023-08-06 00:47:17,931 [INFO] IPUIPlugin:80 - create IPUIPlugin
2023-08-06 00:47:17,931 [INFO] PluginManager:220 - loadIPPluginJar : add ltdc
2023-08-06 00:47:17,937 [INFO] IPUIPlugin:80 - create IPUIPlugin
2023-08-06 00:47:17,938 [INFO] PluginManager:220 - loadIPPluginJar : add mdma
2023-08-06 00:47:17,941 [INFO] IPUIPlugin:80 - create IPUIPlugin
2023-08-06 00:47:17,942 [INFO] PluginManager:220 - loadIPPluginJar : add nvic
2023-08-06 00:47:17,944 [INFO] IPUIPlugin:80 - create IPUIPlugin
2023-08-06 00:47:17,944 [INFO] PluginManager:220 - loadIPPluginJar : add opamp
2023-08-06 00:47:17,946 [INFO] IPUIPlugin:80 - create IPUIPlugin
2023-08-06 00:47:17,946 [INFO] PluginManager:220 - loadIPPluginJar : add openamp
2023-08-06 00:47:17,948 [INFO] IPUIPlugin:80 - create IPUIPlugin
2023-08-06 00:47:17,948 [INFO] PluginManager:220 - loadIPPluginJar : add pdm2pcm
2023-08-06 00:47:17,960 [INFO] IPUIPlugin:80 - create IPUIPlugin
2023-08-06 00:47:17,962 [INFO] PluginManager:220 - loadIPPluginJar : add plateformsettings
2023-08-06 00:47:17,963 [INFO] IPUIPlugin:80 - create IPUIPlugin
2023-08-06 00:47:17,963 [INFO] PluginManager:220 - loadIPPluginJar : add quadspi
2023-08-06 00:47:17,967 [INFO] IPUIPlugin:80 - create IPUIPlugin
2023-08-06 00:47:17,967 [INFO] PluginManager:220 - loadIPPluginJar : add resmgrutility
2023-08-06 00:47:17,969 [INFO] IPUIPlugin:80 - create IPUIPlugin
2023-08-06 00:47:17,970 [INFO] PluginManager:220 - loadIPPluginJar : add sai
2023-08-06 00:47:17,972 [INFO] IPUIPlugin:80 - create IPUIPlugin
2023-08-06 00:47:17,972 [INFO] PluginManager:220 - loadIPPluginJar : add spi
2023-08-06 00:47:17,976 [INFO] IPUIPlugin:80 - create IPUIPlugin
2023-08-06 00:47:17,976 [INFO] PluginManager:220 - loadIPPluginJar : add stm32_wpan
2023-08-06 00:47:17,978 [INFO] IPUIPlugin:80 - create IPUIPlugin
2023-08-06 00:47:17,978 [INFO] PluginManager:220 - loadIPPluginJar : add tim
2023-08-06 00:47:17,981 [INFO] IPUIPlugin:80 - create IPUIPlugin
2023-08-06 00:47:17,981 [INFO] PluginManager:220 - loadIPPluginJar : add touchsensing
2023-08-06 00:47:17,983 [INFO] IPUIPlugin:80 - create IPUIPlugin
2023-08-06 00:47:17,983 [INFO] PluginManager:220 - loadIPPluginJar : add tracer_emb
2023-08-06 00:47:17,985 [INFO] IPUIPlugin:80 - create IPUIPlugin
2023-08-06 00:47:17,985 [INFO] PluginManager:220 - loadIPPluginJar : add ts
2023-08-06 00:47:17,986 [INFO] IPUIPlugin:80 - create IPUIPlugin
2023-08-06 00:47:17,986 [INFO] PluginManager:220 - loadIPPluginJar : add tsc
2023-08-06 00:47:17,988 [INFO] IPUIPlugin:80 - create IPUIPlugin
2023-08-06 00:47:17,988 [INFO] PluginManager:220 - loadIPPluginJar : add ucpd
2023-08-06 00:47:17,990 [INFO] IPUIPlugin:80 - create IPUIPlugin
2023-08-06 00:47:17,990 [INFO] PluginManager:220 - loadIPPluginJar : add usart
2023-08-06 00:47:17,992 [INFO] IPUIPlugin:80 - create IPUIPlugin
2023-08-06 00:47:17,992 [INFO] PluginManager:220 - loadIPPluginJar : add usbx
2023-08-06 00:47:18,102 [INFO] CADModel:165 - CPN selected for project level
2023-08-06 00:47:18,102 [INFO] CADModel:114 - Register for checkConnection events
2023-08-06 00:47:18,102 [FATAL] Updater:308 - Updater called before beeing initialized
2023-08-06 00:47:18,102 [ERROR] CADModel:125 - Updater not yet initialized, retry later 
2023-08-06 00:47:18,212 [INFO] CADModel:165 - CPN selected for project level
2023-08-06 00:47:18,212 [INFO] CADModel:114 - Register for checkConnection events
2023-08-06 00:47:18,212 [FATAL] Updater:308 - Updater called before beeing initialized
2023-08-06 00:47:18,212 [ERROR] CADModel:125 - Updater not yet initialized, retry later 
2023-08-06 00:47:18,214 [FATAL] Updater:308 - Updater called before beeing initialized
2023-08-06 00:47:18,299 [FATAL] Updater:308 - Updater called before beeing initialized
2023-08-06 00:47:18,304 [INFO] DbMcusAds:53 - JSON generation date=Tue Mar 07 11:50:55 TRT 2023 (1678179055114)
2023-08-06 00:47:18,304 [FATAL] Updater:308 - Updater called before beeing initialized
2023-08-06 00:47:18,331 [WARN] DetailPanel:346 - Failed to get advertising image, set to default
2023-08-06 00:47:18,409 [FATAL] Updater:308 - Updater called before beeing initialized
2023-08-06 00:47:18,410 [FATAL] Updater:308 - Updater called before beeing initialized
2023-08-06 00:47:18,410 [FATAL] Updater:308 - Updater called before beeing initialized
2023-08-06 00:47:18,410 [WARN] DetailPanel:346 - Failed to get advertising image, set to default
2023-08-06 00:47:18,411 [FATAL] Updater:308 - Updater called before beeing initialized
2023-08-06 00:47:18,444 [ERROR] Updater:1120 - MainUpdater not yet initialized. External WinMGr cannot be set.
2023-08-06 00:47:18,446 [INFO] Updater:1056 - Updater Version found : 6.9.0
2023-08-06 00:47:18,459 [INFO] ApplicationProperties:184 - Using Application install path: C:\ST\STM32CubeIDE_1.11.2\STM32CubeIDE\plugins\com.st.stm32cube.common.mx_6.9.0.202307051724
2023-08-06 00:47:19,106 [INFO] MainUpdater:2868 - connection check result : 10
2023-08-06 00:47:19,106 [INFO] MainUpdater:285 - Updater Check For Update Now.
2023-08-06 00:47:19,106 [INFO] MicroXplorer:498 - Change Database Version : DB.6.0.90
2023-08-06 00:47:19,111 [INFO] McuFinderGlobals:63 - Set McuFinder mode to 2 (CubeIDE integrated)
2023-08-06 00:47:19,111 [INFO] UserAuth:179 - activating auth plugin
2023-08-06 00:47:19,113 [INFO] UserAuth:393 - Internet connection configuration mode: 1
2023-08-06 00:47:19,126 [INFO] JxBrowserEngine:151 - Initiate JxBrowser Engine with user profile folder
2023-08-06 00:47:19,266 [INFO] CheckServerUpdateThread:120 - End of CheckServer Thread
2023-08-06 00:47:19,688 [INFO] WebApp:157 - Instantiating new browser for Auth
2023-08-06 00:47:20,082 [INFO] WebApp:753 - Register for checkConnection events
2023-08-06 00:47:20,082 [INFO] WebApp:390 - Apply proxy settings
2023-08-06 00:47:20,082 [INFO] WebApp:475 - Chromium requires no authentication
2023-08-06 00:47:20,087 [INFO] WebApp:418 - Direct internet connection detected
2023-08-06 00:47:20,189 [INFO] WebApp:188 - Starting web application
2023-08-06 00:47:20,190 [INFO] WebApp:520 - Web application path used C:\ST\STM32CubeIDE_1.11.2\STM32CubeIDE\plugins\com.st.stm32cube.common.mx_6.9.0.202307051724\db\plugins\mcufinder\reactClient1\index.html
2023-08-06 00:47:20,537 [WARN] PackLoader:240 - Cannot read IP mode file for STMicroelectronics.X-CUBE-SMBUS.2.1.0
2023-08-06 00:47:20,571 [WARN] PackLoader:240 - Cannot read IP mode file for STMicroelectronics.X-CUBE-AZRTOS-F7.1.1.0
2023-08-06 00:47:20,581 [WARN] PackLoader:240 - Cannot read IP mode file for STMicroelectronics.FP-SNS-MOTENV1.4.3.2
2023-08-06 00:47:20,588 [WARN] PackLoader:240 - Cannot read IP mode file for STMicroelectronics.FP-SNS-FLIGHT1.5.0.1
2023-08-06 00:47:20,597 [WARN] PackLoader:240 - Cannot read IP mode file for STMicroelectronics.X-CUBE-BLE1.6.2.4
2023-08-06 00:47:20,605 [WARN] PackLoader:240 - Cannot read IP mode file for STMicroelectronics.X-CUBE-DISPLAY.3.0.0
2023-08-06 00:47:20,614 [WARN] PackLoader:240 - Cannot read IP mode file for STMicroelectronics.X-CUBE-TOUCHGFX.4.22.0
2023-08-06 00:47:20,624 [INFO] LogOutputStream:77 - [STDOUT_REDIRECT] 1 : Invalid condition id : UX_CORESTACK_Condition cause : null
2023-08-06 00:47:20,625 [INFO] LogOutputStream:77 - [STDOUT_REDIRECT] 1 : Invalid condition id : UX_CORESTACK_Condition cause : null
2023-08-06 00:47:20,626 [INFO] LogOutputStream:77 - [STDOUT_REDIRECT] 1 : Invalid condition id : UX_CORESTACK_Condition cause : null
2023-08-06 00:47:20,627 [INFO] LogOutputStream:77 - [STDOUT_REDIRECT] 1 : Invalid condition id : UX_CORESTACK_Condition cause : null
2023-08-06 00:47:20,628 [INFO] LogOutputStream:77 - [STDOUT_REDIRECT] 1 : Invalid condition id : UX_CORESTACK_Condition cause : null
2023-08-06 00:47:20,633 [WARN] PackLoader:240 - Cannot read IP mode file for STMicroelectronics.X-CUBE-AZRTOS-WL.2.0.0
2023-08-06 00:47:20,642 [WARN] PackLoader:240 - Cannot read IP mode file for WES.I-CUBE-Cesium.1.3.0
2023-08-06 00:47:20,647 [WARN] PackLoader:240 - Cannot read IP mode file for STMicroelectronics.X-CUBE-BLE2.3.3.0
2023-08-06 00:47:20,660 [WARN] PackLoader:240 - Cannot read IP mode file for STMicroelectronics.X-CUBE-TOF1.3.2.0
2023-08-06 00:47:20,669 [WARN] PackLoader:240 - Cannot read IP mode file for STMicroelectronics.X-CUBE-TOUCHGFX.4.21.1
2023-08-06 00:47:20,672 [WARN] PackLoader:240 - Cannot read IP mode file for STMicroelectronics.X-CUBE-TOUCHGFX.4.21.3
2023-08-06 00:47:20,678 [WARN] PackLoader:240 - Cannot read IP mode file for STMicroelectronics.X-CUBE-ALGOBUILD.1.3.0
2023-08-06 00:47:20,696 [WARN] PackLoader:240 - Cannot read IP mode file for STMicroelectronics.X-CUBE-AZRTOS-G0.1.1.0
2023-08-06 00:47:20,703 [WARN] PackLoader:240 - Cannot read IP mode file for STMicroelectronics.X-CUBE-NFC4.3.0.0
2023-08-06 00:47:20,708 [WARN] PackLoader:240 - Cannot read IP mode file for STMicroelectronics.X-CUBE-BLEMGR.1.3.0
2023-08-06 00:47:20,712 [WARN] PackLoader:240 - Cannot read IP mode file for STMicroelectronics.FP-ATR-SIGFOX1.3.2.0
2023-08-06 00:47:20,744 [WARN] PackLoader:240 - Cannot read IP mode file for STMicroelectronics.X-CUBE-MEMS1.9.5.0
2023-08-06 00:47:20,852 [WARN] PackLoader:240 - Cannot read IP mode file for SEGGER.I-CUBE-embOS.1.3.1
2023-08-06 00:47:20,879 [WARN] PackLoader:240 - Cannot read IP mode file for STMicroelectronics.X-CUBE-GNSS1.6.0.0
2023-08-06 00:47:20,890 [WARN] PackLoader:240 - Cannot read IP mode file for STMicroelectronics.X-CUBE-AZRTOS-F4.1.1.0
2023-08-06 00:47:20,916 [WARN] PackLoader:240 - Cannot read IP mode file for STMicroelectronics.X-CUBE-MEMS1.9.6.0
2023-08-06 00:47:21,133 [WARN] PackLoader:240 - Cannot read IP mode file for emotas.I-CUBE-CANOPEN.1.1.3
2023-08-06 00:47:21,137 [WARN] PackLoader:240 - Cannot read IP mode file for STMicroelectronics.X-CUBE-BLEMGR.2.0.0
2023-08-06 00:47:21,149 [WARN] ConditionMgr:438 - getConditionDescription Invalid condition id : UX DEVICE CLASS RTOS Condition cause : null
2023-08-06 00:47:21,149 [WARN] ConditionMgr:438 - getConditionDescription Invalid condition id : UX DEVICE CLASS RTOS Condition cause : null
2023-08-06 00:47:21,151 [WARN] PackLoader:240 - Cannot read IP mode file for STMicroelectronics.X-CUBE-AZRTOS-H7.3.1.0
2023-08-06 00:47:21,152 [WARN] ConditionMgr:1039 - genDependencies : Invalid condition id : UX DEVICE CLASS RTOS Condition cause : null
2023-08-06 00:47:21,152 [WARN] ConditionMgr:1039 - genDependencies : Invalid condition id : UX DEVICE CLASS RTOS Condition cause : null
2023-08-06 00:47:21,153 [WARN] ConditionMgr:1039 - genDependencies : Invalid condition id : UX DEVICE CLASS RTOS Condition cause : null
2023-08-06 00:47:21,153 [WARN] ConditionMgr:1039 - genDependencies : Invalid condition id : UX DEVICE CLASS RTOS Condition cause : null
2023-08-06 00:47:21,153 [WARN] ConditionMgr:1039 - genDependencies : Invalid condition id : UX DEVICE CLASS RTOS Condition cause : null
2023-08-06 00:47:21,158 [WARN] PackLoader:240 - Cannot read IP mode file for wolfSSL.I-CUBE-wolfSSL.5.5.4
2023-08-06 00:47:21,161 [WARN] PackLoader:240 - Cannot read IP mode file for STMicroelectronics.X-CUBE-NFC7.1.0.1
2023-08-06 00:47:21,164 [WARN] PackLoader:240 - Cannot read IP mode file for STMicroelectronics.X-CUBE-NFC7.1.0.0
2023-08-06 00:47:21,168 [WARN] PackLoader:240 - Cannot read IP mode file for STMicroelectronics.X-CUBE-EEPRMA1.4.1.0
2023-08-06 00:47:21,179 [WARN] ConditionMgr:438 - getConditionDescription Invalid condition id : LAN8742 Phy interface Condition cause : null
2023-08-06 00:47:21,179 [WARN] PackLoader:240 - Cannot read IP mode file for STMicroelectronics.X-CUBE-AZRTOS-L4.2.0.0
2023-08-06 00:47:21,180 [WARN] ConditionMgr:1039 - genDependencies : Invalid condition id : LAN8742 Phy interface Condition cause : null
2023-08-06 00:47:21,180 [WARN] ConditionMgr:1039 - genDependencies : Invalid condition id : LAN8742 Phy interface Condition cause : null
2023-08-06 00:47:21,180 [WARN] ConditionMgr:1039 - genDependencies : Invalid condition id : LAN8742 Phy interface Condition cause : null
2023-08-06 00:47:21,185 [WARN] PackLoader:240 - Cannot read IP mode file for STMicroelectronics.X-CUBE-SFXS2LP1.4.0.0
2023-08-06 00:47:21,196 [WARN] PackLoader:240 - Cannot read IP mode file for STMicroelectronics.X-CUBE-AZRTOS-H7.3.0.0
2023-08-06 00:47:21,201 [WARN] PackLoader:240 - Cannot read IP mode file for STMicroelectronics.X-CUBE-ISPU.1.1.0
2023-08-06 00:47:21,206 [WARN] PackLoader:240 - Cannot read IP mode file for RoweBots.I-CUBE-UNISONRTOS.5.5.0-4
2023-08-06 00:47:21,210 [WARN] PackLoader:240 - Cannot read IP mode file for STMicroelectronics.X-CUBE-AI.8.0.0
2023-08-06 00:47:21,213 [WARN] PackLoader:240 - Cannot read IP mode file for STMicroelectronics.X-CUBE-FREERTOS.1.0.0
2023-08-06 00:47:21,216 [WARN] PackLoader:240 - Cannot read IP mode file for STMicroelectronics.X-CUBE-FREERTOS.1.0.1
2023-08-06 00:47:21,229 [WARN] PackLoader:240 - Cannot read IP mode file for STMicroelectronics.X-CUBE-AZRTOS-L5.1.1.0
2023-08-06 00:47:21,233 [WARN] PackLoader:240 - Cannot read IP mode file for STMicroelectronics.X-CUBE-AI.8.0.1
2023-08-06 00:47:21,239 [WARN] PackLoader:240 - Cannot read IP mode file for STMicroelectronics.X-CUBE-SUBG2.5.0.0
2023-08-06 00:47:21,246 [WARN] PackLoader:240 - Cannot read IP mode file for STMicroelectronics.X-CUBE-TOF1.3.3.1
2023-08-06 00:47:21,261 [WARN] PackLoader:240 - Cannot read IP mode file for STMicroelectronics.X-CUBE-AZRTOS-G4.2.0.0
2023-08-06 00:47:21,268 [WARN] PackLoader:240 - Cannot read IP mode file for STMicroelectronics.X-CUBE-TOF1.3.3.0
2023-08-06 00:47:21,275 [WARN] PackLoader:240 - Cannot read IP mode file for STMicroelectronics.FP-ATR-ASTRA1.1.1.1
2023-08-06 00:47:21,283 [WARN] PackLoader:240 - Cannot read IP mode file for STMicroelectronics.X-CUBE-AZRTOS-G4.1.0.0
2023-08-06 00:47:21,292 [WARN] PackLoader:240 - Cannot read IP mode file for STMicroelectronics.X-CUBE-AZRTOS-L4.1.0.0
2023-08-06 00:47:21,300 [WARN] PackLoader:240 - Cannot read IP mode file for STMicroelectronics.X-CUBE-AZRTOS-WL.1.0.0
2023-08-06 00:47:21,304 [WARN] PackLoader:240 - Cannot read IP mode file for portGmbH.I-Cube-SoM-uGOAL.1.1.0
2023-08-06 00:47:21,306 [WARN] PackLoader:240 - Cannot read IP mode file for STMicroelectronics.X-CUBE-ALS.1.0.1
2023-08-06 00:47:21,315 [WARN] PackLoader:240 - Cannot read IP mode file for STMicroelectronics.X-CUBE-AZRTOS-WB.1.1.0
2023-08-06 00:47:21,318 [WARN] PackLoader:240 - Cannot read IP mode file for STMicroelectronics.FP-ATR-ASTRA1.2.0.0
2023-08-06 00:47:21,319 [INFO] ThirdParty:978 - Integrity check success = true
2023-08-06 00:47:21,319 [INFO] IntegrityCheckThread:100 - exiting critical section [integrity check]
2023-08-06 00:47:21,319 [INFO] IntegrityCheckThread:103 - End integrity checks thread
2023-08-06 00:47:35,190 [ERROR] LogOutputStream:75 - [STDERR_REDIRECT] 
